#
# There is insufficient memory for the Java Runtime Environment to continue.
# Native memory allocation (malloc) failed to allocate 152896 bytes for Chunk::new
# Possible reasons:
#   The system is out of physical RAM or swap space
#   The process is running with CompressedOops enabled, and the Java Heap may be blocking the growth of the native heap
# Possible solutions:
#   Reduce memory load on the system
#   Increase physical memory or swap space
#   Check if swap backing store is full
#   Decrease Java heap size (-Xmx/-Xms)
#   Decrease number of Java threads
#   Decrease Java thread stack sizes (-Xss)
#   Set larger code cache with -XX:ReservedCodeCacheSize=
#   JVM is running with Unscaled Compressed Oops mode in which the Java heap is
#     placed in the first 4GB address space. The Java Heap base address is the
#     maximum limit for the native heap growth. Please use -XX:HeapBaseMinAddress
#     to set the Java Heap base and to place the Java Heap above 4GB virtual address.
# This output file may be truncated or incomplete.
#
#  Out of Memory Error (arena.cpp:191), pid=14828, tid=26592
#
# JRE version: OpenJDK Runtime Environment (17.0.9) (build 17.0.9+0--11185874)
# Java VM: OpenJDK 64-Bit Server VM (17.0.9+0--11185874, mixed mode, tiered, compressed oops, compressed class ptrs, g1 gc, windows-amd64)
# No core dump will be written. Minidumps are not enabled by default on client versions of Windows
#

---------------  S U M M A R Y ------------

Command Line: --add-opens=java.base/java.util=ALL-UNNAMED --add-opens=java.base/java.lang=ALL-UNNAMED --add-opens=java.base/java.lang.invoke=ALL-UNNAMED --add-opens=java.prefs/java.util.prefs=ALL-UNNAMED --add-opens=java.base/java.nio.charset=ALL-UNNAMED --add-opens=java.base/java.net=ALL-UNNAMED --add-opens=java.base/java.util.concurrent.atomic=ALL-UNNAMED -Xmx2048m -Dfile.encoding=UTF-8 -Duser.country=ID -Duser.language=en -Duser.variant -javaagent:C:\Users\lenovo\.gradle\wrapper\dists\gradle-8.4-bin\1w5dpkrfk8irigvoxmyhowfim\gradle-8.4\lib\agents\gradle-instrumentation-agent-8.4.jar org.gradle.launcher.daemon.bootstrap.GradleDaemon 8.4

Host: Intel(R) Core(TM) i7-8565U CPU @ 1.80GHz, 8 cores, 15G,  Windows 11 , 64 bit Build 22621 (10.0.22621.3958)
Time: Fri Jan 10 15:41:34 2025 SE Asia Standard Time elapsed time: 10.771156 seconds (0d 0h 0m 10s)

---------------  T H R E A D  ---------------

Current thread (0x000001924a75fe50):  JavaThread "C2 CompilerThread2" daemon [_thread_in_native, id=26592, stack(0x0000000804a00000,0x0000000804b00000)]


Current CompileTask:
C2:  10771 6480       4       sun.nio.fs.WindowsPathParser::normalize (138 bytes)

Stack: [0x0000000804a00000,0x0000000804b00000]
Native frames: (J=compiled Java code, j=interpreted, Vv=VM code, C=native code)
V  [jvm.dll+0x6886e9]
V  [jvm.dll+0x841e4a]
V  [jvm.dll+0x843a8e]
V  [jvm.dll+0x8440f3]
V  [jvm.dll+0x24c14f]
V  [jvm.dll+0xac44c]
V  [jvm.dll+0xaca9c]
V  [jvm.dll+0x2b376f]
V  [jvm.dll+0x590767]
V  [jvm.dll+0x226762]
V  [jvm.dll+0x21f95e]
V  [jvm.dll+0x21d0c1]
V  [jvm.dll+0x1a674d]
V  [jvm.dll+0x22d088]
V  [jvm.dll+0x22b1c0]
V  [jvm.dll+0x7f62f7]
V  [jvm.dll+0x7f06aa]
V  [jvm.dll+0x687565]
C  [ucrtbase.dll+0x29333]
C  [KERNEL32.DLL+0x1257d]
C  [ntdll.dll+0x5af08]


---------------  P R O C E S S  ---------------

Threads class SMR info:
_java_thread_list=0x000001924ad22f10, length=51, elements={
0x000001922838edf0, 0x0000019242399570, 0x000001924239a3f0, 0x00000192423df290,
0x00000192423e0110, 0x00000192423e4050, 0x00000192423e6a20, 0x00000192423f2c20,
0x00000192423f36d0, 0x00000192423f40d0, 0x0000019242521020, 0x0000019242699020,
0x000001924736c6f0, 0x0000019247369e70, 0x000001924736a890, 0x0000019247369450,
0x000001924736bcd0, 0x000001924736cc00, 0x000001924736ada0, 0x0000019247369960,
0x000001924736b2b0, 0x000001924736b7c0, 0x000001924736c1e0, 0x0000019248fa2870,
0x0000019248fa50f0, 0x0000019248fa1940, 0x0000019248fa6020, 0x0000019248fa0500,
0x0000019248f9fff0, 0x0000019248fa2360, 0x0000019248f9fae0, 0x0000019248fa0a10,
0x0000019248fa6a40, 0x0000019248c323e0, 0x0000019248fa6f50, 0x0000019248fa41c0,
0x0000019248fa0f20, 0x0000019248fa7460, 0x0000019248fa5600, 0x0000019248fa1e50,
0x0000019248fa5b10, 0x0000019248fa3290, 0x0000019248fa6530, 0x0000019248fa46d0,
0x0000019248fa4be0, 0x000001924b08b070, 0x000001924b08a650, 0x000001924b089c30,
0x000001924b08b580, 0x000001924b08a140, 0x000001924a75fe50
}

Java Threads: ( => current thread )
  0x000001922838edf0 JavaThread "main" [_thread_blocked, id=24404, stack(0x0000000800800000,0x0000000800900000)]
  0x0000019242399570 JavaThread "Reference Handler" daemon [_thread_blocked, id=15356, stack(0x0000000800f00000,0x0000000801000000)]
  0x000001924239a3f0 JavaThread "Finalizer" daemon [_thread_blocked, id=6940, stack(0x0000000801000000,0x0000000801100000)]
  0x00000192423df290 JavaThread "Signal Dispatcher" daemon [_thread_blocked, id=13252, stack(0x0000000801100000,0x0000000801200000)]
  0x00000192423e0110 JavaThread "Attach Listener" daemon [_thread_blocked, id=21548, stack(0x0000000801200000,0x0000000801300000)]
  0x00000192423e4050 JavaThread "Service Thread" daemon [_thread_blocked, id=6220, stack(0x0000000801300000,0x0000000801400000)]
  0x00000192423e6a20 JavaThread "Monitor Deflation Thread" daemon [_thread_blocked, id=14384, stack(0x0000000801400000,0x0000000801500000)]
  0x00000192423f2c20 JavaThread "C2 CompilerThread0" daemon [_thread_in_native, id=24276, stack(0x0000000801500000,0x0000000801600000)]
  0x00000192423f36d0 JavaThread "C1 CompilerThread0" daemon [_thread_blocked, id=32556, stack(0x0000000801600000,0x0000000801700000)]
  0x00000192423f40d0 JavaThread "Sweeper thread" daemon [_thread_blocked, id=25104, stack(0x0000000801700000,0x0000000801800000)]
  0x0000019242521020 JavaThread "Common-Cleaner" daemon [_thread_blocked, id=28004, stack(0x0000000801800000,0x0000000801900000)]
  0x0000019242699020 JavaThread "Notification Thread" daemon [_thread_blocked, id=1436, stack(0x0000000801900000,0x0000000801a00000)]
  0x000001924736c6f0 JavaThread "Daemon health stats" [_thread_blocked, id=21104, stack(0x0000000802200000,0x0000000802300000)]
  0x0000019247369e70 JavaThread "Incoming local TCP Connector on port 28244" [_thread_in_native, id=22160, stack(0x0000000802100000,0x0000000802200000)]
  0x000001924736a890 JavaThread "Daemon periodic checks" [_thread_blocked, id=3224, stack(0x0000000802300000,0x0000000802400000)]
  0x0000019247369450 JavaThread "Daemon" [_thread_blocked, id=37620, stack(0x0000000802400000,0x0000000802500000)]
  0x000001924736bcd0 JavaThread "Handler for socket connection from /127.0.0.1:28244 to /127.0.0.1:28245" [_thread_in_native, id=15736, stack(0x0000000802500000,0x0000000802600000)]
  0x000001924736cc00 JavaThread "Cancel handler" [_thread_blocked, id=11412, stack(0x0000000802600000,0x0000000802700000)]
  0x000001924736ada0 JavaThread "Daemon worker" [_thread_in_Java, id=30716, stack(0x0000000802700000,0x0000000802800000)]
  0x0000019247369960 JavaThread "Asynchronous log dispatcher for DefaultDaemonConnection: socket connection from /127.0.0.1:28244 to /127.0.0.1:28245" [_thread_blocked, id=7076, stack(0x0000000802800000,0x0000000802900000)]
  0x000001924736b2b0 JavaThread "Stdin handler" [_thread_blocked, id=39524, stack(0x0000000802900000,0x0000000802a00000)]
  0x000001924736b7c0 JavaThread "Daemon client event forwarder" [_thread_blocked, id=39840, stack(0x0000000802a00000,0x0000000802b00000)]
  0x000001924736c1e0 JavaThread "Cache worker for journal cache (C:\Users\lenovo\.gradle\caches\journal-1)" [_thread_blocked, id=30476, stack(0x0000000802e00000,0x0000000802f00000)]
  0x0000019248fa2870 JavaThread "File lock request listener" [_thread_in_native, id=26584, stack(0x0000000802f00000,0x0000000803000000)]
  0x0000019248fa50f0 JavaThread "Cache worker for file hash cache (C:\Users\lenovo\.gradle\caches\8.4\fileHashes)" [_thread_in_Java, id=35268, stack(0x0000000803000000,0x0000000803100000)]
  0x0000019248fa1940 JavaThread "File watcher server" daemon [_thread_in_native, id=30776, stack(0x0000000803200000,0x0000000803300000)]
  0x0000019248fa6020 JavaThread "File watcher consumer" daemon [_thread_blocked, id=29524, stack(0x0000000803300000,0x0000000803400000)]
  0x0000019248fa0500 JavaThread "Cache worker for checksums cache (C:\Users\lenovo\StudioProjects\FireBase\.gradle\8.4\checksums)" [_thread_blocked, id=14144, stack(0x0000000801b00000,0x0000000801c00000)]
  0x0000019248f9fff0 JavaThread "Cache worker for file hash cache (C:\Users\lenovo\StudioProjects\FireBase\.gradle\8.4\fileHashes)" [_thread_blocked, id=30640, stack(0x0000000803100000,0x0000000803200000)]
  0x0000019248fa2360 JavaThread "Cache worker for cache directory md-supplier (C:\Users\lenovo\.gradle\caches\8.4\md-supplier)" [_thread_blocked, id=40124, stack(0x0000000803400000,0x0000000803500000)]
  0x0000019248f9fae0 JavaThread "Cache worker for file content cache (C:\Users\lenovo\.gradle\caches\8.4\fileContent)" [_thread_blocked, id=38576, stack(0x0000000803500000,0x0000000803600000)]
  0x0000019248fa0a10 JavaThread "Cache worker for cache directory md-rule (C:\Users\lenovo\.gradle\caches\8.4\md-rule)" [_thread_blocked, id=9660, stack(0x0000000803600000,0x0000000803700000)]
  0x0000019248fa6a40 JavaThread "Cache worker for execution history cache (C:\Users\lenovo\.gradle\caches\8.4\executionHistory)" [_thread_blocked, id=18868, stack(0x0000000803700000,0x0000000803800000)]
  0x0000019248c323e0 JavaThread "C2 CompilerThread1" daemon [_thread_in_native, id=11424, stack(0x0000000803800000,0x0000000803900000)]
  0x0000019248fa6f50 JavaThread "Cache worker for kotlin-dsl (C:\Users\lenovo\.gradle\caches\8.4\kotlin-dsl)" [_thread_blocked, id=540, stack(0x0000000803a00000,0x0000000803b00000)]
  0x0000019248fa41c0 JavaThread "jar transforms" [_thread_blocked, id=28584, stack(0x0000000803b00000,0x0000000803c00000)]
  0x0000019248fa0f20 JavaThread "jar transforms Thread 2" [_thread_blocked, id=28128, stack(0x0000000803c00000,0x0000000803d00000)]
  0x0000019248fa7460 JavaThread "jar transforms Thread 3" [_thread_blocked, id=25556, stack(0x0000000803d00000,0x0000000803e00000)]
  0x0000019248fa5600 JavaThread "jar transforms Thread 4" [_thread_blocked, id=27852, stack(0x0000000803e00000,0x0000000803f00000)]
  0x0000019248fa1e50 JavaThread "Cache worker for dependencies-accessors (C:\Users\lenovo\StudioProjects\FireBase\.gradle\8.4\dependencies-accessors)" [_thread_blocked, id=31492, stack(0x0000000803f00000,0x0000000804000000)]
  0x0000019248fa5b10 JavaThread "Cache worker for Build Output Cleanup Cache (C:\Users\lenovo\StudioProjects\FireBase\.gradle\buildOutputCleanup)" [_thread_blocked, id=23480, stack(0x0000000804000000,0x0000000804100000)]
  0x0000019248fa3290 JavaThread "jar transforms Thread 5" [_thread_blocked, id=32708, stack(0x0000000804100000,0x0000000804200000)]
  0x0000019248fa6530 JavaThread "jar transforms Thread 6" [_thread_blocked, id=24780, stack(0x0000000804200000,0x0000000804300000)]
  0x0000019248fa46d0 JavaThread "Unconstrained build operations" [_thread_blocked, id=6544, stack(0x0000000803900000,0x0000000803a00000)]
  0x0000019248fa4be0 JavaThread "Unconstrained build operations Thread 2" [_thread_blocked, id=7188, stack(0x0000000804400000,0x0000000804500000)]
  0x000001924b08b070 JavaThread "Unconstrained build operations Thread 3" [_thread_blocked, id=18932, stack(0x0000000804500000,0x0000000804600000)]
  0x000001924b08a650 JavaThread "Unconstrained build operations Thread 4" [_thread_blocked, id=30020, stack(0x0000000804600000,0x0000000804700000)]
  0x000001924b089c30 JavaThread "Unconstrained build operations Thread 5" [_thread_blocked, id=5240, stack(0x0000000804700000,0x0000000804800000)]
  0x000001924b08b580 JavaThread "Unconstrained build operations Thread 6" [_thread_blocked, id=32588, stack(0x0000000804800000,0x0000000804900000)]
  0x000001924b08a140 JavaThread "Unconstrained build operations Thread 7" [_thread_blocked, id=32104, stack(0x0000000804900000,0x0000000804a00000)]
=>0x000001924a75fe50 JavaThread "C2 CompilerThread2" daemon [_thread_in_native, id=26592, stack(0x0000000804a00000,0x0000000804b00000)]

Other Threads:
  0x0000019242399040 VMThread "VM Thread" [stack: 0x0000000800e00000,0x0000000800f00000] [id=17088]
  0x000001922838fc70 WatcherThread [stack: 0x0000000801a00000,0x0000000801b00000] [id=28344]
  0x00000192283eaa60 GCTaskThread "GC Thread#0" [stack: 0x0000000800900000,0x0000000800a00000] [id=32100]
  0x000001924784e030 GCTaskThread "GC Thread#1" [stack: 0x0000000801c00000,0x0000000801d00000] [id=6596]
  0x000001924784e2f0 GCTaskThread "GC Thread#2" [stack: 0x0000000801d00000,0x0000000801e00000] [id=3456]
  0x000001924784e5b0 GCTaskThread "GC Thread#3" [stack: 0x0000000801e00000,0x0000000801f00000] [id=15712]
  0x0000019247976380 GCTaskThread "GC Thread#4" [stack: 0x0000000801f00000,0x0000000802000000] [id=34556]
  0x000001924781d880 GCTaskThread "GC Thread#5" [stack: 0x0000000802000000,0x0000000802100000] [id=17624]
  0x0000019249dd1840 GCTaskThread "GC Thread#6" [stack: 0x0000000802b00000,0x0000000802c00000] [id=41980]
  0x000001924917df80 GCTaskThread "GC Thread#7" [stack: 0x0000000802c00000,0x0000000802d00000] [id=13004]
  0x00000192283fb9b0 ConcurrentGCThread "G1 Main Marker" [stack: 0x0000000800a00000,0x0000000800b00000] [id=8252]
  0x00000192283fc3d0 ConcurrentGCThread "G1 Conc#0" [stack: 0x0000000800b00000,0x0000000800c00000] [id=18304]
  0x0000019248cd7070 ConcurrentGCThread "G1 Conc#1" [stack: 0x0000000802d00000,0x0000000802e00000] [id=8688]
  0x00000192420cce20 ConcurrentGCThread "G1 Refine#0" [stack: 0x0000000800c00000,0x0000000800d00000] [id=37776]
  0x00000192420cd760 ConcurrentGCThread "G1 Service" [stack: 0x0000000800d00000,0x0000000800e00000] [id=9932]

Threads with active compile tasks:
C2 CompilerThread0    10807 6349       4       java.lang.invoke.MethodType::makeImpl (109 bytes)
C1 CompilerThread0    10807 6557       3       org.gradle.internal.snapshot.ChildMap$Entry::handlePath (135 bytes)
C2 CompilerThread1    10807 6352       4       java.lang.invoke.MemberName::getMethodOrFieldType (72 bytes)
C2 CompilerThread2    10807 6480       4       sun.nio.fs.WindowsPathParser::normalize (138 bytes)

VM state: not at safepoint (normal execution)

VM Mutex/Monitor currently owned by a thread: None

Heap address: 0x0000000080000000, size: 2048 MB, Compressed Oops mode: 32-bit

CDS archive(s) not mapped
Compressed class space mapped at: 0x0000000100000000-0x0000000140000000, reserved size: 1073741824
Narrow klass base: 0x0000000000000000, Narrow klass shift: 3, Narrow klass range: 0x140000000

GC Precious Log:
 CPUs: 8 total, 8 available
 Memory: 16163M
 Large Page Support: Disabled
 NUMA Support: Disabled
 Compressed Oops: Enabled (32-bit)
 Heap Region Size: 1M
 Heap Min Capacity: 8M
 Heap Initial Capacity: 254M
 Heap Max Capacity: 2G
 Pre-touch: Disabled
 Parallel Workers: 8
 Concurrent Workers: 2
 Concurrent Refinement Workers: 8
 Periodic GC: Disabled

Heap:
 garbage-first heap   total 133120K, used 64813K [0x0000000080000000, 0x0000000100000000)
  region size 1024K, 35 young (35840K), 7 survivors (7168K)
 Metaspace       used 62708K, committed 63232K, reserved 1114112K
  class space    used 8527K, committed 8768K, reserved 1048576K

Heap Regions: E=young(eden), S=young(survivor), O=old, HS=humongous(starts), HC=humongous(continues), CS=collection set, F=free, OA=open archive, CA=closed archive, TAMS=top-at-mark-start (previous, next)
|   0|0x0000000080000000, 0x0000000080100000, 0x0000000080100000|100%|HS|  |TAMS 0x0000000080100000, 0x0000000080000000| Complete 
|   1|0x0000000080100000, 0x0000000080200000, 0x0000000080200000|100%|HC|  |TAMS 0x0000000080200000, 0x0000000080100000| Complete 
|   2|0x0000000080200000, 0x0000000080300000, 0x0000000080300000|100%|HC|  |TAMS 0x0000000080300000, 0x0000000080200000| Complete 
|   3|0x0000000080300000, 0x0000000080400000, 0x0000000080400000|100%|HC|  |TAMS 0x0000000080400000, 0x0000000080300000| Complete 
|   4|0x0000000080400000, 0x0000000080500000, 0x0000000080500000|100%| O|  |TAMS 0x0000000080500000, 0x0000000080400000| Untracked 
|   5|0x0000000080500000, 0x0000000080600000, 0x0000000080600000|100%| O|  |TAMS 0x0000000080600000, 0x0000000080500000| Untracked 
|   6|0x0000000080600000, 0x0000000080700000, 0x0000000080700000|100%| O|  |TAMS 0x0000000080700000, 0x0000000080600000| Untracked 
|   7|0x0000000080700000, 0x0000000080800000, 0x0000000080800000|100%| O|  |TAMS 0x0000000080800000, 0x0000000080700000| Untracked 
|   8|0x0000000080800000, 0x0000000080900000, 0x0000000080900000|100%| O|  |TAMS 0x0000000080900000, 0x0000000080800000| Untracked 
|   9|0x0000000080900000, 0x0000000080a00000, 0x0000000080a00000|100%| O|  |TAMS 0x0000000080a00000, 0x0000000080900000| Untracked 
|  10|0x0000000080a00000, 0x0000000080b00000, 0x0000000080b00000|100%| O|  |TAMS 0x0000000080b00000, 0x0000000080a00000| Untracked 
|  11|0x0000000080b00000, 0x0000000080c00000, 0x0000000080c00000|100%| O|  |TAMS 0x0000000080c00000, 0x0000000080b00000| Untracked 
|  12|0x0000000080c00000, 0x0000000080d00000, 0x0000000080d00000|100%| O|  |TAMS 0x0000000080d00000, 0x0000000080c00000| Untracked 
|  13|0x0000000080d00000, 0x0000000080e00000, 0x0000000080e00000|100%| O|  |TAMS 0x0000000080e00000, 0x0000000080d00000| Untracked 
|  14|0x0000000080e00000, 0x0000000080f00000, 0x0000000080f00000|100%| O|  |TAMS 0x0000000080f00000, 0x0000000080e00000| Untracked 
|  15|0x0000000080f00000, 0x0000000081000000, 0x0000000081000000|100%| O|  |TAMS 0x0000000081000000, 0x0000000080f00000| Untracked 
|  16|0x0000000081000000, 0x0000000081100000, 0x0000000081100000|100%| O|  |TAMS 0x0000000081100000, 0x0000000081000000| Untracked 
|  17|0x0000000081100000, 0x0000000081200000, 0x0000000081200000|100%| O|  |TAMS 0x0000000081200000, 0x0000000081100000| Untracked 
|  18|0x0000000081200000, 0x0000000081300000, 0x0000000081300000|100%| O|  |TAMS 0x0000000081300000, 0x0000000081200000| Untracked 
|  19|0x0000000081300000, 0x0000000081400000, 0x0000000081400000|100%| O|  |TAMS 0x0000000081400000, 0x0000000081300000| Untracked 
|  20|0x0000000081400000, 0x0000000081500000, 0x0000000081500000|100%| O|  |TAMS 0x0000000081500000, 0x0000000081400000| Untracked 
|  21|0x0000000081500000, 0x0000000081600000, 0x0000000081600000|100%| O|  |TAMS 0x0000000081600000, 0x0000000081500000| Untracked 
|  22|0x0000000081600000, 0x0000000081700000, 0x0000000081700000|100%| O|  |TAMS 0x0000000081700000, 0x0000000081600000| Untracked 
|  23|0x0000000081700000, 0x0000000081800000, 0x0000000081800000|100%| O|  |TAMS 0x0000000081800000, 0x0000000081700000| Untracked 
|  24|0x0000000081800000, 0x0000000081900000, 0x0000000081900000|100%| O|  |TAMS 0x0000000081900000, 0x0000000081800000| Untracked 
|  25|0x0000000081900000, 0x0000000081a00000, 0x0000000081a00000|100%| O|  |TAMS 0x0000000081a00000, 0x0000000081900000| Untracked 
|  26|0x0000000081a00000, 0x0000000081b00000, 0x0000000081b00000|100%| O|  |TAMS 0x0000000081ae7400, 0x0000000081a00000| Untracked 
|  27|0x0000000081b00000, 0x0000000081c00000, 0x0000000081c00000|100%| O|  |TAMS 0x0000000081b00000, 0x0000000081b00000| Untracked 
|  28|0x0000000081c00000, 0x0000000081d00000, 0x0000000081d00000|100%| O|  |TAMS 0x0000000081c00000, 0x0000000081c00000| Untracked 
|  29|0x0000000081d00000, 0x0000000081e00000, 0x0000000081e00000|100%| O|  |TAMS 0x0000000081d00000, 0x0000000081d00000| Untracked 
|  30|0x0000000081e00000, 0x0000000081e07c00, 0x0000000081f00000|  3%| O|  |TAMS 0x0000000081e00000, 0x0000000081e00000| Untracked 
|  31|0x0000000081f00000, 0x0000000081f00000, 0x0000000082000000|  0%| F|  |TAMS 0x0000000081f00000, 0x0000000081f00000| Untracked 
|  32|0x0000000082000000, 0x0000000082000000, 0x0000000082100000|  0%| F|  |TAMS 0x0000000082000000, 0x0000000082000000| Untracked 
|  33|0x0000000082100000, 0x0000000082100000, 0x0000000082200000|  0%| F|  |TAMS 0x0000000082100000, 0x0000000082100000| Untracked 
|  34|0x0000000082200000, 0x0000000082200000, 0x0000000082300000|  0%| F|  |TAMS 0x0000000082200000, 0x0000000082200000| Untracked 
|  35|0x0000000082300000, 0x0000000082300000, 0x0000000082400000|  0%| F|  |TAMS 0x0000000082300000, 0x0000000082300000| Untracked 
|  36|0x0000000082400000, 0x0000000082400000, 0x0000000082500000|  0%| F|  |TAMS 0x0000000082400000, 0x0000000082400000| Untracked 
|  37|0x0000000082500000, 0x0000000082500000, 0x0000000082600000|  0%| F|  |TAMS 0x0000000082500000, 0x0000000082500000| Untracked 
|  38|0x0000000082600000, 0x0000000082600000, 0x0000000082700000|  0%| F|  |TAMS 0x0000000082600000, 0x0000000082600000| Untracked 
|  39|0x0000000082700000, 0x0000000082700000, 0x0000000082800000|  0%| F|  |TAMS 0x0000000082700000, 0x0000000082700000| Untracked 
|  40|0x0000000082800000, 0x0000000082800000, 0x0000000082900000|  0%| F|  |TAMS 0x0000000082800000, 0x0000000082800000| Untracked 
|  41|0x0000000082900000, 0x0000000082900000, 0x0000000082a00000|  0%| F|  |TAMS 0x0000000082900000, 0x0000000082900000| Untracked 
|  42|0x0000000082a00000, 0x0000000082a00000, 0x0000000082b00000|  0%| F|  |TAMS 0x0000000082a00000, 0x0000000082a00000| Untracked 
|  43|0x0000000082b00000, 0x0000000082b00000, 0x0000000082c00000|  0%| F|  |TAMS 0x0000000082b00000, 0x0000000082b00000| Untracked 
|  44|0x0000000082c00000, 0x0000000082c00000, 0x0000000082d00000|  0%| F|  |TAMS 0x0000000082c00000, 0x0000000082c00000| Untracked 
|  45|0x0000000082d00000, 0x0000000082d00000, 0x0000000082e00000|  0%| F|  |TAMS 0x0000000082d00000, 0x0000000082d00000| Untracked 
|  46|0x0000000082e00000, 0x0000000082e00000, 0x0000000082f00000|  0%| F|  |TAMS 0x0000000082e00000, 0x0000000082e00000| Untracked 
|  47|0x0000000082f00000, 0x0000000082f00000, 0x0000000083000000|  0%| F|  |TAMS 0x0000000082f00000, 0x0000000082f00000| Untracked 
|  48|0x0000000083000000, 0x0000000083000000, 0x0000000083100000|  0%| F|  |TAMS 0x0000000083000000, 0x0000000083000000| Untracked 
|  49|0x0000000083100000, 0x0000000083100000, 0x0000000083200000|  0%| F|  |TAMS 0x0000000083100000, 0x0000000083100000| Untracked 
|  50|0x0000000083200000, 0x0000000083200000, 0x0000000083300000|  0%| F|  |TAMS 0x0000000083200000, 0x0000000083200000| Untracked 
|  51|0x0000000083300000, 0x0000000083300000, 0x0000000083400000|  0%| F|  |TAMS 0x0000000083300000, 0x0000000083300000| Untracked 
|  52|0x0000000083400000, 0x0000000083400000, 0x0000000083500000|  0%| F|  |TAMS 0x0000000083400000, 0x0000000083400000| Untracked 
|  53|0x0000000083500000, 0x0000000083500000, 0x0000000083600000|  0%| F|  |TAMS 0x0000000083500000, 0x0000000083500000| Untracked 
|  54|0x0000000083600000, 0x0000000083600000, 0x0000000083700000|  0%| F|  |TAMS 0x0000000083600000, 0x0000000083600000| Untracked 
|  55|0x0000000083700000, 0x0000000083700000, 0x0000000083800000|  0%| F|  |TAMS 0x0000000083700000, 0x0000000083700000| Untracked 
|  56|0x0000000083800000, 0x0000000083800000, 0x0000000083900000|  0%| F|  |TAMS 0x0000000083800000, 0x0000000083800000| Untracked 
|  57|0x0000000083900000, 0x0000000083900000, 0x0000000083a00000|  0%| F|  |TAMS 0x0000000083900000, 0x0000000083900000| Untracked 
|  58|0x0000000083a00000, 0x0000000083a00000, 0x0000000083b00000|  0%| F|  |TAMS 0x0000000083a00000, 0x0000000083a00000| Untracked 
|  59|0x0000000083b00000, 0x0000000083b00000, 0x0000000083c00000|  0%| F|  |TAMS 0x0000000083b00000, 0x0000000083b00000| Untracked 
|  60|0x0000000083c00000, 0x0000000083c00000, 0x0000000083d00000|  0%| F|  |TAMS 0x0000000083c00000, 0x0000000083c00000| Untracked 
|  61|0x0000000083d00000, 0x0000000083d00000, 0x0000000083e00000|  0%| F|  |TAMS 0x0000000083d00000, 0x0000000083d00000| Untracked 
|  62|0x0000000083e00000, 0x0000000083e00000, 0x0000000083f00000|  0%| F|  |TAMS 0x0000000083e00000, 0x0000000083e00000| Untracked 
|  63|0x0000000083f00000, 0x0000000083f00000, 0x0000000084000000|  0%| F|  |TAMS 0x0000000083f00000, 0x0000000083f00000| Untracked 
|  64|0x0000000084000000, 0x0000000084000000, 0x0000000084100000|  0%| F|  |TAMS 0x0000000084000000, 0x0000000084000000| Untracked 
|  65|0x0000000084100000, 0x0000000084100000, 0x0000000084200000|  0%| F|  |TAMS 0x0000000084100000, 0x0000000084100000| Untracked 
|  66|0x0000000084200000, 0x0000000084200000, 0x0000000084300000|  0%| F|  |TAMS 0x0000000084200000, 0x0000000084200000| Untracked 
|  67|0x0000000084300000, 0x0000000084300000, 0x0000000084400000|  0%| F|  |TAMS 0x0000000084300000, 0x0000000084300000| Untracked 
|  68|0x0000000084400000, 0x0000000084400000, 0x0000000084500000|  0%| F|  |TAMS 0x0000000084400000, 0x0000000084400000| Untracked 
|  69|0x0000000084500000, 0x0000000084500000, 0x0000000084600000|  0%| F|  |TAMS 0x0000000084500000, 0x0000000084500000| Untracked 
|  70|0x0000000084600000, 0x0000000084600000, 0x0000000084700000|  0%| F|  |TAMS 0x0000000084600000, 0x0000000084600000| Untracked 
|  71|0x0000000084700000, 0x0000000084700000, 0x0000000084800000|  0%| F|  |TAMS 0x0000000084700000, 0x0000000084700000| Untracked 
|  72|0x0000000084800000, 0x0000000084800000, 0x0000000084900000|  0%| F|  |TAMS 0x0000000084800000, 0x0000000084800000| Untracked 
|  73|0x0000000084900000, 0x0000000084900000, 0x0000000084a00000|  0%| F|  |TAMS 0x0000000084900000, 0x0000000084900000| Untracked 
|  74|0x0000000084a00000, 0x0000000084a00000, 0x0000000084b00000|  0%| F|  |TAMS 0x0000000084a00000, 0x0000000084a00000| Untracked 
|  75|0x0000000084b00000, 0x0000000084b00000, 0x0000000084c00000|  0%| F|  |TAMS 0x0000000084b00000, 0x0000000084b00000| Untracked 
|  76|0x0000000084c00000, 0x0000000084c00000, 0x0000000084d00000|  0%| F|  |TAMS 0x0000000084c00000, 0x0000000084c00000| Untracked 
|  77|0x0000000084d00000, 0x0000000084d00000, 0x0000000084e00000|  0%| F|  |TAMS 0x0000000084d00000, 0x0000000084d00000| Untracked 
|  78|0x0000000084e00000, 0x0000000084e00000, 0x0000000084f00000|  0%| F|  |TAMS 0x0000000084e00000, 0x0000000084e00000| Untracked 
|  79|0x0000000084f00000, 0x0000000084f00000, 0x0000000085000000|  0%| F|  |TAMS 0x0000000084f00000, 0x0000000084f00000| Untracked 
|  80|0x0000000085000000, 0x0000000085000000, 0x0000000085100000|  0%| F|  |TAMS 0x0000000085000000, 0x0000000085000000| Untracked 
|  81|0x0000000085100000, 0x0000000085100000, 0x0000000085200000|  0%| F|  |TAMS 0x0000000085100000, 0x0000000085100000| Untracked 
|  82|0x0000000085200000, 0x0000000085200000, 0x0000000085300000|  0%| F|  |TAMS 0x0000000085200000, 0x0000000085200000| Untracked 
|  83|0x0000000085300000, 0x0000000085300000, 0x0000000085400000|  0%| F|  |TAMS 0x0000000085300000, 0x0000000085300000| Untracked 
|  84|0x0000000085400000, 0x0000000085400000, 0x0000000085500000|  0%| F|  |TAMS 0x0000000085400000, 0x0000000085400000| Untracked 
|  85|0x0000000085500000, 0x0000000085500000, 0x0000000085600000|  0%| F|  |TAMS 0x0000000085500000, 0x0000000085500000| Untracked 
|  86|0x0000000085600000, 0x0000000085600000, 0x0000000085700000|  0%| F|  |TAMS 0x0000000085600000, 0x0000000085600000| Untracked 
|  87|0x0000000085700000, 0x0000000085700000, 0x0000000085800000|  0%| F|  |TAMS 0x0000000085700000, 0x0000000085700000| Untracked 
|  88|0x0000000085800000, 0x0000000085800000, 0x0000000085900000|  0%| F|  |TAMS 0x0000000085800000, 0x0000000085800000| Untracked 
|  89|0x0000000085900000, 0x0000000085900000, 0x0000000085a00000|  0%| F|  |TAMS 0x0000000085900000, 0x0000000085900000| Untracked 
|  90|0x0000000085a00000, 0x0000000085a00000, 0x0000000085b00000|  0%| F|  |TAMS 0x0000000085a00000, 0x0000000085a00000| Untracked 
|  91|0x0000000085b00000, 0x0000000085b00000, 0x0000000085c00000|  0%| F|  |TAMS 0x0000000085b00000, 0x0000000085b00000| Untracked 
|  92|0x0000000085c00000, 0x0000000085c00000, 0x0000000085d00000|  0%| F|  |TAMS 0x0000000085c00000, 0x0000000085c00000| Untracked 
|  93|0x0000000085d00000, 0x0000000085d00000, 0x0000000085e00000|  0%| F|  |TAMS 0x0000000085d00000, 0x0000000085d00000| Untracked 
|  94|0x0000000085e00000, 0x0000000085e15a30, 0x0000000085f00000|  8%| E|  |TAMS 0x0000000085e00000, 0x0000000085e00000| Complete 
|  95|0x0000000085f00000, 0x0000000086000000, 0x0000000086000000|100%| E|CS|TAMS 0x0000000085f00000, 0x0000000085f00000| Complete 
|  96|0x0000000086000000, 0x0000000086100000, 0x0000000086100000|100%| E|CS|TAMS 0x0000000086000000, 0x0000000086000000| Complete 
|  97|0x0000000086100000, 0x0000000086200000, 0x0000000086200000|100%| E|CS|TAMS 0x0000000086100000, 0x0000000086100000| Complete 
|  98|0x0000000086200000, 0x0000000086300000, 0x0000000086300000|100%| E|CS|TAMS 0x0000000086200000, 0x0000000086200000| Complete 
|  99|0x0000000086300000, 0x0000000086343ba0, 0x0000000086400000| 26%| S|CS|TAMS 0x0000000086300000, 0x0000000086300000| Complete 
| 100|0x0000000086400000, 0x0000000086500000, 0x0000000086500000|100%| S|CS|TAMS 0x0000000086400000, 0x0000000086400000| Complete 
| 101|0x0000000086500000, 0x0000000086600000, 0x0000000086600000|100%| S|CS|TAMS 0x0000000086500000, 0x0000000086500000| Complete 
| 102|0x0000000086600000, 0x0000000086700000, 0x0000000086700000|100%| S|CS|TAMS 0x0000000086600000, 0x0000000086600000| Complete 
| 103|0x0000000086700000, 0x0000000086800000, 0x0000000086800000|100%| S|CS|TAMS 0x0000000086700000, 0x0000000086700000| Complete 
| 104|0x0000000086800000, 0x0000000086900000, 0x0000000086900000|100%| S|CS|TAMS 0x0000000086800000, 0x0000000086800000| Complete 
| 105|0x0000000086900000, 0x0000000086a00000, 0x0000000086a00000|100%| S|CS|TAMS 0x0000000086900000, 0x0000000086900000| Complete 
| 106|0x0000000086a00000, 0x0000000086b00000, 0x0000000086b00000|100%| E|CS|TAMS 0x0000000086a00000, 0x0000000086a00000| Complete 
| 107|0x0000000086b00000, 0x0000000086c00000, 0x0000000086c00000|100%| E|CS|TAMS 0x0000000086b00000, 0x0000000086b00000| Complete 
| 108|0x0000000086c00000, 0x0000000086d00000, 0x0000000086d00000|100%| E|CS|TAMS 0x0000000086c00000, 0x0000000086c00000| Complete 
| 109|0x0000000086d00000, 0x0000000086e00000, 0x0000000086e00000|100%| E|CS|TAMS 0x0000000086d00000, 0x0000000086d00000| Complete 
| 110|0x0000000086e00000, 0x0000000086f00000, 0x0000000086f00000|100%| E|CS|TAMS 0x0000000086e00000, 0x0000000086e00000| Complete 
| 111|0x0000000086f00000, 0x0000000087000000, 0x0000000087000000|100%| E|CS|TAMS 0x0000000086f00000, 0x0000000086f00000| Complete 
| 112|0x0000000087000000, 0x0000000087100000, 0x0000000087100000|100%| E|CS|TAMS 0x0000000087000000, 0x0000000087000000| Complete 
| 113|0x0000000087100000, 0x0000000087200000, 0x0000000087200000|100%| E|CS|TAMS 0x0000000087100000, 0x0000000087100000| Complete 
| 114|0x0000000087200000, 0x0000000087300000, 0x0000000087300000|100%| E|CS|TAMS 0x0000000087200000, 0x0000000087200000| Complete 
| 115|0x0000000087300000, 0x0000000087400000, 0x0000000087400000|100%| E|CS|TAMS 0x0000000087300000, 0x0000000087300000| Complete 
| 116|0x0000000087400000, 0x0000000087500000, 0x0000000087500000|100%| E|CS|TAMS 0x0000000087400000, 0x0000000087400000| Complete 
| 117|0x0000000087500000, 0x0000000087600000, 0x0000000087600000|100%| E|CS|TAMS 0x0000000087500000, 0x0000000087500000| Complete 
| 118|0x0000000087600000, 0x0000000087700000, 0x0000000087700000|100%| E|CS|TAMS 0x0000000087600000, 0x0000000087600000| Complete 
| 119|0x0000000087700000, 0x0000000087800000, 0x0000000087800000|100%| E|CS|TAMS 0x0000000087700000, 0x0000000087700000| Complete 
| 198|0x000000008c600000, 0x000000008c700000, 0x000000008c700000|100%| E|CS|TAMS 0x000000008c600000, 0x000000008c600000| Complete 
| 199|0x000000008c700000, 0x000000008c800000, 0x000000008c800000|100%| E|CS|TAMS 0x000000008c700000, 0x000000008c700000| Complete 
| 200|0x000000008c800000, 0x000000008c900000, 0x000000008c900000|100%| E|CS|TAMS 0x000000008c800000, 0x000000008c800000| Complete 
| 201|0x000000008c900000, 0x000000008ca00000, 0x000000008ca00000|100%| E|CS|TAMS 0x000000008c900000, 0x000000008c900000| Complete 
| 202|0x000000008ca00000, 0x000000008cb00000, 0x000000008cb00000|100%| E|CS|TAMS 0x000000008ca00000, 0x000000008ca00000| Complete 
| 203|0x000000008cb00000, 0x000000008cc00000, 0x000000008cc00000|100%| E|CS|TAMS 0x000000008cb00000, 0x000000008cb00000| Complete 
| 204|0x000000008cc00000, 0x000000008cd00000, 0x000000008cd00000|100%| E|CS|TAMS 0x000000008cc00000, 0x000000008cc00000| Complete 
| 205|0x000000008cd00000, 0x000000008ce00000, 0x000000008ce00000|100%| E|CS|TAMS 0x000000008cd00000, 0x000000008cd00000| Complete 
| 206|0x000000008ce00000, 0x000000008cf00000, 0x000000008cf00000|100%| E|CS|TAMS 0x000000008ce00000, 0x000000008ce00000| Complete 
| 253|0x000000008fd00000, 0x000000008fe00000, 0x000000008fe00000|100%| E|CS|TAMS 0x000000008fd00000, 0x000000008fd00000| Complete 

Card table byte_map: [0x000001923afa0000,0x000001923b3a0000] _byte_map_base: 0x000001923aba0000

Marking Bits (Prev, Next): (CMBitMap*) 0x00000192283eb0c0, (CMBitMap*) 0x00000192283eb080
 Prev Bits: [0x000001923d7a0000, 0x000001923f7a0000)
 Next Bits: [0x000001923b7a0000, 0x000001923d7a0000)

Polling page: 0x0000019226360000

Metaspace:

Usage:
  Non-class:     52.92 MB used.
      Class:      8.33 MB used.
       Both:     61.25 MB used.

Virtual space:
  Non-class space:       64.00 MB reserved,      53.19 MB ( 83%) committed,  1 nodes.
      Class space:        1.00 GB reserved,       8.56 MB ( <1%) committed,  1 nodes.
             Both:        1.06 GB reserved,      61.75 MB (  6%) committed. 

Chunk freelists:
   Non-Class:  10.19 MB
       Class:  7.44 MB
        Both:  17.62 MB

MaxMetaspaceSize: unlimited
CompressedClassSpaceSize: 1.00 GB
Initial GC threshold: 21.00 MB
Current GC threshold: 98.69 MB
CDS: off
MetaspaceReclaimPolicy: balanced
 - commit_granule_bytes: 65536.
 - commit_granule_words: 8192.
 - virtual_space_node_default_size: 8388608.
 - enlarge_chunks_in_place: 1.
 - new_chunks_are_fully_committed: 0.
 - uncommit_free_chunks: 1.
 - use_allocation_guard: 0.
 - handle_deallocations: 1.


Internal statistics:

num_allocs_failed_limit: 12.
num_arena_births: 624.
num_arena_deaths: 0.
num_vsnodes_births: 2.
num_vsnodes_deaths: 0.
num_space_committed: 988.
num_space_uncommitted: 0.
num_chunks_returned_to_freelist: 12.
num_chunks_taken_from_freelist: 2543.
num_chunk_merges: 6.
num_chunk_splits: 1676.
num_chunks_enlarged: 1152.
num_inconsistent_stats: 0.

CodeHeap 'non-profiled nmethods': size=120000Kb used=3110Kb max_used=3175Kb free=116889Kb
 bounds [0x0000019233330000, 0x0000019233650000, 0x000001923a860000]
CodeHeap 'profiled nmethods': size=120000Kb used=10502Kb max_used=10502Kb free=109497Kb
 bounds [0x000001922b860000, 0x000001922c2b0000, 0x0000019232d90000]
CodeHeap 'non-nmethods': size=5760Kb used=1669Kb max_used=1732Kb free=4090Kb
 bounds [0x0000019232d90000, 0x0000019233000000, 0x0000019233330000]
 total_blobs=6566 nmethods=5817 adapters=661
 compilation: enabled
              stopped_count=0, restarted_count=0
 full_count=0

Compilation events (20 events):
Event: 10.758 Thread 0x00000192423f36d0 6516       3       org.gradle.internal.snapshot.AbstractIncompleteFileSystemNode::<init> (10 bytes)
Event: 10.758 Thread 0x00000192423f36d0 nmethod 6516 0x000001922c287e90 code [0x000001922c288020, 0x000001922c2881d8]
Event: 10.759 Thread 0x00000192423f36d0 6517       1       net.rubygrapefruit.platform.internal.WindowsFileStat::getType (5 bytes)
Event: 10.759 Thread 0x00000192423f36d0 nmethod 6517 0x0000019233567190 code [0x0000019233567320, 0x00000192335673f8]
Event: 10.760 Thread 0x00000192423f36d0 6518       1       org.gradle.internal.vfs.impl.VersionHierarchy::access$000 (5 bytes)
Event: 10.760 Thread 0x00000192423f36d0 nmethod 6518 0x0000019233566e90 code [0x0000019233567020, 0x00000192335670d8]
Event: 10.761 Thread 0x00000192423f36d0 6519       3       com.google.common.cache.LocalCache$LocalManualCache::get (23 bytes)
Event: 10.761 Thread 0x00000192423f36d0 nmethod 6519 0x000001922c288290 code [0x000001922c288480, 0x000001922c288918]
Event: 10.761 Thread 0x00000192423f36d0 6520       3       com.google.common.cache.LocalCache$LocalManualCache$1::<init> (10 bytes)
Event: 10.761 Thread 0x00000192423f36d0 nmethod 6520 0x000001922c288b10 code [0x000001922c288cc0, 0x000001922c288ed8]
Event: 10.764 Thread 0x00000192423f36d0 6521       3       org.gradle.internal.snapshot.AbstractIncompleteFileSystemNode::store (43 bytes)
Event: 10.764 Thread 0x00000192423f36d0 nmethod 6521 0x000001922c289010 code [0x000001922c289200, 0x000001922c289928]
Event: 10.764 Thread 0x00000192423f36d0 6522       3       org.gradle.internal.snapshot.AbstractIncompleteFileSystemNode$2::<init> (26 bytes)
Event: 10.765 Thread 0x00000192423f36d0 nmethod 6522 0x000001922c289b90 code [0x000001922c289d40, 0x000001922c28a018]
Event: 10.765 Thread 0x00000192423f36d0 6523       3       org.gradle.internal.snapshot.PartialDirectoryNode::withIncompleteChildren (9 bytes)
Event: 10.765 Thread 0x00000192423f36d0 nmethod 6523 0x000001922c28a110 code [0x000001922c28a2c0, 0x000001922c28a598]
Event: 10.767 Thread 0x00000192423f36d0 6524   !   3       org.gradle.cache.internal.LockOnDemandCrossProcessCacheAccess::withFileLock (24 bytes)
Event: 10.768 Thread 0x00000192423f36d0 nmethod 6524 0x000001922c28a710 code [0x000001922c28a8e0, 0x000001922c28ab98]
Event: 10.768 Thread 0x00000192423f36d0 6525       3       java.util.concurrent.locks.LockSupport::park (23 bytes)
Event: 10.768 Thread 0x00000192423f36d0 nmethod 6525 0x000001922c28ad10 code [0x000001922c28aec0, 0x000001922c28b088]

GC Heap History (20 events):
Event: 3.157 GC heap before
{Heap before GC invocations=4 (full 0):
 garbage-first heap   total 71680K, used 51781K [0x0000000080000000, 0x0000000100000000)
  region size 1024K, 42 young (43008K), 9 survivors (9216K)
 Metaspace       used 26532K, committed 26816K, reserved 1114112K
  class space    used 3412K, committed 3520K, reserved 1048576K
}
Event: 3.172 GC heap after
{Heap after GC invocations=5 (full 0):
 garbage-first heap   total 71680K, used 20667K [0x0000000080000000, 0x0000000100000000)
  region size 1024K, 3 young (3072K), 3 survivors (3072K)
 Metaspace       used 26532K, committed 26816K, reserved 1114112K
  class space    used 3412K, committed 3520K, reserved 1048576K
}
Event: 3.193 GC heap before
{Heap before GC invocations=5 (full 0):
 garbage-first heap   total 71680K, used 21691K [0x0000000080000000, 0x0000000100000000)
  region size 1024K, 4 young (4096K), 3 survivors (3072K)
 Metaspace       used 26643K, committed 26880K, reserved 1114112K
  class space    used 3436K, committed 3520K, reserved 1048576K
}
Event: 3.198 GC heap after
{Heap after GC invocations=6 (full 0):
 garbage-first heap   total 71680K, used 20836K [0x0000000080000000, 0x0000000100000000)
  region size 1024K, 1 young (1024K), 1 survivors (1024K)
 Metaspace       used 26643K, committed 26880K, reserved 1114112K
  class space    used 3436K, committed 3520K, reserved 1048576K
}
Event: 4.103 GC heap before
{Heap before GC invocations=6 (full 0):
 garbage-first heap   total 71680K, used 50532K [0x0000000080000000, 0x0000000100000000)
  region size 1024K, 30 young (30720K), 1 survivors (1024K)
 Metaspace       used 30712K, committed 30976K, reserved 1114112K
  class space    used 4090K, committed 4224K, reserved 1048576K
}
Event: 4.108 GC heap after
{Heap after GC invocations=7 (full 0):
 garbage-first heap   total 71680K, used 22149K [0x0000000080000000, 0x0000000100000000)
  region size 1024K, 2 young (2048K), 2 survivors (2048K)
 Metaspace       used 30712K, committed 30976K, reserved 1114112K
  class space    used 4090K, committed 4224K, reserved 1048576K
}
Event: 4.703 GC heap before
{Heap before GC invocations=7 (full 0):
 garbage-first heap   total 71680K, used 51845K [0x0000000080000000, 0x0000000100000000)
  region size 1024K, 32 young (32768K), 2 survivors (2048K)
 Metaspace       used 34704K, committed 34944K, reserved 1114112K
  class space    used 4719K, committed 4800K, reserved 1048576K
}
Event: 4.706 GC heap after
{Heap after GC invocations=8 (full 0):
 garbage-first heap   total 71680K, used 23549K [0x0000000080000000, 0x0000000100000000)
  region size 1024K, 4 young (4096K), 4 survivors (4096K)
 Metaspace       used 34704K, committed 34944K, reserved 1114112K
  class space    used 4719K, committed 4800K, reserved 1048576K
}
Event: 4.822 GC heap before
{Heap before GC invocations=8 (full 0):
 garbage-first heap   total 71680K, used 28669K [0x0000000080000000, 0x0000000100000000)
  region size 1024K, 10 young (10240K), 4 survivors (4096K)
 Metaspace       used 35636K, committed 35968K, reserved 1114112K
  class space    used 4851K, committed 4992K, reserved 1048576K
}
Event: 4.826 GC heap after
{Heap after GC invocations=9 (full 0):
 garbage-first heap   total 71680K, used 23807K [0x0000000080000000, 0x0000000100000000)
  region size 1024K, 2 young (2048K), 2 survivors (2048K)
 Metaspace       used 35636K, committed 35968K, reserved 1114112K
  class space    used 4851K, committed 4992K, reserved 1048576K
}
Event: 5.435 GC heap before
{Heap before GC invocations=10 (full 0):
 garbage-first heap   total 71680K, used 54527K [0x0000000080000000, 0x0000000100000000)
  region size 1024K, 33 young (33792K), 2 survivors (2048K)
 Metaspace       used 40931K, committed 41280K, reserved 1114112K
  class space    used 5419K, committed 5568K, reserved 1048576K
}
Event: 5.441 GC heap after
{Heap after GC invocations=11 (full 0):
 garbage-first heap   total 71680K, used 28150K [0x0000000080000000, 0x0000000100000000)
  region size 1024K, 5 young (5120K), 5 survivors (5120K)
 Metaspace       used 40931K, committed 41280K, reserved 1114112K
  class space    used 5419K, committed 5568K, reserved 1048576K
}
Event: 5.797 GC heap before
{Heap before GC invocations=11 (full 0):
 garbage-first heap   total 71680K, used 53750K [0x0000000080000000, 0x0000000100000000)
  region size 1024K, 31 young (31744K), 5 survivors (5120K)
 Metaspace       used 42114K, committed 42560K, reserved 1114112K
  class space    used 5594K, committed 5760K, reserved 1048576K
}
Event: 5.813 GC heap after
{Heap after GC invocations=12 (full 0):
 garbage-first heap   total 71680K, used 29554K [0x0000000080000000, 0x0000000100000000)
  region size 1024K, 2 young (2048K), 2 survivors (2048K)
 Metaspace       used 42114K, committed 42560K, reserved 1114112K
  class space    used 5594K, committed 5760K, reserved 1048576K
}
Event: 6.496 GC heap before
{Heap before GC invocations=12 (full 0):
 garbage-first heap   total 71680K, used 58226K [0x0000000080000000, 0x0000000100000000)
  region size 1024K, 28 young (28672K), 2 survivors (2048K)
 Metaspace       used 46026K, committed 46400K, reserved 1114112K
  class space    used 6169K, committed 6336K, reserved 1048576K
}
Event: 6.502 GC heap after
{Heap after GC invocations=13 (full 0):
 garbage-first heap   total 133120K, used 30991K [0x0000000080000000, 0x0000000100000000)
  region size 1024K, 4 young (4096K), 4 survivors (4096K)
 Metaspace       used 46026K, committed 46400K, reserved 1114112K
  class space    used 6169K, committed 6336K, reserved 1048576K
}
Event: 8.350 GC heap before
{Heap before GC invocations=13 (full 0):
 garbage-first heap   total 133120K, used 100623K [0x0000000080000000, 0x0000000100000000)
  region size 1024K, 72 young (73728K), 4 survivors (4096K)
 Metaspace       used 54671K, committed 55168K, reserved 1114112K
  class space    used 7524K, committed 7744K, reserved 1048576K
}
Event: 8.358 GC heap after
{Heap after GC invocations=14 (full 0):
 garbage-first heap   total 133120K, used 34360K [0x0000000080000000, 0x0000000100000000)
  region size 1024K, 7 young (7168K), 7 survivors (7168K)
 Metaspace       used 54671K, committed 55168K, reserved 1114112K
  class space    used 7524K, committed 7744K, reserved 1048576K
}
Event: 9.075 GC heap before
{Heap before GC invocations=14 (full 0):
 garbage-first heap   total 133120K, used 57912K [0x0000000080000000, 0x0000000100000000)
  region size 1024K, 31 young (31744K), 7 survivors (7168K)
 Metaspace       used 59672K, committed 60160K, reserved 1114112K
  class space    used 8165K, committed 8384K, reserved 1048576K
}
Event: 9.084 GC heap after
{Heap after GC invocations=15 (full 0):
 garbage-first heap   total 133120K, used 37165K [0x0000000080000000, 0x0000000100000000)
  region size 1024K, 7 young (7168K), 7 survivors (7168K)
 Metaspace       used 59672K, committed 60160K, reserved 1114112K
  class space    used 8165K, committed 8384K, reserved 1048576K
}

Dll operation events (3 events):
Event: 0.007 Loaded shared library C:\Program Files\Android\Android Studio\jbr\bin\java.dll
Event: 0.149 Loaded shared library C:\Program Files\Android\Android Studio\jbr\bin\zip.dll
Event: 0.426 Loaded shared library C:\Program Files\Android\Android Studio\jbr\bin\verify.dll

Deoptimization events (20 events):
Event: 10.664 Thread 0x0000019248fa4be0 DEOPT PACKING pc=0x0000019233428a70 sp=0x00000008044fe970
Event: 10.664 Thread 0x0000019248fa4be0 DEOPT UNPACKING pc=0x0000019232de69a3 sp=0x00000008044fe8d0 mode 2
Event: 10.664 Thread 0x0000019248fa46d0 Uncommon trap: trap_request=0xffffff45 fr.pc=0x00000192333e105c relative=0x00000000000000bc
Event: 10.664 Thread 0x0000019248fa46d0 Uncommon trap: reason=unstable_if action=reinterpret pc=0x00000192333e105c method=java.util.concurrent.locks.AbstractQueuedSynchronizer.signalNext(Ljava/util/concurrent/locks/AbstractQueuedSynchronizer$Node;)V @ 17 c2
Event: 10.664 Thread 0x0000019248fa46d0 DEOPT PACKING pc=0x00000192333e105c sp=0x00000008039fd430
Event: 10.664 Thread 0x0000019248fa46d0 DEOPT UNPACKING pc=0x0000019232de69a3 sp=0x00000008039fd3c0 mode 2
Event: 10.672 Thread 0x000001924b08b070 DEOPT PACKING pc=0x000001922bc8f354 sp=0x00000008045fd730
Event: 10.672 Thread 0x000001924b08b070 DEOPT UNPACKING pc=0x0000019232de7143 sp=0x00000008045fcc88 mode 0
Event: 10.684 Thread 0x000001924736ada0 DEOPT PACKING pc=0x000001922bc8f354 sp=0x00000008027f72f0
Event: 10.684 Thread 0x000001924736ada0 DEOPT UNPACKING pc=0x0000019232de7143 sp=0x00000008027f6848 mode 0
Event: 10.695 Thread 0x0000019248fa46d0 DEOPT PACKING pc=0x000001922bc8f354 sp=0x00000008039fcd90
Event: 10.695 Thread 0x0000019248fa46d0 DEOPT UNPACKING pc=0x0000019232de7143 sp=0x00000008039fc2e8 mode 0
Event: 10.707 Thread 0x0000019248fa4be0 DEOPT PACKING pc=0x000001922bc8f354 sp=0x00000008044fd450
Event: 10.707 Thread 0x0000019248fa4be0 DEOPT UNPACKING pc=0x0000019232de7143 sp=0x00000008044fc9a8 mode 0
Event: 10.715 Thread 0x000001924b08b070 DEOPT PACKING pc=0x000001922bc8f354 sp=0x00000008045fd7a0
Event: 10.715 Thread 0x000001924b08b070 DEOPT UNPACKING pc=0x0000019232de7143 sp=0x00000008045fccf8 mode 0
Event: 10.726 Thread 0x000001924736ada0 Uncommon trap: trap_request=0xffffff45 fr.pc=0x00000192335dc244 relative=0x0000000000000304
Event: 10.726 Thread 0x000001924736ada0 Uncommon trap: reason=unstable_if action=reinterpret pc=0x00000192335dc244 method=org.gradle.internal.snapshot.PathUtil.equalChars(CCLorg/gradle/internal/snapshot/CaseSensitivity;)Z @ 11 c2
Event: 10.726 Thread 0x000001924736ada0 DEOPT PACKING pc=0x00000192335dc244 sp=0x00000008027f7130
Event: 10.726 Thread 0x000001924736ada0 DEOPT UNPACKING pc=0x0000019232de69a3 sp=0x00000008027f70e0 mode 2

Classes unloaded (0 events):
No events

Classes redefined (0 events):
No events

Internal exceptions (20 events):
Event: 8.065 Thread 0x000001924736ada0 Exception <a 'java/lang/NoSuchMethodError'{0x000000008470b020}: 'java.lang.Object java.lang.invoke.DirectMethodHandle$Holder.newInvokeSpecial(java.lang.Object, java.lang.Object, java.lang.Object, java.lang.Object, int)'> (0x000000008470b020) 
thrown [s\src\hotspot\share\interpreter\linkResolver.cpp, line 771]
Event: 8.065 Thread 0x000001924736ada0 Exception <a 'java/lang/NoSuchMethodError'{0x00000000847100a0}: 'java.lang.Object java.lang.invoke.DirectMethodHandle$Holder.invokeSpecial(java.lang.Object, java.lang.Object, java.lang.Object, java.lang.Object, java.lang.Object, int)'> (0x00000000847100a0) 
thrown [s\src\hotspot\share\interpreter\linkResolver.cpp, line 771]
Event: 8.065 Thread 0x000001924736ada0 Exception <a 'java/lang/NoSuchMethodError'{0x0000000084714ad0}: 'java.lang.Object java.lang.invoke.Invokers$Holder.linkToTargetMethod(java.lang.Object, java.lang.Object, java.lang.Object, int, java.lang.Object)'> (0x0000000084714ad0) 
thrown [s\src\hotspot\share\interpreter\linkResolver.cpp, line 771]
Event: 8.143 Thread 0x000001924736ada0 Exception <a 'java/lang/NoSuchMethodError'{0x00000000845d8bb0}: static Lorg/gradle/api/internal/catalog/DefaultVersionCatalog;.<clinit>()V> (0x00000000845d8bb0) 
thrown [s\src\hotspot\share\prims\jni.cpp, line 1108]
Event: 8.151 Thread 0x000001924736ada0 Exception <a 'java/lang/NoSuchMethodError'{0x0000000084427248}: static [Ljava/lang/Object;.<clinit>()V> (0x0000000084427248) 
thrown [s\src\hotspot\share\prims\jni.cpp, line 1108]
Event: 8.156 Thread 0x000001924736ada0 Exception <a 'java/lang/NoSuchMethodError'{0x000000008444c4f8}: static Lorg/gradle/api/internal/catalog/DependencyModel;.<clinit>()V> (0x000000008444c4f8) 
thrown [s\src\hotspot\share\prims\jni.cpp, line 1108]
Event: 8.156 Thread 0x000001924736ada0 Exception <a 'java/lang/NoSuchMethodError'{0x000000008444fd08}: static Lorg/gradle/api/internal/catalog/AbstractContextAwareModel;.<clinit>()V> (0x000000008444fd08) 
thrown [s\src\hotspot\share\prims\jni.cpp, line 1108]
Event: 8.158 Thread 0x000001924736ada0 Exception <a 'java/lang/NoSuchMethodError'{0x00000000844677f8}: static Lorg/gradle/api/internal/artifacts/dependencies/AbstractVersionConstraint;.<clinit>()V> (0x00000000844677f8) 
thrown [s\src\hotspot\share\prims\jni.cpp, line 1108]
Event: 8.168 Thread 0x000001924736ada0 Exception <a 'java/lang/NoSuchMethodError'{0x00000000844c3150}: static Lorg/gradle/api/internal/catalog/PluginModel;.<clinit>()V> (0x00000000844c3150) 
thrown [s\src\hotspot\share\prims\jni.cpp, line 1108]
Event: 8.170 Thread 0x000001924736ada0 Exception <a 'java/lang/NoSuchMethodError'{0x00000000844d8130}: static Lorg/gradle/api/internal/catalog/VersionModel;.<clinit>()V> (0x00000000844d8130) 
thrown [s\src\hotspot\share\prims\jni.cpp, line 1108]
Event: 8.176 Thread 0x000001924736ada0 Exception <a 'java/lang/NoSuchMethodError'{0x00000000844fbe28}: 'void java.lang.invoke.DirectMethodHandle$Holder.invokeSpecial(java.lang.Object, java.lang.Object, java.lang.Object, int)'> (0x00000000844fbe28) 
thrown [s\src\hotspot\share\interpreter\linkResolver.cpp, line 771]
Event: 8.299 Thread 0x000001924736ada0 Exception <a 'java/lang/NoSuchMethodError'{0x00000000840c5190}: 'int java.lang.invoke.DirectMethodHandle$Holder.invokeSpecialIFC(java.lang.Object, java.lang.Object, java.lang.Object)'> (0x00000000840c5190) 
thrown [s\src\hotspot\share\interpreter\linkResolver.cpp, line 771]
Event: 8.395 Thread 0x000001924736ada0 Exception <a 'java/lang/NoSuchMethodError'{0x000000008ce72758}: 'java.lang.Object java.lang.invoke.DirectMethodHandle$Holder.newInvokeSpecial(java.lang.Object, java.lang.Object, java.lang.Object, java.lang.Object, java.lang.Object, int)'> (0x000000008ce72758) 
thrown [s\src\hotspot\share\interpreter\linkResolver.cpp, line 771]
Event: 8.396 Thread 0x000001924736ada0 Exception <a 'java/lang/NoSuchMethodError'{0x000000008ce77bb0}: 'java.lang.Object java.lang.invoke.DirectMethodHandle$Holder.invokeSpecial(java.lang.Object, java.lang.Object, java.lang.Object, java.lang.Object, java.lang.Object, java.lang.Object, int)'> (0x000000008ce77bb0) 
thrown [s\src\hotspot\share\interpreter\linkResolver.cpp, line 771]
Event: 8.402 Thread 0x000001924736ada0 Exception <a 'java/lang/NoSuchMethodError'{0x000000008cead748}: 'java.lang.Object java.lang.invoke.DirectMethodHandle$Holder.invokeSpecial(java.lang.Object, java.lang.Object, java.lang.Object, java.lang.Object, java.lang.Object, long)'> (0x000000008cead748) 
thrown [s\src\hotspot\share\interpreter\linkResolver.cpp, line 771]
Event: 8.405 Thread 0x000001924736ada0 Exception <a 'java/lang/NoSuchMethodError'{0x000000008cecf828}: 'void java.lang.invoke.DirectMethodHandle$Holder.invokeStatic(java.lang.Object, java.lang.Object, java.lang.Object, int, java.lang.Object)'> (0x000000008cecf828) 
thrown [s\src\hotspot\share\interpreter\linkResolver.cpp, line 771]
Event: 8.430 Thread 0x000001924736ada0 Implicit null exception at 0x000001923336cff2 to 0x000001923336d60c
Event: 8.498 Thread 0x000001924736ada0 Exception <a 'sun/nio/fs/WindowsException'{0x000000008cbdffa8}> (0x000000008cbdffa8) 
thrown [s\src\hotspot\share\prims\jni.cpp, line 517]
Event: 9.192 Thread 0x000001924736ada0 Implicit null exception at 0x00000192334445f1 to 0x000001923344478c
Event: 9.441 Thread 0x000001924736ada0 Implicit null exception at 0x00000192333823f2 to 0x0000019233382a0c

VM Operations (20 events):
Event: 8.508 Executing VM operation: HandshakeAllThreads
Event: 8.508 Executing VM operation: HandshakeAllThreads done
Event: 8.568 Executing VM operation: HandshakeAllThreads
Event: 8.568 Executing VM operation: HandshakeAllThreads done
Event: 8.828 Executing VM operation: HandshakeAllThreads
Event: 8.829 Executing VM operation: HandshakeAllThreads done
Event: 9.075 Executing VM operation: CollectForMetadataAllocation
Event: 9.084 Executing VM operation: CollectForMetadataAllocation done
Event: 9.103 Executing VM operation: CollectForMetadataAllocation
Event: 9.103 Executing VM operation: CollectForMetadataAllocation done
Event: 9.123 Executing VM operation: G1PauseRemark
Event: 9.125 Executing VM operation: G1PauseRemark done
Event: 9.144 Executing VM operation: G1PauseCleanup
Event: 9.149 Executing VM operation: G1PauseCleanup done
Event: 10.109 Executing VM operation: ICBufferFull
Event: 10.109 Executing VM operation: ICBufferFull done
Event: 10.486 Executing VM operation: ICBufferFull
Event: 10.486 Executing VM operation: ICBufferFull done
Event: 10.494 Executing VM operation: HandshakeAllThreads
Event: 10.494 Executing VM operation: HandshakeAllThreads done

Events (20 events):
Event: 9.730 loading class sun/security/ssl/SSLEngineOutputRecord$HandshakeMemo done
Event: 9.766 loading class sun/security/ssl/PreSharedKeyExtension$SHPreSharedKeySpec
Event: 9.767 loading class sun/security/ssl/PreSharedKeyExtension$SHPreSharedKeySpec done
Event: 9.815 loading class java/util/LinkedList$LLSpliterator
Event: 9.816 loading class java/util/LinkedList$LLSpliterator done
Event: 9.860 loading class java/util/Collections$2
Event: 9.860 loading class java/util/Collections$2 done
Event: 10.427 loading class java/util/Collections$ReverseComparator
Event: 10.428 loading class java/util/Collections$ReverseComparator done
Event: 10.428 loading class java/util/Collections$ReverseComparator2
Event: 10.428 loading class java/util/Collections$ReverseComparator2 done
Event: 10.653 Thread 0x000001924a75fe50 Thread exited: 0x000001924a75fe50
Event: 10.660 Thread 0x0000019248fa46d0 Thread added: 0x0000019248fa46d0
Event: 10.660 Thread 0x0000019248fa4be0 Thread added: 0x0000019248fa4be0
Event: 10.661 Thread 0x000001924b08b070 Thread added: 0x000001924b08b070
Event: 10.661 Thread 0x000001924b08a650 Thread added: 0x000001924b08a650
Event: 10.661 Thread 0x000001924b089c30 Thread added: 0x000001924b089c30
Event: 10.661 Thread 0x000001924b08b580 Thread added: 0x000001924b08b580
Event: 10.662 Thread 0x000001924b08a140 Thread added: 0x000001924b08a140
Event: 10.687 Thread 0x000001924a75fe50 Thread added: 0x000001924a75fe50


Dynamic libraries:
0x00007ff7e0790000 - 0x00007ff7e079a000 	C:\Program Files\Android\Android Studio\jbr\bin\java.exe
0x00007fffbbf70000 - 0x00007fffbc187000 	C:\Windows\SYSTEM32\ntdll.dll
0x00007fffbaaf0000 - 0x00007fffbabb4000 	C:\Windows\System32\KERNEL32.DLL
0x00007fffb9560000 - 0x00007fffb9917000 	C:\Windows\System32\KERNELBASE.dll
0x00007fffb9440000 - 0x00007fffb9551000 	C:\Windows\System32\ucrtbase.dll
0x00007fff811f0000 - 0x00007fff81207000 	C:\Program Files\Android\Android Studio\jbr\bin\jli.dll
0x00007fff79720000 - 0x00007fff7973b000 	C:\Program Files\Android\Android Studio\jbr\bin\VCRUNTIME140.dll
0x00007fffba480000 - 0x00007fffba62f000 	C:\Windows\System32\USER32.dll
0x00007fff9f7d0000 - 0x00007fff9fa63000 	C:\Windows\WinSxS\amd64_microsoft.windows.common-controls_6595b64144ccf1df_6.0.22621.3672_none_2713b9d173822955\COMCTL32.dll
0x00007fffb9920000 - 0x00007fffb9946000 	C:\Windows\System32\win32u.dll
0x00007fffba390000 - 0x00007fffba437000 	C:\Windows\System32\msvcrt.dll
0x00007fffb9e90000 - 0x00007fffb9eb9000 	C:\Windows\System32\GDI32.dll
0x00007fffb9320000 - 0x00007fffb9438000 	C:\Windows\System32\gdi32full.dll
0x00007fffb9ac0000 - 0x00007fffb9b5a000 	C:\Windows\System32\msvcp_win.dll
0x00007fffba440000 - 0x00007fffba471000 	C:\Windows\System32\IMM32.DLL
0x00007fff80af0000 - 0x00007fff80afc000 	C:\Program Files\Android\Android Studio\jbr\bin\vcruntime140_1.dll
0x00007fff54580000 - 0x00007fff5460d000 	C:\Program Files\Android\Android Studio\jbr\bin\msvcp140.dll
0x00007fff384a0000 - 0x00007fff39123000 	C:\Program Files\Android\Android Studio\jbr\bin\server\jvm.dll
0x00007fffb9cb0000 - 0x00007fffb9d62000 	C:\Windows\System32\ADVAPI32.dll
0x00007fffba920000 - 0x00007fffba9c8000 	C:\Windows\System32\sechost.dll
0x00007fffb92f0000 - 0x00007fffb9318000 	C:\Windows\System32\bcrypt.dll
0x00007fffb9d70000 - 0x00007fffb9e84000 	C:\Windows\System32\RPCRT4.dll
0x00007fffb4880000 - 0x00007fffb4889000 	C:\Windows\SYSTEM32\WSOCK32.dll
0x00007fffb9150000 - 0x00007fffb919d000 	C:\Windows\SYSTEM32\POWRPROF.dll
0x00007fffb1ae0000 - 0x00007fffb1b14000 	C:\Windows\SYSTEM32\WINMM.dll
0x00007fffb21a0000 - 0x00007fffb21aa000 	C:\Windows\SYSTEM32\VERSION.dll
0x00007fffbaca0000 - 0x00007fffbad11000 	C:\Windows\System32\WS2_32.dll
0x00007fffb9130000 - 0x00007fffb9143000 	C:\Windows\SYSTEM32\UMPDC.dll
0x00007fffb8290000 - 0x00007fffb82a8000 	C:\Windows\SYSTEM32\kernel.appcore.dll
0x00007fffaa0a0000 - 0x00007fffaa0aa000 	C:\Program Files\Android\Android Studio\jbr\bin\jimage.dll
0x00007fffaaa50000 - 0x00007fffaac82000 	C:\Windows\SYSTEM32\DBGHELP.DLL
0x00007fffbb010000 - 0x00007fffbb39e000 	C:\Windows\System32\combase.dll
0x00007fffbabc0000 - 0x00007fffbac97000 	C:\Windows\System32\OLEAUT32.dll
0x00007fffa02d0000 - 0x00007fffa0302000 	C:\Windows\SYSTEM32\dbgcore.DLL
0x00007fffb9b60000 - 0x00007fffb9bdb000 	C:\Windows\System32\bcryptPrimitives.dll
0x00007fff825c0000 - 0x00007fff825ce000 	C:\Program Files\Android\Android Studio\jbr\bin\instrument.dll
0x00007fff824a0000 - 0x00007fff824c5000 	C:\Program Files\Android\Android Studio\jbr\bin\java.dll
0x00007fff822e0000 - 0x00007fff822f8000 	C:\Program Files\Android\Android Studio\jbr\bin\zip.dll
0x00007fffbb500000 - 0x00007fffbbd69000 	C:\Windows\System32\SHELL32.dll
0x00007fffb71a0000 - 0x00007fffb7a9f000 	C:\Windows\SYSTEM32\windows.storage.dll
0x00007fffb7060000 - 0x00007fffb719f000 	C:\Windows\SYSTEM32\wintypes.dll
0x00007fffba9d0000 - 0x00007fffbaac9000 	C:\Windows\System32\SHCORE.dll
0x00007fffba8c0000 - 0x00007fffba91e000 	C:\Windows\System32\shlwapi.dll
0x00007fffb91b0000 - 0x00007fffb91d7000 	C:\Windows\SYSTEM32\profapi.dll
0x00007fff81230000 - 0x00007fff81249000 	C:\Program Files\Android\Android Studio\jbr\bin\net.dll
0x00007fffb2060000 - 0x00007fffb2196000 	C:\Windows\SYSTEM32\WINHTTP.dll
0x00007fffb86f0000 - 0x00007fffb8759000 	C:\Windows\system32\mswsock.dll
0x00007fff81210000 - 0x00007fff81226000 	C:\Program Files\Android\Android Studio\jbr\bin\nio.dll
0x00007fffa5070000 - 0x00007fffa5080000 	C:\Program Files\Android\Android Studio\jbr\bin\verify.dll
0x00007fff600c0000 - 0x00007fff600e7000 	C:\Users\lenovo\.gradle\native\c067742578af261105cb4f569cf0c3c89f3d7b1fecec35dd04571415982c5e48\windows-amd64\native-platform.dll
0x00007fff37530000 - 0x00007fff37674000 	C:\Users\lenovo\.gradle\native\38dada09dfb8b06ba9b0570ebf7e218e3eb74d4ef43ca46872605cf95ebc2f47\windows-amd64\native-platform-file-events.dll
0x00007fffa9fb0000 - 0x00007fffa9fb9000 	C:\Program Files\Android\Android Studio\jbr\bin\management.dll
0x00007fffa60b0000 - 0x00007fffa60bb000 	C:\Program Files\Android\Android Studio\jbr\bin\management_ext.dll
0x00007fffbad20000 - 0x00007fffbad28000 	C:\Windows\System32\PSAPI.DLL
0x00007fffb8a40000 - 0x00007fffb8a5b000 	C:\Windows\SYSTEM32\CRYPTSP.dll
0x00007fffb81f0000 - 0x00007fffb8225000 	C:\Windows\system32\rsaenh.dll
0x00007fffb8790000 - 0x00007fffb87b8000 	C:\Windows\SYSTEM32\USERENV.dll
0x00007fffb8a20000 - 0x00007fffb8a2c000 	C:\Windows\SYSTEM32\CRYPTBASE.dll
0x00007fffb7d40000 - 0x00007fffb7d6d000 	C:\Windows\SYSTEM32\IPHLPAPI.DLL
0x00007fffbbd70000 - 0x00007fffbbd79000 	C:\Windows\System32\NSI.dll
0x00007fffb1ac0000 - 0x00007fffb1ad9000 	C:\Windows\SYSTEM32\dhcpcsvc6.DLL
0x00007fffb19e0000 - 0x00007fffb19ff000 	C:\Windows\SYSTEM32\dhcpcsvc.DLL
0x00007fffb7d70000 - 0x00007fffb7e72000 	C:\Windows\SYSTEM32\DNSAPI.dll
0x00007fffa2b20000 - 0x00007fffa2b28000 	C:\Windows\system32\wshunix.dll
0x00007fffb16c0000 - 0x00007fffb16ca000 	C:\Windows\System32\rasadhlp.dll
0x00007fffb1440000 - 0x00007fffb14c3000 	C:\Windows\System32\fwpuclnt.dll

dbghelp: loaded successfully - version: 4.0.5 - missing functions: none
symbol engine: initialized successfully - sym options: 0x614 - pdb path: .;C:\Program Files\Android\Android Studio\jbr\bin;C:\Windows\SYSTEM32;C:\Windows\WinSxS\amd64_microsoft.windows.common-controls_6595b64144ccf1df_6.0.22621.3672_none_2713b9d173822955;C:\Program Files\Android\Android Studio\jbr\bin\server;C:\Users\lenovo\.gradle\native\c067742578af261105cb4f569cf0c3c89f3d7b1fecec35dd04571415982c5e48\windows-amd64;C:\Users\lenovo\.gradle\native\38dada09dfb8b06ba9b0570ebf7e218e3eb74d4ef43ca46872605cf95ebc2f47\windows-amd64

VM Arguments:
jvm_args: --add-opens=java.base/java.util=ALL-UNNAMED --add-opens=java.base/java.lang=ALL-UNNAMED --add-opens=java.base/java.lang.invoke=ALL-UNNAMED --add-opens=java.prefs/java.util.prefs=ALL-UNNAMED --add-opens=java.base/java.nio.charset=ALL-UNNAMED --add-opens=java.base/java.net=ALL-UNNAMED --add-opens=java.base/java.util.concurrent.atomic=ALL-UNNAMED -Xmx2048m -Dfile.encoding=UTF-8 -Duser.country=ID -Duser.language=en -Duser.variant -javaagent:C:\Users\lenovo\.gradle\wrapper\dists\gradle-8.4-bin\1w5dpkrfk8irigvoxmyhowfim\gradle-8.4\lib\agents\gradle-instrumentation-agent-8.4.jar 
java_command: org.gradle.launcher.daemon.bootstrap.GradleDaemon 8.4
java_class_path (initial): C:\Users\lenovo\.gradle\wrapper\dists\gradle-8.4-bin\1w5dpkrfk8irigvoxmyhowfim\gradle-8.4\lib\gradle-launcher-8.4.jar
Launcher Type: SUN_STANDARD

[Global flags]
     intx CICompilerCount                          = 4                                         {product} {ergonomic}
     uint ConcGCThreads                            = 2                                         {product} {ergonomic}
     uint G1ConcRefinementThreads                  = 8                                         {product} {ergonomic}
   size_t G1HeapRegionSize                         = 1048576                                   {product} {ergonomic}
    uintx GCDrainStackTargetSize                   = 64                                        {product} {ergonomic}
   size_t InitialHeapSize                          = 266338304                                 {product} {ergonomic}
   size_t MarkStackSize                            = 4194304                                   {product} {ergonomic}
   size_t MaxHeapSize                              = 2147483648                                {product} {command line}
   size_t MaxNewSize                               = 1287651328                                {product} {ergonomic}
   size_t MinHeapDeltaBytes                        = 1048576                                   {product} {ergonomic}
   size_t MinHeapSize                              = 8388608                                   {product} {ergonomic}
    uintx NonNMethodCodeHeapSize                   = 5839372                                {pd product} {ergonomic}
    uintx NonProfiledCodeHeapSize                  = 122909434                              {pd product} {ergonomic}
    uintx ProfiledCodeHeapSize                     = 122909434                              {pd product} {ergonomic}
    uintx ReservedCodeCacheSize                    = 251658240                              {pd product} {ergonomic}
     bool SegmentedCodeCache                       = true                                      {product} {ergonomic}
   size_t SoftMaxHeapSize                          = 2147483648                             {manageable} {ergonomic}
     bool UseCompressedClassPointers               = true                           {product lp64_product} {ergonomic}
     bool UseCompressedOops                        = true                           {product lp64_product} {ergonomic}
     bool UseG1GC                                  = true                                      {product} {ergonomic}
     bool UseLargePagesIndividualAllocation        = false                                  {pd product} {ergonomic}

Logging:
Log output configuration:
 #0: stdout all=warning uptime,level,tags
 #1: stderr all=off uptime,level,tags

Environment Variables:
PATH=D:\bridging\dbhomeXE\bin;C:\Program Files\Common Files\Oracle\Java\javapath;C:\Windows\system32;C:\Windows;C:\Windows\System32\Wbem;C:\Windows\System32\WindowsPowerShell\v1.0\;C:\Windows\System32\OpenSSH\;C:\Program Files\Microsoft SQL Server\Client SDK\ODBC\170\Tools\Binn\;C:\Program Files (x86)\Microsoft SQL Server\160\DTS\Binn\;C:\Program Files (x86)\Microsoft SQL Server\150\Tools\Binn\;C:\Program Files\Microsoft SQL Server\150\Tools\Binn\;C:\Program Files (x86)\Microsoft SQL Server\150\DTS\Binn\;C:\Program Files\Microsoft SQL Server\150\DTS\Binn\;C:\Program Files\Azure Data Studio\bin;C:\Program Files (x86)\Windows Kits\10\Windows Performance Toolkit\;C:\Program Files\Git\cmd;C:\Program Files\dotnet\;C:\fultter\bin;E:\java\bin;C:\Program Files\nodejs\;C:\Users\lenovo\AppData\Local\Microsoft\WindowsApps;C:\Program Files\Azure Data Studio\bin;D:\Play Games\Microsoft VS Code\bin;C:\Users\lenovo\.dotnet\tools;C:\fultter\bin;C:\Program Files (x86)\Nmap;C:\Users\lenovo\AppData\Roaming\npm;D:\flutter\bin;
USERNAME=lenovo
OS=Windows_NT
PROCESSOR_IDENTIFIER=Intel64 Family 6 Model 142 Stepping 12, GenuineIntel
TMP=C:\Users\lenovo\AppData\Local\Temp
TEMP=C:\Users\lenovo\AppData\Local\Temp



Periodic native trim disabled

JNI global refs:
JNI global refs: 26, weak refs: 6

JNI global refs memory usage: 843, weak refs: 841

OOME stack traces (most recent first):
Classloader memory used:
Loader org.gradle.internal.classloader.VisitableURLClassLoader                         : 3395K
Loader bootstrap                                                                       : 3065K
Loader org.gradle.initialization.MixInLegacyTypesClassLoader                           : 1214K
Loader jdk.internal.loader.ClassLoaders$PlatformClassLoader                            : 100635B
Loader jdk.internal.loader.ClassLoaders$AppClassLoader                                 : 28453B
Loader jdk.internal.reflect.DelegatingClassLoader                                      : 20462B
Loader org.gradle.internal.classloader.VisitableURLClassLoader                         : 13641B
Loader org.gradle.internal.classloader.VisitableURLClassLoader$InstrumentingVisitableURLClassLoader: 5492B


[error occurred during error reporting (Classloader stats), id 0xe0000001, Out of Memory Error (s\src\hotspot\share\memory\arena.cpp:79)]


---------------  S Y S T E M  ---------------

OS:
 Windows 11 , 64 bit Build 22621 (10.0.22621.3958)
OS uptime: 4 days 16:04 hours
Hyper-V role detected

CPU: total 8 (initial active 8) (4 cores per cpu, 2 threads per core) family 6 model 142 stepping 12 microcode 0xde, cx8, cmov, fxsr, ht, mmx, 3dnowpref, sse, sse2, sse3, ssse3, sse4.1, sse4.2, popcnt, lzcnt, tsc, tscinvbit, avx, avx2, aes, erms, clmul, bmi1, bmi2, adx, fma, vzeroupper, clflush, clflushopt, hv
Processor Information for all 8 processors :
  Max Mhz: 1992, Current Mhz: 796, Mhz Limit: 796

Memory: 4k page, system-wide physical 16163M (4614M free)
TotalPageFile size 41071M (AvailPageFile size 5M)
current process WorkingSet (physical memory assigned to process): 314M, peak: 347M
current process commit charge ("private bytes"): 352M, peak: 400M

vm_info: OpenJDK 64-Bit Server VM (17.0.9+0--11185874) for windows-amd64 JRE (17.0.9+0--11185874), built on Dec  6 2023 18:57:44 by "androidbuild" with MS VC++ 16.10 / 16.11 (VS2019)

END.
