#
# There is insufficient memory for the Java Runtime Environment to continue.
# Native memory allocation (mmap) failed to map 23068672 bytes for G1 virtual space
# Possible reasons:
#   The system is out of physical RAM or swap space
#   The process is running with CompressedOops enabled, and the Java Heap may be blocking the growth of the native heap
# Possible solutions:
#   Reduce memory load on the system
#   Increase physical memory or swap space
#   Check if swap backing store is full
#   Decrease Java heap size (-Xmx/-Xms)
#   Decrease number of Java threads
#   Decrease Java thread stack sizes (-Xss)
#   Set larger code cache with -XX:ReservedCodeCacheSize=
#   JVM is running with Unscaled Compressed Oops mode in which the Java heap is
#     placed in the first 4GB address space. The Java Heap base address is the
#     maximum limit for the native heap growth. Please use -XX:HeapBaseMinAddress
#     to set the Java Heap base and to place the Java Heap above 4GB virtual address.
# This output file may be truncated or incomplete.
#
#  Out of Memory Error (os_windows.cpp:3825), pid=40544, tid=10060
#
# JRE version: OpenJDK Runtime Environment (17.0.9) (build 17.0.9+0--11185874)
# Java VM: OpenJDK 64-Bit Server VM (17.0.9+0--11185874, mixed mode, tiered, compressed oops, compressed class ptrs, g1 gc, windows-amd64)
# No core dump will be written. Minidumps are not enabled by default on client versions of Windows
#

---------------  S U M M A R Y ------------

Command Line: --add-opens=java.base/java.util=ALL-UNNAMED --add-opens=java.base/java.lang=ALL-UNNAMED --add-opens=java.base/java.lang.invoke=ALL-UNNAMED --add-opens=java.prefs/java.util.prefs=ALL-UNNAMED --add-opens=java.base/java.nio.charset=ALL-UNNAMED --add-opens=java.base/java.net=ALL-UNNAMED --add-opens=java.base/java.util.concurrent.atomic=ALL-UNNAMED -Xmx2048m -Dfile.encoding=UTF-8 -Duser.country=ID -Duser.language=en -Duser.variant -javaagent:C:\Users\lenovo\.gradle\wrapper\dists\gradle-8.4-bin\1w5dpkrfk8irigvoxmyhowfim\gradle-8.4\lib\agents\gradle-instrumentation-agent-8.4.jar org.gradle.launcher.daemon.bootstrap.GradleDaemon 8.4

Host: Intel(R) Core(TM) i7-8565U CPU @ 1.80GHz, 8 cores, 15G,  Windows 11 , 64 bit Build 22621 (10.0.22621.3958)
Time: Fri Jan 10 15:43:52 2025 SE Asia Standard Time elapsed time: 7.350836 seconds (0d 0h 0m 7s)

---------------  T H R E A D  ---------------

Current thread (0x0000023b6e2ced20):  VMThread "VM Thread" [stack: 0x00000066ea900000,0x00000066eaa00000] [id=10060]

Stack: [0x00000066ea900000,0x00000066eaa00000]
Native frames: (J=compiled Java code, j=interpreted, Vv=VM code, C=native code)
V  [jvm.dll+0x6886e9]
V  [jvm.dll+0x841e4a]
V  [jvm.dll+0x843a8e]
V  [jvm.dll+0x8440f3]
V  [jvm.dll+0x24c14f]
V  [jvm.dll+0x685499]
V  [jvm.dll+0x679c2a]
V  [jvm.dll+0x30cf9b]
V  [jvm.dll+0x314446]
V  [jvm.dll+0x36425e]
V  [jvm.dll+0x36448f]
V  [jvm.dll+0x2e2d68]
V  [jvm.dll+0x2e0f44]
V  [jvm.dll+0x2e054c]
V  [jvm.dll+0x3253fb]
V  [jvm.dll+0x8487eb]
V  [jvm.dll+0x849531]
V  [jvm.dll+0x849a4d]
V  [jvm.dll+0x849e24]
V  [jvm.dll+0x849ef0]
V  [jvm.dll+0x7f06aa]
V  [jvm.dll+0x687565]
C  [ucrtbase.dll+0x29333]
C  [KERNEL32.DLL+0x1257d]
C  [ntdll.dll+0x5af08]

VM_Operation (0x00000066ec3f15c0): G1CollectForAllocation, mode: safepoint, requested by thread 0x0000023b744a23c0


---------------  P R O C E S S  ---------------

Threads class SMR info:
_java_thread_list=0x0000023b73386cc0, length=52, elements={
0x0000023b54452740, 0x0000023b6e46c260, 0x0000023b6e46cff0, 0x0000023b6e43aa80,
0x0000023b6e43b710, 0x0000023b6e493970, 0x0000023b6e494240, 0x0000023b6e49ce50,
0x0000023b6e4a0d10, 0x0000023b6e4a1620, 0x0000023b6e540600, 0x0000023b6e765c30,
0x0000023b6e75d670, 0x0000023b74ea4230, 0x0000023b74afa1d0, 0x0000023b74ea79a0,
0x0000023b7439aa50, 0x0000023b74046970, 0x0000023b75035be0, 0x0000023b744a23c0,
0x0000023b74c8a790, 0x0000023b74c89860, 0x0000023b74c8aca0, 0x0000023b74c89d70,
0x0000023b74c8a280, 0x0000023b75c9b7e0, 0x0000023b75c99470, 0x0000023b75c98030,
0x0000023b75c9a3a0, 0x0000023b75c98540, 0x0000023b75c9a8b0, 0x0000023b75c99980,
0x0000023b75c9adc0, 0x0000023b75c98f60, 0x0000023b75c99e90, 0x0000023b759ffa10,
0x0000023b759fff20, 0x0000023b75a03be0, 0x0000023b75a05020, 0x0000023b75a00430,
0x0000023b759fe5d0, 0x0000023b75a01870, 0x0000023b75a027a0, 0x0000023b75a02cb0,
0x0000023b75a02290, 0x0000023b75a031c0, 0x0000023b75a00940, 0x0000023b75a00e50,
0x0000023b759fe0c0, 0x0000023b75a036d0, 0x0000023b75a05530, 0x0000023b759feff0
}

Java Threads: ( => current thread )
  0x0000023b54452740 JavaThread "main" [_thread_blocked, id=3124, stack(0x00000066ea300000,0x00000066ea400000)]
  0x0000023b6e46c260 JavaThread "Reference Handler" daemon [_thread_blocked, id=15660, stack(0x00000066eaa00000,0x00000066eab00000)]
  0x0000023b6e46cff0 JavaThread "Finalizer" daemon [_thread_blocked, id=11392, stack(0x00000066eab00000,0x00000066eac00000)]
  0x0000023b6e43aa80 JavaThread "Signal Dispatcher" daemon [_thread_blocked, id=13584, stack(0x00000066eac00000,0x00000066ead00000)]
  0x0000023b6e43b710 JavaThread "Attach Listener" daemon [_thread_blocked, id=20900, stack(0x00000066ead00000,0x00000066eae00000)]
  0x0000023b6e493970 JavaThread "Service Thread" daemon [_thread_blocked, id=6148, stack(0x00000066eae00000,0x00000066eaf00000)]
  0x0000023b6e494240 JavaThread "Monitor Deflation Thread" daemon [_thread_blocked, id=20580, stack(0x00000066eaf00000,0x00000066eb000000)]
  0x0000023b6e49ce50 JavaThread "C2 CompilerThread0" daemon [_thread_blocked, id=23368, stack(0x00000066eb000000,0x00000066eb100000)]
  0x0000023b6e4a0d10 JavaThread "C1 CompilerThread0" daemon [_thread_blocked, id=30848, stack(0x00000066eb100000,0x00000066eb200000)]
  0x0000023b6e4a1620 JavaThread "Sweeper thread" daemon [_thread_blocked, id=28572, stack(0x00000066eb200000,0x00000066eb300000)]
  0x0000023b6e540600 JavaThread "Common-Cleaner" daemon [_thread_blocked, id=29776, stack(0x00000066eb300000,0x00000066eb400000)]
  0x0000023b6e765c30 JavaThread "Notification Thread" daemon [_thread_blocked, id=38600, stack(0x00000066eb400000,0x00000066eb500000)]
  0x0000023b6e75d670 JavaThread "C2 CompilerThread1" daemon [_thread_blocked, id=36792, stack(0x00000066eb600000,0x00000066eb700000)]
  0x0000023b74ea4230 JavaThread "Daemon health stats" [_thread_blocked, id=18460, stack(0x00000066ebd00000,0x00000066ebe00000)]
  0x0000023b74afa1d0 JavaThread "Incoming local TCP Connector on port 28285" [_thread_in_native, id=10412, stack(0x00000066ebe00000,0x00000066ebf00000)]
  0x0000023b74ea79a0 JavaThread "Daemon periodic checks" [_thread_blocked, id=21492, stack(0x00000066ebf00000,0x00000066ec000000)]
  0x0000023b7439aa50 JavaThread "Daemon" [_thread_blocked, id=15012, stack(0x00000066ec000000,0x00000066ec100000)]
  0x0000023b74046970 JavaThread "Handler for socket connection from /127.0.0.1:28285 to /127.0.0.1:28286" [_thread_in_native, id=28048, stack(0x00000066ec100000,0x00000066ec200000)]
  0x0000023b75035be0 JavaThread "Cancel handler" [_thread_blocked, id=19516, stack(0x00000066ec200000,0x00000066ec300000)]
  0x0000023b744a23c0 JavaThread "Daemon worker" [_thread_blocked, id=37380, stack(0x00000066ec300000,0x00000066ec400000)]
  0x0000023b74c8a790 JavaThread "Asynchronous log dispatcher for DefaultDaemonConnection: socket connection from /127.0.0.1:28285 to /127.0.0.1:28286" [_thread_blocked, id=32892, stack(0x00000066ec400000,0x00000066ec500000)]
  0x0000023b74c89860 JavaThread "Stdin handler" [_thread_blocked, id=4420, stack(0x00000066ec500000,0x00000066ec600000)]
  0x0000023b74c8aca0 JavaThread "Daemon client event forwarder" [_thread_blocked, id=10920, stack(0x00000066ec600000,0x00000066ec700000)]
  0x0000023b74c89d70 JavaThread "Cache worker for journal cache (C:\Users\lenovo\.gradle\caches\journal-1)" [_thread_blocked, id=37976, stack(0x00000066eb700000,0x00000066eb800000)]
  0x0000023b74c8a280 JavaThread "File lock request listener" [_thread_in_native, id=35252, stack(0x00000066eca00000,0x00000066ecb00000)]
  0x0000023b75c9b7e0 JavaThread "Cache worker for file hash cache (C:\Users\lenovo\.gradle\caches\8.4\fileHashes)" [_thread_blocked, id=18652, stack(0x00000066ecb00000,0x00000066ecc00000)]
  0x0000023b75c99470 JavaThread "File watcher server" daemon [_thread_blocked, id=7444, stack(0x00000066ecd00000,0x00000066ece00000)]
  0x0000023b75c98030 JavaThread "File watcher consumer" daemon [_thread_blocked, id=1776, stack(0x00000066ece00000,0x00000066ecf00000)]
  0x0000023b75c9a3a0 JavaThread "Cache worker for checksums cache (C:\Users\lenovo\StudioProjects\FireBase\.gradle\8.4\checksums)" [_thread_blocked, id=40092, stack(0x00000066ecf00000,0x00000066ed000000)]
  0x0000023b75c98540 JavaThread "Cache worker for file hash cache (C:\Users\lenovo\StudioProjects\FireBase\.gradle\8.4\fileHashes)" [_thread_blocked, id=6632, stack(0x00000066ed000000,0x00000066ed100000)]
  0x0000023b75c9a8b0 JavaThread "Cache worker for cache directory md-supplier (C:\Users\lenovo\.gradle\caches\8.4\md-supplier)" [_thread_blocked, id=33660, stack(0x00000066ed100000,0x00000066ed200000)]
  0x0000023b75c99980 JavaThread "Cache worker for file content cache (C:\Users\lenovo\.gradle\caches\8.4\fileContent)" [_thread_blocked, id=34104, stack(0x00000066ed200000,0x00000066ed300000)]
  0x0000023b75c9adc0 JavaThread "Cache worker for cache directory md-rule (C:\Users\lenovo\.gradle\caches\8.4\md-rule)" [_thread_blocked, id=10616, stack(0x00000066ed300000,0x00000066ed400000)]
  0x0000023b75c98f60 JavaThread "Cache worker for execution history cache (C:\Users\lenovo\.gradle\caches\8.4\executionHistory)" [_thread_blocked, id=6348, stack(0x00000066ed400000,0x00000066ed500000)]
  0x0000023b75c99e90 JavaThread "Cache worker for kotlin-dsl (C:\Users\lenovo\.gradle\caches\8.4\kotlin-dsl)" [_thread_blocked, id=20424, stack(0x00000066ed600000,0x00000066ed700000)]
  0x0000023b759ffa10 JavaThread "jar transforms" [_thread_blocked, id=21832, stack(0x00000066ed700000,0x00000066ed800000)]
  0x0000023b759fff20 JavaThread "jar transforms Thread 2" [_thread_blocked, id=5804, stack(0x00000066ed800000,0x00000066ed900000)]
  0x0000023b75a03be0 JavaThread "jar transforms Thread 3" [_thread_blocked, id=7320, stack(0x00000066ed900000,0x00000066eda00000)]
  0x0000023b75a05020 JavaThread "jar transforms Thread 4" [_thread_blocked, id=13048, stack(0x00000066eda00000,0x00000066edb00000)]
  0x0000023b75a00430 JavaThread "Cache worker for dependencies-accessors (C:\Users\lenovo\StudioProjects\FireBase\.gradle\8.4\dependencies-accessors)" [_thread_blocked, id=4028, stack(0x00000066edb00000,0x00000066edc00000)]
  0x0000023b759fe5d0 JavaThread "Cache worker for Build Output Cleanup Cache (C:\Users\lenovo\StudioProjects\FireBase\.gradle\buildOutputCleanup)" [_thread_blocked, id=19104, stack(0x00000066edc00000,0x00000066edd00000)]
  0x0000023b75a01870 JavaThread "jar transforms Thread 5" [_thread_blocked, id=16828, stack(0x00000066edd00000,0x00000066ede00000)]
  0x0000023b75a027a0 JavaThread "jar transforms Thread 6" [_thread_blocked, id=18420, stack(0x00000066ede00000,0x00000066edf00000)]
  0x0000023b75a02cb0 JavaThread "Unconstrained build operations" [_thread_blocked, id=31452, stack(0x00000066edf00000,0x00000066ee000000)]
  0x0000023b75a02290 JavaThread "Unconstrained build operations Thread 2" [_thread_blocked, id=39020, stack(0x00000066ee000000,0x00000066ee100000)]
  0x0000023b75a031c0 JavaThread "Unconstrained build operations Thread 3" [_thread_blocked, id=36504, stack(0x00000066ee100000,0x00000066ee200000)]
  0x0000023b75a00940 JavaThread "Unconstrained build operations Thread 4" [_thread_blocked, id=14184, stack(0x00000066ee200000,0x00000066ee300000)]
  0x0000023b75a00e50 JavaThread "Unconstrained build operations Thread 5" [_thread_blocked, id=37284, stack(0x00000066ee300000,0x00000066ee400000)]
  0x0000023b759fe0c0 JavaThread "Unconstrained build operations Thread 6" [_thread_blocked, id=35112, stack(0x00000066ee400000,0x00000066ee500000)]
  0x0000023b75a036d0 JavaThread "Unconstrained build operations Thread 7" [_thread_blocked, id=38428, stack(0x00000066ee500000,0x00000066ee600000)]
  0x0000023b75a05530 JavaThread "jar transforms Thread 7" [_thread_blocked, id=37300, stack(0x00000066ee600000,0x00000066ee700000)]
  0x0000023b759feff0 JavaThread "jar transforms Thread 8" [_thread_blocked, id=11236, stack(0x00000066ee700000,0x00000066ee800000)]

Other Threads:
=>0x0000023b6e2ced20 VMThread "VM Thread" [stack: 0x00000066ea900000,0x00000066eaa00000] [id=10060]
  0x0000023b544534d0 WatcherThread [stack: 0x00000066eb500000,0x00000066eb600000] [id=1352]
  0x0000023b523be810 GCTaskThread "GC Thread#0" [stack: 0x00000066ea400000,0x00000066ea500000] [id=11168]
  0x0000023b7313a820 GCTaskThread "GC Thread#1" [stack: 0x00000066eb800000,0x00000066eb900000] [id=33048]
  0x0000023b7313aae0 GCTaskThread "GC Thread#2" [stack: 0x00000066eb900000,0x00000066eba00000] [id=20872]
  0x0000023b7313ada0 GCTaskThread "GC Thread#3" [stack: 0x00000066eba00000,0x00000066ebb00000] [id=33548]
  0x0000023b7313b060 GCTaskThread "GC Thread#4" [stack: 0x00000066ebb00000,0x00000066ebc00000] [id=16516]
  0x0000023b7313b320 GCTaskThread "GC Thread#5" [stack: 0x00000066ebc00000,0x00000066ebd00000] [id=15108]
  0x0000023b74046e50 GCTaskThread "GC Thread#6" [stack: 0x00000066ec700000,0x00000066ec800000] [id=24004]
  0x0000023b74caa840 GCTaskThread "GC Thread#7" [stack: 0x00000066ec800000,0x00000066ec900000] [id=25636]
  0x0000023b544bb650 ConcurrentGCThread "G1 Main Marker" [stack: 0x00000066ea500000,0x00000066ea600000] [id=23136]
  0x0000023b544bbf80 ConcurrentGCThread "G1 Conc#0" [stack: 0x00000066ea600000,0x00000066ea700000] [id=24500]
  0x0000023b73e2e090 ConcurrentGCThread "G1 Conc#1" [stack: 0x00000066ec900000,0x00000066eca00000] [id=6196]
  0x0000023b6e16c5d0 ConcurrentGCThread "G1 Refine#0" [stack: 0x00000066ea700000,0x00000066ea800000] [id=27224]
  0x0000023b778fece0 ConcurrentGCThread "G1 Refine#1" [stack: 0x00000066ed500000,0x00000066ed600000] [id=11444]
  0x0000023b770de530 ConcurrentGCThread "G1 Refine#2" [stack: 0x00000066ee800000,0x00000066ee900000] [id=26388]
  0x0000023b6e16ccb0 ConcurrentGCThread "G1 Service" [stack: 0x00000066ea800000,0x00000066ea900000] [id=3576]

Threads with active compile tasks:
C2 CompilerThread0     7366 6549       4       org.objectweb.asm.Frame::execute (2318 bytes)
C2 CompilerThread1     7366 6548   !   4       java.util.concurrent.ConcurrentHashMap::putVal (432 bytes)

VM state: at safepoint (normal execution)

VM Mutex/Monitor currently owned by a thread:  ([mutex/lock_event])
[0x0000023b5444e3e0] Threads_lock - owner thread: 0x0000023b6e2ced20
[0x0000023b5444f790] Heap_lock - owner thread: 0x0000023b744a23c0

Heap address: 0x0000000080000000, size: 2048 MB, Compressed Oops mode: 32-bit

CDS archive(s) not mapped
Compressed class space mapped at: 0x0000000100000000-0x0000000140000000, reserved size: 1073741824
Narrow klass base: 0x0000000000000000, Narrow klass shift: 3, Narrow klass range: 0x140000000

GC Precious Log:
 CPUs: 8 total, 8 available
 Memory: 16163M
 Large Page Support: Disabled
 NUMA Support: Disabled
 Compressed Oops: Enabled (32-bit)
 Heap Region Size: 1M
 Heap Min Capacity: 8M
 Heap Initial Capacity: 254M
 Heap Max Capacity: 2G
 Pre-touch: Disabled
 Parallel Workers: 8
 Concurrent Workers: 2
 Concurrent Refinement Workers: 8
 Periodic GC: Disabled

Heap:
 garbage-first heap   total 109568K, used 61828K [0x0000000080000000, 0x0000000100000000)
  region size 1024K, 2 young (2048K), 2 survivors (2048K)
 Metaspace       used 60195K, committed 60800K, reserved 1114112K
  class space    used 8256K, committed 8576K, reserved 1048576K

Heap Regions: E=young(eden), S=young(survivor), O=old, HS=humongous(starts), HC=humongous(continues), CS=collection set, F=free, OA=open archive, CA=closed archive, TAMS=top-at-mark-start (previous, next)
|   0|0x0000000080000000, 0x0000000080100000, 0x0000000080100000|100%|HS|  |TAMS 0x0000000080100000, 0x0000000080100000| Complete 
|   1|0x0000000080100000, 0x0000000080200000, 0x0000000080200000|100%|HC|  |TAMS 0x0000000080200000, 0x0000000080200000| Complete 
|   2|0x0000000080200000, 0x0000000080300000, 0x0000000080300000|100%|HC|  |TAMS 0x0000000080300000, 0x0000000080300000| Complete 
|   3|0x0000000080300000, 0x0000000080400000, 0x0000000080400000|100%|HC|  |TAMS 0x0000000080400000, 0x0000000080400000| Complete 
|   4|0x0000000080400000, 0x0000000080500000, 0x0000000080500000|100%| O|  |TAMS 0x0000000080500000, 0x0000000080500000| Untracked 
|   5|0x0000000080500000, 0x0000000080600000, 0x0000000080600000|100%| O|  |TAMS 0x0000000080600000, 0x0000000080600000| Untracked 
|   6|0x0000000080600000, 0x0000000080700000, 0x0000000080700000|100%| O|  |TAMS 0x0000000080700000, 0x0000000080700000| Untracked 
|   7|0x0000000080700000, 0x0000000080800000, 0x0000000080800000|100%| O|  |TAMS 0x0000000080800000, 0x0000000080800000| Untracked 
|   8|0x0000000080800000, 0x0000000080900000, 0x0000000080900000|100%| O|  |TAMS 0x0000000080900000, 0x0000000080900000| Untracked 
|   9|0x0000000080900000, 0x0000000080a00000, 0x0000000080a00000|100%| O|  |TAMS 0x0000000080a00000, 0x0000000080a00000| Untracked 
|  10|0x0000000080a00000, 0x0000000080a56200, 0x0000000080b00000| 33%| O|  |TAMS 0x0000000080a56200, 0x0000000080a56200| Untracked 
|  11|0x0000000080b00000, 0x0000000080c00000, 0x0000000080c00000|100%| O|  |TAMS 0x0000000080c00000, 0x0000000080c00000| Untracked 
|  12|0x0000000080c00000, 0x0000000080d00000, 0x0000000080d00000|100%| O|  |TAMS 0x0000000080d00000, 0x0000000080d00000| Untracked 
|  13|0x0000000080d00000, 0x0000000080e00000, 0x0000000080e00000|100%| O|  |TAMS 0x0000000080e00000, 0x0000000080e00000| Untracked 
|  14|0x0000000080e00000, 0x0000000080f00000, 0x0000000080f00000|100%| O|  |TAMS 0x0000000080f00000, 0x0000000080f00000| Untracked 
|  15|0x0000000080f00000, 0x0000000081000000, 0x0000000081000000|100%| O|  |TAMS 0x0000000081000000, 0x0000000081000000| Untracked 
|  16|0x0000000081000000, 0x0000000081100000, 0x0000000081100000|100%| O|  |TAMS 0x0000000081100000, 0x0000000081100000| Untracked 
|  17|0x0000000081100000, 0x0000000081200000, 0x0000000081200000|100%| O|  |TAMS 0x0000000081200000, 0x0000000081200000| Untracked 
|  18|0x0000000081200000, 0x0000000081300000, 0x0000000081300000|100%| O|  |TAMS 0x0000000081300000, 0x0000000081300000| Untracked 
|  19|0x0000000081300000, 0x0000000081400000, 0x0000000081400000|100%| O|  |TAMS 0x0000000081400000, 0x0000000081400000| Untracked 
|  20|0x0000000081400000, 0x0000000081500000, 0x0000000081500000|100%| O|  |TAMS 0x0000000081500000, 0x0000000081500000| Untracked 
|  21|0x0000000081500000, 0x0000000081600000, 0x0000000081600000|100%| O|  |TAMS 0x0000000081600000, 0x0000000081600000| Untracked 
|  22|0x0000000081600000, 0x0000000081700000, 0x0000000081700000|100%| O|  |TAMS 0x0000000081700000, 0x0000000081700000| Untracked 
|  23|0x0000000081700000, 0x0000000081800000, 0x0000000081800000|100%| O|  |TAMS 0x0000000081800000, 0x0000000081800000| Untracked 
|  24|0x0000000081800000, 0x0000000081900000, 0x0000000081900000|100%| O|  |TAMS 0x0000000081900000, 0x0000000081900000| Untracked 
|  25|0x0000000081900000, 0x0000000081a00000, 0x0000000081a00000|100%| O|  |TAMS 0x0000000081a00000, 0x0000000081a00000| Untracked 
|  26|0x0000000081a00000, 0x0000000081b00000, 0x0000000081b00000|100%| O|  |TAMS 0x0000000081b00000, 0x0000000081b00000| Untracked 
|  27|0x0000000081b00000, 0x0000000081c00000, 0x0000000081c00000|100%| O|  |TAMS 0x0000000081c00000, 0x0000000081c00000| Untracked 
|  28|0x0000000081c00000, 0x0000000081d00000, 0x0000000081d00000|100%| O|  |TAMS 0x0000000081d00000, 0x0000000081d00000| Untracked 
|  29|0x0000000081d00000, 0x0000000081e00000, 0x0000000081e00000|100%| O|  |TAMS 0x0000000081e00000, 0x0000000081e00000| Untracked 
|  30|0x0000000081e00000, 0x0000000081f00000, 0x0000000081f00000|100%| O|  |TAMS 0x0000000081f00000, 0x0000000081f00000| Untracked 
|  31|0x0000000081f00000, 0x0000000082000000, 0x0000000082000000|100%| O|  |TAMS 0x0000000082000000, 0x0000000082000000| Untracked 
|  32|0x0000000082000000, 0x0000000082100000, 0x0000000082100000|100%| O|  |TAMS 0x0000000082100000, 0x0000000082100000| Untracked 
|  33|0x0000000082100000, 0x0000000082200000, 0x0000000082200000|100%| O|  |TAMS 0x0000000082200000, 0x0000000082200000| Untracked 
|  34|0x0000000082200000, 0x0000000082300000, 0x0000000082300000|100%|HS|  |TAMS 0x0000000082300000, 0x0000000082300000| Complete 
|  35|0x0000000082300000, 0x0000000082400000, 0x0000000082400000|100%|HS|  |TAMS 0x0000000082400000, 0x0000000082400000| Complete 
|  36|0x0000000082400000, 0x0000000082500000, 0x0000000082500000|100%|HS|  |TAMS 0x0000000082500000, 0x0000000082500000| Complete 
|  37|0x0000000082500000, 0x0000000082600000, 0x0000000082600000|100%| O|  |TAMS 0x0000000082600000, 0x0000000082600000| Untracked 
|  38|0x0000000082600000, 0x0000000082700000, 0x0000000082700000|100%| O|  |TAMS 0x0000000082700000, 0x0000000082700000| Untracked 
|  39|0x0000000082700000, 0x0000000082800000, 0x0000000082800000|100%| O|  |TAMS 0x0000000082800000, 0x0000000082800000| Untracked 
|  40|0x0000000082800000, 0x0000000082900000, 0x0000000082900000|100%| O|  |TAMS 0x0000000082900000, 0x0000000082900000| Untracked 
|  41|0x0000000082900000, 0x0000000082a00000, 0x0000000082a00000|100%| O|  |TAMS 0x0000000082a00000, 0x0000000082a00000| Untracked 
|  42|0x0000000082a00000, 0x0000000082b00000, 0x0000000082b00000|100%|HS|  |TAMS 0x0000000082b00000, 0x0000000082b00000| Complete 
|  43|0x0000000082b00000, 0x0000000082c00000, 0x0000000082c00000|100%|HC|  |TAMS 0x0000000082c00000, 0x0000000082c00000| Complete 
|  44|0x0000000082c00000, 0x0000000082d00000, 0x0000000082d00000|100%|HS|  |TAMS 0x0000000082d00000, 0x0000000082d00000| Complete 
|  45|0x0000000082d00000, 0x0000000082e00000, 0x0000000082e00000|100%|HC|  |TAMS 0x0000000082e00000, 0x0000000082e00000| Complete 
|  46|0x0000000082e00000, 0x0000000082f00000, 0x0000000082f00000|100%| O|  |TAMS 0x0000000082f00000, 0x0000000082f00000| Untracked 
|  47|0x0000000082f00000, 0x0000000083000000, 0x0000000083000000|100%| O|  |TAMS 0x0000000083000000, 0x0000000083000000| Untracked 
|  48|0x0000000083000000, 0x0000000083100000, 0x0000000083100000|100%| O|  |TAMS 0x0000000083100000, 0x0000000083100000| Untracked 
|  49|0x0000000083100000, 0x0000000083200000, 0x0000000083200000|100%|HS|  |TAMS 0x0000000083200000, 0x0000000083200000| Complete 
|  50|0x0000000083200000, 0x0000000083300000, 0x0000000083300000|100%|HC|  |TAMS 0x0000000083300000, 0x0000000083300000| Complete 
|  51|0x0000000083300000, 0x0000000083400000, 0x0000000083400000|100%|HC|  |TAMS 0x0000000083400000, 0x0000000083400000| Complete 
|  52|0x0000000083400000, 0x0000000083500000, 0x0000000083500000|100%|HC|  |TAMS 0x0000000083500000, 0x0000000083500000| Complete 
|  53|0x0000000083500000, 0x0000000083600000, 0x0000000083600000|100%|HS|  |TAMS 0x0000000083600000, 0x0000000083600000| Complete 
|  54|0x0000000083600000, 0x0000000083700000, 0x0000000083700000|100%| O|  |TAMS 0x0000000083700000, 0x0000000083700000| Untracked 
|  55|0x0000000083700000, 0x0000000083800000, 0x0000000083800000|100%| O|  |TAMS 0x0000000083800000, 0x0000000083800000| Untracked 
|  56|0x0000000083800000, 0x0000000083900000, 0x0000000083900000|100%| O|  |TAMS 0x0000000083900000, 0x0000000083900000| Untracked 
|  57|0x0000000083900000, 0x0000000083a00000, 0x0000000083a00000|100%| O|  |TAMS 0x00000000839cdc00, 0x0000000083a00000| Untracked 
|  58|0x0000000083a00000, 0x0000000083b00000, 0x0000000083b00000|100%|HS|  |TAMS 0x0000000083a00000, 0x0000000083b00000| Complete 
|  59|0x0000000083b00000, 0x0000000083b8aa00, 0x0000000083c00000| 54%| O|  |TAMS 0x0000000083b00000, 0x0000000083b8aa00| Untracked 
|  60|0x0000000083c00000, 0x0000000083c00000, 0x0000000083d00000|  0%| F|  |TAMS 0x0000000083c00000, 0x0000000083c00000| Untracked 
|  61|0x0000000083d00000, 0x0000000083d00000, 0x0000000083e00000|  0%| F|  |TAMS 0x0000000083d00000, 0x0000000083d00000| Untracked 
|  62|0x0000000083e00000, 0x0000000083e00000, 0x0000000083f00000|  0%| F|  |TAMS 0x0000000083e00000, 0x0000000083e00000| Untracked 
|  63|0x0000000083f00000, 0x0000000083f00000, 0x0000000084000000|  0%| F|  |TAMS 0x0000000083f00000, 0x0000000083f00000| Untracked 
|  64|0x0000000084000000, 0x0000000084000000, 0x0000000084100000|  0%| F|  |TAMS 0x0000000084000000, 0x0000000084000000| Untracked 
|  65|0x0000000084100000, 0x0000000084100000, 0x0000000084200000|  0%| F|  |TAMS 0x0000000084100000, 0x0000000084100000| Untracked 
|  66|0x0000000084200000, 0x0000000084200000, 0x0000000084300000|  0%| F|  |TAMS 0x0000000084200000, 0x0000000084200000| Untracked 
|  67|0x0000000084300000, 0x0000000084300000, 0x0000000084400000|  0%| F|  |TAMS 0x0000000084300000, 0x0000000084300000| Untracked 
|  68|0x0000000084400000, 0x0000000084400000, 0x0000000084500000|  0%| F|  |TAMS 0x0000000084400000, 0x0000000084400000| Untracked 
|  69|0x0000000084500000, 0x0000000084500000, 0x0000000084600000|  0%| F|  |TAMS 0x0000000084500000, 0x0000000084500000| Untracked 
|  70|0x0000000084600000, 0x0000000084600000, 0x0000000084700000|  0%| F|  |TAMS 0x0000000084600000, 0x0000000084600000| Untracked 
|  71|0x0000000084700000, 0x0000000084700000, 0x0000000084800000|  0%| F|  |TAMS 0x0000000084700000, 0x0000000084700000| Untracked 
|  72|0x0000000084800000, 0x0000000084800000, 0x0000000084900000|  0%| F|  |TAMS 0x0000000084800000, 0x0000000084800000| Untracked 
|  73|0x0000000084900000, 0x0000000084900000, 0x0000000084a00000|  0%| F|  |TAMS 0x0000000084900000, 0x0000000084900000| Untracked 
|  74|0x0000000084a00000, 0x0000000084a00000, 0x0000000084b00000|  0%| F|  |TAMS 0x0000000084a00000, 0x0000000084a00000| Untracked 
|  75|0x0000000084b00000, 0x0000000084b00000, 0x0000000084c00000|  0%| F|  |TAMS 0x0000000084b00000, 0x0000000084b00000| Untracked 
|  76|0x0000000084c00000, 0x0000000084c00000, 0x0000000084d00000|  0%| F|  |TAMS 0x0000000084c00000, 0x0000000084c00000| Untracked 
|  77|0x0000000084d00000, 0x0000000084d00000, 0x0000000084e00000|  0%| F|  |TAMS 0x0000000084d00000, 0x0000000084d00000| Untracked 
|  78|0x0000000084e00000, 0x0000000084e00000, 0x0000000084f00000|  0%| F|  |TAMS 0x0000000084e00000, 0x0000000084e00000| Untracked 
|  79|0x0000000084f00000, 0x0000000084f00000, 0x0000000085000000|  0%| F|  |TAMS 0x0000000084f00000, 0x0000000084f00000| Untracked 
|  80|0x0000000085000000, 0x0000000085000000, 0x0000000085100000|  0%| F|  |TAMS 0x0000000085000000, 0x0000000085000000| Untracked 
|  81|0x0000000085100000, 0x0000000085100000, 0x0000000085200000|  0%| F|  |TAMS 0x0000000085100000, 0x0000000085100000| Untracked 
|  82|0x0000000085200000, 0x0000000085200000, 0x0000000085300000|  0%| F|  |TAMS 0x0000000085200000, 0x0000000085200000| Untracked 
|  83|0x0000000085300000, 0x0000000085300000, 0x0000000085400000|  0%| F|  |TAMS 0x0000000085300000, 0x0000000085300000| Untracked 
|  84|0x0000000085400000, 0x0000000085400000, 0x0000000085500000|  0%| F|  |TAMS 0x0000000085400000, 0x0000000085400000| Untracked 
|  85|0x0000000085500000, 0x0000000085500000, 0x0000000085600000|  0%| F|  |TAMS 0x0000000085500000, 0x0000000085500000| Untracked 
|  86|0x0000000085600000, 0x00000000856807c8, 0x0000000085700000| 50%| S|CS|TAMS 0x0000000085600000, 0x0000000085600000| Complete 
|  87|0x0000000085700000, 0x0000000085800000, 0x0000000085800000|100%| S|CS|TAMS 0x0000000085700000, 0x0000000085700000| Complete 
|  88|0x0000000085800000, 0x0000000085800000, 0x0000000085900000|  0%| F|  |TAMS 0x0000000085800000, 0x0000000085800000| Untracked 
|  89|0x0000000085900000, 0x0000000085900000, 0x0000000085a00000|  0%| F|  |TAMS 0x0000000085900000, 0x0000000085900000| Untracked 
|  90|0x0000000085a00000, 0x0000000085a00000, 0x0000000085b00000|  0%| F|  |TAMS 0x0000000085a00000, 0x0000000085a00000| Untracked 
|  91|0x0000000085b00000, 0x0000000085b00000, 0x0000000085c00000|  0%| F|  |TAMS 0x0000000085b00000, 0x0000000085b00000| Untracked 
|  92|0x0000000085c00000, 0x0000000085c00000, 0x0000000085d00000|  0%| F|  |TAMS 0x0000000085c00000, 0x0000000085c00000| Untracked 
|  93|0x0000000085d00000, 0x0000000085d00000, 0x0000000085e00000|  0%| F|  |TAMS 0x0000000085d00000, 0x0000000085d00000| Untracked 
|  94|0x0000000085e00000, 0x0000000085e00000, 0x0000000085f00000|  0%| F|  |TAMS 0x0000000085e00000, 0x0000000085e00000| Untracked 
|  95|0x0000000085f00000, 0x0000000085f00000, 0x0000000086000000|  0%| F|  |TAMS 0x0000000085f00000, 0x0000000085f00000| Untracked 
|  96|0x0000000086000000, 0x0000000086000000, 0x0000000086100000|  0%| F|  |TAMS 0x0000000086000000, 0x0000000086000000| Untracked 
| 198|0x000000008c600000, 0x000000008c600000, 0x000000008c700000|  0%| F|  |TAMS 0x000000008c600000, 0x000000008c600000| Untracked 
| 199|0x000000008c700000, 0x000000008c700000, 0x000000008c800000|  0%| F|  |TAMS 0x000000008c700000, 0x000000008c700000| Untracked 
| 200|0x000000008c800000, 0x000000008c800000, 0x000000008c900000|  0%| F|  |TAMS 0x000000008c800000, 0x000000008c800000| Untracked 
| 201|0x000000008c900000, 0x000000008c900000, 0x000000008ca00000|  0%| F|  |TAMS 0x000000008c900000, 0x000000008c900000| Untracked 
| 202|0x000000008ca00000, 0x000000008ca00000, 0x000000008cb00000|  0%| F|  |TAMS 0x000000008ca00000, 0x000000008ca00000| Untracked 
| 203|0x000000008cb00000, 0x000000008cb00000, 0x000000008cc00000|  0%| F|  |TAMS 0x000000008cb00000, 0x000000008cb00000| Untracked 
| 204|0x000000008cc00000, 0x000000008cc00000, 0x000000008cd00000|  0%| F|  |TAMS 0x000000008cc00000, 0x000000008cc00000| Untracked 
| 205|0x000000008cd00000, 0x000000008cd00000, 0x000000008ce00000|  0%| F|  |TAMS 0x000000008cd00000, 0x000000008cd00000| Untracked 
| 206|0x000000008ce00000, 0x000000008ce00000, 0x000000008cf00000|  0%| F|  |TAMS 0x000000008ce00000, 0x000000008ce00000| Untracked 
| 253|0x000000008fd00000, 0x000000008fd00000, 0x000000008fe00000|  0%| F|  |TAMS 0x000000008fd00000, 0x000000008fd00000| Untracked 

Card table byte_map: [0x0000023b67050000,0x0000023b67450000] _byte_map_base: 0x0000023b66c50000

Marking Bits (Prev, Next): (CMBitMap*) 0x0000023b544a8f50, (CMBitMap*) 0x0000023b544a8f90
 Prev Bits: [0x0000023b67850000, 0x0000023b69850000)
 Next Bits: [0x0000023b69850000, 0x0000023b6b850000)

Polling page: 0x0000023b52420000

Metaspace:

Usage:
  Non-class:     50.72 MB used.
      Class:      8.06 MB used.
       Both:     58.78 MB used.

Virtual space:
  Non-class space:       64.00 MB reserved,      51.00 MB ( 80%) committed,  1 nodes.
      Class space:        1.00 GB reserved,       8.38 MB ( <1%) committed,  1 nodes.
             Both:        1.06 GB reserved,      59.38 MB (  5%) committed. 

Chunk freelists:
   Non-Class:  12.92 MB
       Class:  7.67 MB
        Both:  20.59 MB

MaxMetaspaceSize: unlimited
CompressedClassSpaceSize: 1.00 GB
Initial GC threshold: 21.00 MB
Current GC threshold: 94.81 MB
CDS: off
MetaspaceReclaimPolicy: balanced
 - commit_granule_bytes: 65536.
 - commit_granule_words: 8192.
 - virtual_space_node_default_size: 8388608.
 - enlarge_chunks_in_place: 1.
 - new_chunks_are_fully_committed: 0.
 - uncommit_free_chunks: 1.
 - use_allocation_guard: 0.
 - handle_deallocations: 1.


Internal statistics:

num_allocs_failed_limit: 6.
num_arena_births: 702.
num_arena_deaths: 0.
num_vsnodes_births: 2.
num_vsnodes_deaths: 0.
num_space_committed: 950.
num_space_uncommitted: 0.
num_chunks_returned_to_freelist: 6.
num_chunks_taken_from_freelist: 2740.
num_chunk_merges: 6.
num_chunk_splits: 1805.
num_chunks_enlarged: 1229.
num_inconsistent_stats: 0.

CodeHeap 'non-profiled nmethods': size=120000Kb used=3026Kb max_used=3026Kb free=116974Kb
 bounds [0x0000023b5f3f0000, 0x0000023b5f700000, 0x0000023b66920000]
CodeHeap 'profiled nmethods': size=120000Kb used=10640Kb max_used=10640Kb free=109359Kb
 bounds [0x0000023b57920000, 0x0000023b58390000, 0x0000023b5ee50000]
CodeHeap 'non-nmethods': size=5760Kb used=1634Kb max_used=1713Kb free=4125Kb
 bounds [0x0000023b5ee50000, 0x0000023b5f0c0000, 0x0000023b5f3f0000]
 total_blobs=6505 nmethods=5796 adapters=621
 compilation: enabled
              stopped_count=0, restarted_count=0
 full_count=0

Compilation events (20 events):
Event: 7.322 Thread 0x0000023b6e4a0d10 6543       3       org.gradle.internal.instantiation.generator.DependencyInjectingInstantiator::newInstance (8 bytes)
Event: 7.322 Thread 0x0000023b6e4a0d10 nmethod 6543 0x0000023b58378e10 code [0x0000023b58378fc0, 0x0000023b58379108]
Event: 7.322 Thread 0x0000023b6e4a0d10 6544       3       org.gradle.internal.instantiation.generator.AbstractClassGenerator$GeneratedClassImpl$GeneratedConstructorImpl::newInstance (15 bytes)
Event: 7.322 Thread 0x0000023b6e4a0d10 nmethod 6544 0x0000023b58379210 code [0x0000023b583793c0, 0x0000023b58379588]
Event: 7.324 Thread 0x0000023b6e4a0d10 6545       3       org.gradle.internal.instantiation.generator.DependencyInjectingInstantiator::verifyParameters (175 bytes)
Event: 7.324 Thread 0x0000023b6e4a0d10 nmethod 6545 0x0000023b58379690 code [0x0000023b583799c0, 0x0000023b5837ac08]
Event: 7.325 Thread 0x0000023b6e4a0d10 6546       3       org.objectweb.asm.AnnotationWriter::visit (935 bytes)
Event: 7.325 Thread 0x0000023b6e75d670 6547       4       org.objectweb.asm.Frame::pop (53 bytes)
Event: 7.326 Thread 0x0000023b6e4a0d10 nmethod 6546 0x0000023b5837b290 code [0x0000023b5837b9c0, 0x0000023b5837f898]
Event: 7.331 Thread 0x0000023b6e75d670 nmethod 6547 0x0000023b5f54b210 code [0x0000023b5f54b420, 0x0000023b5f54bca0]
Event: 7.332 Thread 0x0000023b6e75d670 6548   !   4       java.util.concurrent.ConcurrentHashMap::putVal (432 bytes)
Event: 7.334 Thread 0x0000023b6e49ce50 6549       4       org.objectweb.asm.Frame::execute (2318 bytes)
Event: 7.335 Thread 0x0000023b6e4a0d10 6553       3       java.lang.invoke.MethodHandles$Lookup::lookupModes (8 bytes)
Event: 7.335 Thread 0x0000023b6e4a0d10 nmethod 6553 0x0000023b58380e90 code [0x0000023b58381020, 0x0000023b58381138]
Event: 7.336 Thread 0x0000023b6e4a0d10 6554       3       java.lang.reflect.Method::getTypeParameters (20 bytes)
Event: 7.337 Thread 0x0000023b6e4a0d10 nmethod 6554 0x0000023b58381210 code [0x0000023b58381480, 0x0000023b58382228]
Event: 7.337 Thread 0x0000023b6e4a0d10 6555       3       java.lang.reflect.Method::getGenericInfo (27 bytes)
Event: 7.337 Thread 0x0000023b6e4a0d10 nmethod 6555 0x0000023b58382610 code [0x0000023b58382880, 0x0000023b58383658]
Event: 7.342 Thread 0x0000023b6e4a0d10 6556       3       java.lang.invoke.DirectMethodHandle$Holder::invokeStatic (15 bytes)
Event: 7.342 Thread 0x0000023b6e4a0d10 nmethod 6556 0x0000023b58383b90 code [0x0000023b58383d60, 0x0000023b58384298]

GC Heap History (20 events):
Event: 4.608 GC heap after
{Heap after GC invocations=12 (full 0):
 garbage-first heap   total 86016K, used 30654K [0x0000000080000000, 0x0000000100000000)
  region size 1024K, 4 young (4096K), 4 survivors (4096K)
 Metaspace       used 45971K, committed 46336K, reserved 1114112K
  class space    used 6165K, committed 6336K, reserved 1048576K
}
Event: 5.124 GC heap before
{Heap before GC invocations=12 (full 0):
 garbage-first heap   total 86016K, used 65470K [0x0000000080000000, 0x0000000100000000)
  region size 1024K, 38 young (38912K), 4 survivors (4096K)
 Metaspace       used 50553K, committed 51072K, reserved 1114112K
  class space    used 6867K, committed 7104K, reserved 1048576K
}
Event: 5.128 GC heap after
{Heap after GC invocations=13 (full 0):
 garbage-first heap   total 86016K, used 32370K [0x0000000080000000, 0x0000000100000000)
  region size 1024K, 4 young (4096K), 4 survivors (4096K)
 Metaspace       used 50553K, committed 51072K, reserved 1114112K
  class space    used 6867K, committed 7104K, reserved 1048576K
}
Event: 5.729 GC heap before
{Heap before GC invocations=13 (full 0):
 garbage-first heap   total 86016K, used 67186K [0x0000000080000000, 0x0000000100000000)
  region size 1024K, 38 young (38912K), 4 survivors (4096K)
 Metaspace       used 54682K, committed 55168K, reserved 1114112K
  class space    used 7531K, committed 7744K, reserved 1048576K
}
Event: 5.735 GC heap after
{Heap after GC invocations=14 (full 0):
 garbage-first heap   total 86016K, used 34230K [0x0000000080000000, 0x0000000100000000)
  region size 1024K, 4 young (4096K), 4 survivors (4096K)
 Metaspace       used 54682K, committed 55168K, reserved 1114112K
  class space    used 7531K, committed 7744K, reserved 1048576K
}
Event: 6.276 GC heap before
{Heap before GC invocations=14 (full 0):
 garbage-first heap   total 86016K, used 66998K [0x0000000080000000, 0x0000000100000000)
  region size 1024K, 37 young (37888K), 4 survivors (4096K)
 Metaspace       used 56140K, committed 56704K, reserved 1114112K
  class space    used 7705K, committed 8000K, reserved 1048576K
}
Event: 6.282 GC heap after
{Heap after GC invocations=15 (full 0):
 garbage-first heap   total 86016K, used 38915K [0x0000000080000000, 0x0000000100000000)
  region size 1024K, 5 young (5120K), 5 survivors (5120K)
 Metaspace       used 56140K, committed 56704K, reserved 1114112K
  class space    used 7705K, committed 8000K, reserved 1048576K
}
Event: 6.405 GC heap before
{Heap before GC invocations=15 (full 0):
 garbage-first heap   total 86016K, used 48131K [0x0000000080000000, 0x0000000100000000)
  region size 1024K, 12 young (12288K), 5 survivors (5120K)
 Metaspace       used 56248K, committed 56832K, reserved 1114112K
  class space    used 7712K, committed 8000K, reserved 1048576K
}
Event: 6.409 GC heap after
{Heap after GC invocations=16 (full 0):
 garbage-first heap   total 86016K, used 45197K [0x0000000080000000, 0x0000000100000000)
  region size 1024K, 3 young (3072K), 3 survivors (3072K)
 Metaspace       used 56248K, committed 56832K, reserved 1114112K
  class space    used 7712K, committed 8000K, reserved 1048576K
}
Event: 6.520 GC heap before
{Heap before GC invocations=17 (full 0):
 garbage-first heap   total 87040K, used 51341K [0x0000000080000000, 0x0000000100000000)
  region size 1024K, 7 young (7168K), 3 survivors (3072K)
 Metaspace       used 56321K, committed 56896K, reserved 1114112K
  class space    used 7723K, committed 8000K, reserved 1048576K
}
Event: 6.521 GC heap after
{Heap after GC invocations=18 (full 0):
 garbage-first heap   total 87040K, used 51114K [0x0000000080000000, 0x0000000100000000)
  region size 1024K, 3 young (3072K), 3 survivors (3072K)
 Metaspace       used 56321K, committed 56896K, reserved 1114112K
  class space    used 7723K, committed 8000K, reserved 1048576K
}
Event: 6.625 GC heap before
{Heap before GC invocations=19 (full 0):
 garbage-first heap   total 102400K, used 58282K [0x0000000080000000, 0x0000000100000000)
  region size 1024K, 7 young (7168K), 3 survivors (3072K)
 Metaspace       used 56345K, committed 56896K, reserved 1114112K
  class space    used 7728K, committed 8000K, reserved 1048576K
}
Event: 6.626 GC heap after
{Heap after GC invocations=20 (full 0):
 garbage-first heap   total 102400K, used 57629K [0x0000000080000000, 0x0000000100000000)
  region size 1024K, 3 young (3072K), 3 survivors (3072K)
 Metaspace       used 56345K, committed 56896K, reserved 1114112K
  class space    used 7728K, committed 8000K, reserved 1048576K
}
Event: 6.832 GC heap before
{Heap before GC invocations=21 (full 0):
 garbage-first heap   total 102400K, used 70941K [0x0000000080000000, 0x0000000100000000)
  region size 1024K, 16 young (16384K), 3 survivors (3072K)
 Metaspace       used 57308K, committed 57920K, reserved 1114112K
  class space    used 7867K, committed 8192K, reserved 1048576K
}
Event: 6.834 GC heap after
{Heap after GC invocations=22 (full 0):
 garbage-first heap   total 102400K, used 59245K [0x0000000080000000, 0x0000000100000000)
  region size 1024K, 1 young (1024K), 1 survivors (1024K)
 Metaspace       used 57308K, committed 57920K, reserved 1114112K
  class space    used 7867K, committed 8192K, reserved 1048576K
}
Event: 6.875 GC heap before
{Heap before GC invocations=22 (full 0):
 garbage-first heap   total 102400K, used 60269K [0x0000000080000000, 0x0000000100000000)
  region size 1024K, 4 young (4096K), 1 survivors (1024K)
 Metaspace       used 57470K, committed 58048K, reserved 1114112K
  class space    used 7880K, committed 8192K, reserved 1048576K
}
Event: 6.876 GC heap after
{Heap after GC invocations=23 (full 0):
 garbage-first heap   total 102400K, used 59756K [0x0000000080000000, 0x0000000100000000)
  region size 1024K, 2 young (2048K), 2 survivors (2048K)
 Metaspace       used 57470K, committed 58048K, reserved 1114112K
  class space    used 7880K, committed 8192K, reserved 1048576K
}
Event: 7.084 GC heap before
{Heap before GC invocations=24 (full 0):
 garbage-first heap   total 109568K, used 75116K [0x0000000080000000, 0x0000000100000000)
  region size 1024K, 16 young (16384K), 2 survivors (2048K)
 Metaspace       used 58571K, committed 59136K, reserved 1114112K
  class space    used 8028K, committed 8320K, reserved 1048576K
}
Event: 7.085 GC heap after
{Heap after GC invocations=25 (full 0):
 garbage-first heap   total 109568K, used 61221K [0x0000000080000000, 0x0000000100000000)
  region size 1024K, 1 young (1024K), 1 survivors (1024K)
 Metaspace       used 58571K, committed 59136K, reserved 1114112K
  class space    used 8028K, committed 8320K, reserved 1048576K
}
Event: 7.348 GC heap before
{Heap before GC invocations=25 (full 0):
 garbage-first heap   total 109568K, used 78629K [0x0000000080000000, 0x0000000100000000)
  region size 1024K, 19 young (19456K), 1 survivors (1024K)
 Metaspace       used 60195K, committed 60800K, reserved 1114112K
  class space    used 8256K, committed 8576K, reserved 1048576K
}

Dll operation events (3 events):
Event: 0.007 Loaded shared library C:\Program Files\Android\Android Studio\jbr\bin\java.dll
Event: 0.148 Loaded shared library C:\Program Files\Android\Android Studio\jbr\bin\zip.dll
Event: 0.383 Loaded shared library C:\Program Files\Android\Android Studio\jbr\bin\verify.dll

Deoptimization events (20 events):
Event: 7.298 Thread 0x0000023b744a23c0 Uncommon trap: trap_request=0xffffffde fr.pc=0x0000023b5f645968 relative=0x0000000000000bc8
Event: 7.298 Thread 0x0000023b744a23c0 Uncommon trap: reason=class_check action=maybe_recompile pc=0x0000023b5f645968 method=org.gradle.internal.instantiation.generator.AbstractClassGenerator$InjectionAnnotationValidator.validateMethod(Ljava/lang/reflect/Method;Lorg/gradle/internal/reflect/Pro
Event: 7.298 Thread 0x0000023b744a23c0 DEOPT PACKING pc=0x0000023b5f645968 sp=0x00000066ec3f6d00
Event: 7.298 Thread 0x0000023b744a23c0 DEOPT UNPACKING pc=0x0000023b5eea69a3 sp=0x00000066ec3f6d00 mode 2
Event: 7.309 Thread 0x0000023b744a23c0 Uncommon trap: trap_request=0xffffffde fr.pc=0x0000023b5f60a338 relative=0x00000000000008b8
Event: 7.309 Thread 0x0000023b744a23c0 Uncommon trap: reason=class_check action=maybe_recompile pc=0x0000023b5f60a338 method=java.io.BufferedInputStream.read1([BII)I @ 39 c2
Event: 7.309 Thread 0x0000023b744a23c0 DEOPT PACKING pc=0x0000023b5f60a338 sp=0x00000066ec3f7460
Event: 7.309 Thread 0x0000023b744a23c0 DEOPT UNPACKING pc=0x0000023b5eea69a3 sp=0x00000066ec3f7378 mode 2
Event: 7.310 Thread 0x0000023b744a23c0 Uncommon trap: trap_request=0xffffffde fr.pc=0x0000023b5f604880 relative=0x00000000000001c0
Event: 7.310 Thread 0x0000023b744a23c0 Uncommon trap: reason=class_check action=maybe_recompile pc=0x0000023b5f604880 method=java.io.BufferedInputStream.read1([BII)I @ 39 c2
Event: 7.310 Thread 0x0000023b744a23c0 DEOPT PACKING pc=0x0000023b5f604880 sp=0x00000066ec3f73c0
Event: 7.310 Thread 0x0000023b744a23c0 DEOPT UNPACKING pc=0x0000023b5eea69a3 sp=0x00000066ec3f7368 mode 2
Event: 7.324 Thread 0x0000023b744a23c0 Uncommon trap: trap_request=0xffffffde fr.pc=0x0000023b5f645968 relative=0x0000000000000bc8
Event: 7.324 Thread 0x0000023b744a23c0 Uncommon trap: reason=class_check action=maybe_recompile pc=0x0000023b5f645968 method=org.gradle.internal.instantiation.generator.AbstractClassGenerator$InjectionAnnotationValidator.validateMethod(Ljava/lang/reflect/Method;Lorg/gradle/internal/reflect/Pro
Event: 7.324 Thread 0x0000023b744a23c0 DEOPT PACKING pc=0x0000023b5f645968 sp=0x00000066ec3f6ce0
Event: 7.324 Thread 0x0000023b744a23c0 DEOPT UNPACKING pc=0x0000023b5eea69a3 sp=0x00000066ec3f6ce0 mode 2
Event: 7.339 Thread 0x0000023b744a23c0 Uncommon trap: trap_request=0xffffffde fr.pc=0x0000023b5f5f7b70 relative=0x00000000000029d0
Event: 7.339 Thread 0x0000023b744a23c0 Uncommon trap: reason=class_check action=maybe_recompile pc=0x0000023b5f5f7b70 method=java.util.jar.JarFile.getManifestFromReference()Ljava/util/jar/Manifest; @ 152 c2
Event: 7.339 Thread 0x0000023b744a23c0 DEOPT PACKING pc=0x0000023b5f5f7b70 sp=0x00000066ec3f6950
Event: 7.339 Thread 0x0000023b744a23c0 DEOPT UNPACKING pc=0x0000023b5eea69a3 sp=0x00000066ec3f68c0 mode 2

Classes unloaded (0 events):
No events

Classes redefined (0 events):
No events

Internal exceptions (20 events):
Event: 5.758 Thread 0x0000023b744a23c0 Exception <a 'java/lang/NoSuchMethodError'{0x000000008ce62230}: 'java.lang.Object java.lang.invoke.DirectMethodHandle$Holder.newInvokeSpecial(java.lang.Object, java.lang.Object, java.lang.Object, java.lang.Object, java.lang.Object, int)'> (0x000000008ce62230) 
thrown [s\src\hotspot\share\interpreter\linkResolver.cpp, line 771]
Event: 5.758 Thread 0x0000023b744a23c0 Exception <a 'java/lang/NoSuchMethodError'{0x000000008ce67688}: 'java.lang.Object java.lang.invoke.DirectMethodHandle$Holder.invokeSpecial(java.lang.Object, java.lang.Object, java.lang.Object, java.lang.Object, java.lang.Object, java.lang.Object, int)'> (0x000000008ce67688) 
thrown [s\src\hotspot\share\interpreter\linkResolver.cpp, line 771]
Event: 5.761 Thread 0x0000023b744a23c0 Exception <a 'java/lang/NoSuchMethodError'{0x000000008ce9f620}: 'java.lang.Object java.lang.invoke.DirectMethodHandle$Holder.invokeSpecial(java.lang.Object, java.lang.Object, java.lang.Object, java.lang.Object, java.lang.Object, long)'> (0x000000008ce9f620) 
thrown [s\src\hotspot\share\interpreter\linkResolver.cpp, line 771]
Event: 5.763 Thread 0x0000023b744a23c0 Exception <a 'java/lang/NoSuchMethodError'{0x000000008cec1950}: 'void java.lang.invoke.DirectMethodHandle$Holder.invokeStatic(java.lang.Object, java.lang.Object, java.lang.Object, int, java.lang.Object)'> (0x000000008cec1950) 
thrown [s\src\hotspot\share\interpreter\linkResolver.cpp, line 771]
Event: 6.267 Thread 0x0000023b744a23c0 Exception <a 'java/lang/NoSuchMethodError'{0x000000008332fd50}: 'long java.lang.invoke.DirectMethodHandle$Holder.invokeVirtual(java.lang.Object, java.lang.Object)'> (0x000000008332fd50) 
thrown [s\src\hotspot\share\interpreter\linkResolver.cpp, line 771]
Event: 6.270 Thread 0x0000023b74c8aca0 Exception <a 'java/lang/NoSuchMethodError'{0x0000000083388320}: static Lorg/gradle/internal/build/event/types/DefaultOperationFinishedProgressEvent;.<clinit>()V> (0x0000000083388320) 
thrown [s\src\hotspot\share\prims\jni.cpp, line 1108]
Event: 6.272 Thread 0x0000023b74c8aca0 Exception <a 'java/lang/NoSuchMethodError'{0x00000000833ae608}: static Lorg/gradle/internal/build/event/types/DefaultProjectConfigurationSuccessResult;.<clinit>()V> (0x00000000833ae608) 
thrown [s\src\hotspot\share\prims\jni.cpp, line 1108]
Event: 6.273 Thread 0x0000023b74c8aca0 Exception <a 'java/lang/NoSuchMethodError'{0x00000000833b2948}: static Lorg/gradle/internal/build/event/types/AbstractProjectConfigurationResult;.<clinit>()V> (0x00000000833b2948) 
thrown [s\src\hotspot\share\prims\jni.cpp, line 1108]
Event: 6.273 Thread 0x0000023b74c8aca0 Exception <a 'java/lang/NoSuchMethodError'{0x00000000833b3e40}: static Lorg/gradle/internal/build/event/types/AbstractOperationResult;.<clinit>()V> (0x00000000833b3e40) 
thrown [s\src\hotspot\share\prims\jni.cpp, line 1108]
Event: 6.273 Thread 0x0000023b74c8aca0 Exception <a 'java/lang/NoSuchMethodError'{0x00000000833b4cf0}: static Lorg/gradle/internal/build/event/types/AbstractResult;.<clinit>()V> (0x00000000833b4cf0) 
thrown [s\src\hotspot\share\prims\jni.cpp, line 1108]
Event: 6.275 Thread 0x0000023b74c8aca0 Exception <a 'java/lang/NoSuchMethodError'{0x00000000833cb038}: static Lorg/gradle/internal/build/event/types/DefaultPluginApplicationResult;.<clinit>()V> (0x00000000833cb038) 
thrown [s\src\hotspot\share\prims\jni.cpp, line 1108]
Event: 6.276 Thread 0x0000023b74c8aca0 Exception <a 'java/lang/NoSuchMethodError'{0x00000000833d67c0}: static Lorg/gradle/internal/build/event/types/DefaultBinaryPluginIdentifier;.<clinit>()V> (0x00000000833d67c0) 
thrown [s\src\hotspot\share\prims\jni.cpp, line 1108]
Event: 6.284 Thread 0x0000023b74c8aca0 Exception <a 'java/lang/NoSuchMethodError'{0x000000008fd85180}: static Lorg/gradle/internal/build/event/types/DefaultScriptPluginIdentifier;.<clinit>()V> (0x000000008fd85180) 
thrown [s\src\hotspot\share\prims\jni.cpp, line 1108]
Event: 6.332 Thread 0x0000023b744a23c0 Implicit null exception at 0x0000023b5f583f12 to 0x0000023b5f584650
Event: 6.332 Thread 0x0000023b744a23c0 Implicit null exception at 0x0000023b5f418394 to 0x0000023b5f418ab0
Event: 6.447 Thread 0x0000023b744a23c0 Exception <a 'java/lang/NoSuchMethodError'{0x000000008ce5e9b8}: 'void java.lang.invoke.Invokers$Holder.invoke_MT(java.lang.Object, java.lang.Object, java.lang.Object, java.lang.Object)'> (0x000000008ce5e9b8) 
thrown [s\src\hotspot\share\interpreter\linkResolver.cpp, line 771]
Event: 6.620 Thread 0x0000023b744a23c0 Exception <a 'java/lang/ClassNotFoundException'{0x000000008cca4650}: sun/misc/SharedSecrets> (0x000000008cca4650) 
thrown [s\src\hotspot\share\classfile\systemDictionary.cpp, line 256]
Event: 6.620 Thread 0x0000023b744a23c0 Exception <a 'java/lang/ClassNotFoundException'{0x000000008cca5c28}: org/gradle/api/internal/plugins/DefaultObjectConfigurationActionBeanInfo> (0x000000008cca5c28) 
thrown [s\src\hotspot\share\classfile\systemDictionary.cpp, line 256]
Event: 6.620 Thread 0x0000023b744a23c0 Exception <a 'java/lang/ClassNotFoundException'{0x000000008ccbc468}: org/gradle/api/internal/plugins/DefaultObjectConfigurationActionCustomizer> (0x000000008ccbc468) 
thrown [s\src\hotspot\share\classfile\systemDictionary.cpp, line 256]
Event: 7.288 Thread 0x0000023b744a23c0 Exception <a 'java/lang/NoSuchMethodError'{0x0000000085dac568}: 'int java.lang.invoke.DirectMethodHandle$Holder.invokeInterface(java.lang.Object, java.lang.Object, java.lang.Object, java.lang.Object)'> (0x0000000085dac568) 
thrown [s\src\hotspot\share\interpreter\linkResolver.cpp, line 771]

VM Operations (20 events):
Event: 6.655 Executing VM operation: G1PauseRemark done
Event: 6.667 Executing VM operation: G1PauseCleanup
Event: 6.667 Executing VM operation: G1PauseCleanup done
Event: 6.832 Executing VM operation: G1CollectForAllocation
Event: 6.834 Executing VM operation: G1CollectForAllocation done
Event: 6.875 Executing VM operation: G1TryInitiateConcMark
Event: 6.876 Executing VM operation: G1TryInitiateConcMark done
Event: 6.913 Executing VM operation: G1PauseRemark
Event: 6.916 Executing VM operation: G1PauseRemark done
Event: 6.934 Executing VM operation: G1PauseCleanup
Event: 6.934 Executing VM operation: G1PauseCleanup done
Event: 7.084 Executing VM operation: G1CollectForAllocation
Event: 7.085 Executing VM operation: G1CollectForAllocation done
Event: 7.280 Executing VM operation: HandshakeAllThreads
Event: 7.281 Executing VM operation: HandshakeAllThreads done
Event: 7.286 Executing VM operation: HandshakeAllThreads
Event: 7.286 Executing VM operation: HandshakeAllThreads done
Event: 7.287 Executing VM operation: HandshakeAllThreads
Event: 7.287 Executing VM operation: HandshakeAllThreads done
Event: 7.348 Executing VM operation: G1CollectForAllocation

Events (20 events):
Event: 6.200 Thread 0x0000023b759feff0 Thread added: 0x0000023b759feff0
Event: 6.268 loading class java/util/stream/SortedOps$RefSortingSink
Event: 6.268 loading class java/util/stream/SortedOps$RefSortingSink done
Event: 6.283 loading class java/time/Ser
Event: 6.283 loading class java/time/Ser done
Event: 6.454 Thread 0x0000023b75f60bc0 Thread exited: 0x0000023b75f60bc0
Event: 6.620 loading class sun/misc/SharedSecrets
Event: 6.620 loading class sun/misc/SharedSecrets done
Event: 6.621 loading class jdk/internal/reflect/UnsafeObjectFieldAccessorImpl
Event: 6.621 loading class jdk/internal/reflect/UnsafeObjectFieldAccessorImpl done
Event: 6.995 loading class java/util/regex/Pattern$1
Event: 6.996 loading class java/util/regex/Pattern$1 done
Event: 7.146 loading class java/io/StringReader
Event: 7.146 loading class java/io/StringReader done
Event: 7.198 loading class java/util/concurrent/atomic/AtomicIntegerArray
Event: 7.198 loading class java/util/concurrent/atomic/AtomicIntegerArray done
Event: 7.201 loading class java/util/Currency
Event: 7.201 loading class java/util/Currency done
Event: 7.224 loading class java/util/concurrent/atomic/AtomicLongArray
Event: 7.224 loading class java/util/concurrent/atomic/AtomicLongArray done


Dynamic libraries:
0x00007ff7e0790000 - 0x00007ff7e079a000 	C:\Program Files\Android\Android Studio\jbr\bin\java.exe
0x00007fffbbf70000 - 0x00007fffbc187000 	C:\Windows\SYSTEM32\ntdll.dll
0x00007fffbaaf0000 - 0x00007fffbabb4000 	C:\Windows\System32\KERNEL32.DLL
0x00007fffb9560000 - 0x00007fffb9917000 	C:\Windows\System32\KERNELBASE.dll
0x00007fffb9440000 - 0x00007fffb9551000 	C:\Windows\System32\ucrtbase.dll
0x00007fff811f0000 - 0x00007fff81207000 	C:\Program Files\Android\Android Studio\jbr\bin\jli.dll
0x00007fff6bf30000 - 0x00007fff6bf4b000 	C:\Program Files\Android\Android Studio\jbr\bin\VCRUNTIME140.dll
0x00007fffba480000 - 0x00007fffba62f000 	C:\Windows\System32\USER32.dll
0x00007fffb9920000 - 0x00007fffb9946000 	C:\Windows\System32\win32u.dll
0x00007fff9f7d0000 - 0x00007fff9fa63000 	C:\Windows\WinSxS\amd64_microsoft.windows.common-controls_6595b64144ccf1df_6.0.22621.3672_none_2713b9d173822955\COMCTL32.dll
0x00007fffb9e90000 - 0x00007fffb9eb9000 	C:\Windows\System32\GDI32.dll
0x00007fffb9320000 - 0x00007fffb9438000 	C:\Windows\System32\gdi32full.dll
0x00007fffba390000 - 0x00007fffba437000 	C:\Windows\System32\msvcrt.dll
0x00007fffb9ac0000 - 0x00007fffb9b5a000 	C:\Windows\System32\msvcp_win.dll
0x00007fffba440000 - 0x00007fffba471000 	C:\Windows\System32\IMM32.DLL
0x00007fffa9e70000 - 0x00007fffa9e7c000 	C:\Program Files\Android\Android Studio\jbr\bin\vcruntime140_1.dll
0x00007fff58c90000 - 0x00007fff58d1d000 	C:\Program Files\Android\Android Studio\jbr\bin\msvcp140.dll
0x00007fff384a0000 - 0x00007fff39123000 	C:\Program Files\Android\Android Studio\jbr\bin\server\jvm.dll
0x00007fffb9cb0000 - 0x00007fffb9d62000 	C:\Windows\System32\ADVAPI32.dll
0x00007fffba920000 - 0x00007fffba9c8000 	C:\Windows\System32\sechost.dll
0x00007fffb92f0000 - 0x00007fffb9318000 	C:\Windows\System32\bcrypt.dll
0x00007fffb9d70000 - 0x00007fffb9e84000 	C:\Windows\System32\RPCRT4.dll
0x00007fffb9150000 - 0x00007fffb919d000 	C:\Windows\SYSTEM32\POWRPROF.dll
0x00007fffb1ae0000 - 0x00007fffb1b14000 	C:\Windows\SYSTEM32\WINMM.dll
0x00007fffb21a0000 - 0x00007fffb21aa000 	C:\Windows\SYSTEM32\VERSION.dll
0x00007fffb4880000 - 0x00007fffb4889000 	C:\Windows\SYSTEM32\WSOCK32.dll
0x00007fffbaca0000 - 0x00007fffbad11000 	C:\Windows\System32\WS2_32.dll
0x00007fffb9130000 - 0x00007fffb9143000 	C:\Windows\SYSTEM32\UMPDC.dll
0x00007fffb8290000 - 0x00007fffb82a8000 	C:\Windows\SYSTEM32\kernel.appcore.dll
0x00007fffaa0a0000 - 0x00007fffaa0aa000 	C:\Program Files\Android\Android Studio\jbr\bin\jimage.dll
0x00007fffaaa50000 - 0x00007fffaac82000 	C:\Windows\SYSTEM32\DBGHELP.DLL
0x00007fffbb010000 - 0x00007fffbb39e000 	C:\Windows\System32\combase.dll
0x00007fffbabc0000 - 0x00007fffbac97000 	C:\Windows\System32\OLEAUT32.dll
0x00007fffa02d0000 - 0x00007fffa0302000 	C:\Windows\SYSTEM32\dbgcore.DLL
0x00007fffb9b60000 - 0x00007fffb9bdb000 	C:\Windows\System32\bcryptPrimitives.dll
0x00007fff825c0000 - 0x00007fff825ce000 	C:\Program Files\Android\Android Studio\jbr\bin\instrument.dll
0x00007fff824a0000 - 0x00007fff824c5000 	C:\Program Files\Android\Android Studio\jbr\bin\java.dll
0x00007fff822e0000 - 0x00007fff822f8000 	C:\Program Files\Android\Android Studio\jbr\bin\zip.dll
0x00007fffbb500000 - 0x00007fffbbd69000 	C:\Windows\System32\SHELL32.dll
0x00007fffb71a0000 - 0x00007fffb7a9f000 	C:\Windows\SYSTEM32\windows.storage.dll
0x00007fffb7060000 - 0x00007fffb719f000 	C:\Windows\SYSTEM32\wintypes.dll
0x00007fffba9d0000 - 0x00007fffbaac9000 	C:\Windows\System32\SHCORE.dll
0x00007fffba8c0000 - 0x00007fffba91e000 	C:\Windows\System32\shlwapi.dll
0x00007fffb91b0000 - 0x00007fffb91d7000 	C:\Windows\SYSTEM32\profapi.dll
0x00007fff81230000 - 0x00007fff81249000 	C:\Program Files\Android\Android Studio\jbr\bin\net.dll
0x00007fffb2060000 - 0x00007fffb2196000 	C:\Windows\SYSTEM32\WINHTTP.dll
0x00007fffb86f0000 - 0x00007fffb8759000 	C:\Windows\system32\mswsock.dll
0x00007fff81210000 - 0x00007fff81226000 	C:\Program Files\Android\Android Studio\jbr\bin\nio.dll
0x00007fffa5070000 - 0x00007fffa5080000 	C:\Program Files\Android\Android Studio\jbr\bin\verify.dll
0x00007fff600c0000 - 0x00007fff600e7000 	C:\Users\lenovo\.gradle\native\c067742578af261105cb4f569cf0c3c89f3d7b1fecec35dd04571415982c5e48\windows-amd64\native-platform.dll
0x00007fff54c80000 - 0x00007fff54dc4000 	C:\Users\lenovo\.gradle\native\38dada09dfb8b06ba9b0570ebf7e218e3eb74d4ef43ca46872605cf95ebc2f47\windows-amd64\native-platform-file-events.dll
0x00007fffa9fb0000 - 0x00007fffa9fb9000 	C:\Program Files\Android\Android Studio\jbr\bin\management.dll
0x00007fffa60b0000 - 0x00007fffa60bb000 	C:\Program Files\Android\Android Studio\jbr\bin\management_ext.dll
0x00007fffbad20000 - 0x00007fffbad28000 	C:\Windows\System32\PSAPI.DLL
0x00007fffb8a40000 - 0x00007fffb8a5b000 	C:\Windows\SYSTEM32\CRYPTSP.dll
0x00007fffb81f0000 - 0x00007fffb8225000 	C:\Windows\system32\rsaenh.dll
0x00007fffb8790000 - 0x00007fffb87b8000 	C:\Windows\SYSTEM32\USERENV.dll
0x00007fffb8a20000 - 0x00007fffb8a2c000 	C:\Windows\SYSTEM32\CRYPTBASE.dll
0x00007fffb7d40000 - 0x00007fffb7d6d000 	C:\Windows\SYSTEM32\IPHLPAPI.DLL
0x00007fffbbd70000 - 0x00007fffbbd79000 	C:\Windows\System32\NSI.dll
0x00007fffb1ac0000 - 0x00007fffb1ad9000 	C:\Windows\SYSTEM32\dhcpcsvc6.DLL
0x00007fffb19e0000 - 0x00007fffb19ff000 	C:\Windows\SYSTEM32\dhcpcsvc.DLL
0x00007fffb7d70000 - 0x00007fffb7e72000 	C:\Windows\SYSTEM32\DNSAPI.dll
0x00007fffa2b20000 - 0x00007fffa2b28000 	C:\Windows\system32\wshunix.dll

dbghelp: loaded successfully - version: 4.0.5 - missing functions: none
symbol engine: initialized successfully - sym options: 0x614 - pdb path: .;C:\Program Files\Android\Android Studio\jbr\bin;C:\Windows\SYSTEM32;C:\Windows\WinSxS\amd64_microsoft.windows.common-controls_6595b64144ccf1df_6.0.22621.3672_none_2713b9d173822955;C:\Program Files\Android\Android Studio\jbr\bin\server;C:\Users\lenovo\.gradle\native\c067742578af261105cb4f569cf0c3c89f3d7b1fecec35dd04571415982c5e48\windows-amd64;C:\Users\lenovo\.gradle\native\38dada09dfb8b06ba9b0570ebf7e218e3eb74d4ef43ca46872605cf95ebc2f47\windows-amd64

VM Arguments:
jvm_args: --add-opens=java.base/java.util=ALL-UNNAMED --add-opens=java.base/java.lang=ALL-UNNAMED --add-opens=java.base/java.lang.invoke=ALL-UNNAMED --add-opens=java.prefs/java.util.prefs=ALL-UNNAMED --add-opens=java.base/java.nio.charset=ALL-UNNAMED --add-opens=java.base/java.net=ALL-UNNAMED --add-opens=java.base/java.util.concurrent.atomic=ALL-UNNAMED -Xmx2048m -Dfile.encoding=UTF-8 -Duser.country=ID -Duser.language=en -Duser.variant -javaagent:C:\Users\lenovo\.gradle\wrapper\dists\gradle-8.4-bin\1w5dpkrfk8irigvoxmyhowfim\gradle-8.4\lib\agents\gradle-instrumentation-agent-8.4.jar 
java_command: org.gradle.launcher.daemon.bootstrap.GradleDaemon 8.4
java_class_path (initial): C:\Users\lenovo\.gradle\wrapper\dists\gradle-8.4-bin\1w5dpkrfk8irigvoxmyhowfim\gradle-8.4\lib\gradle-launcher-8.4.jar
Launcher Type: SUN_STANDARD

[Global flags]
     intx CICompilerCount                          = 4                                         {product} {ergonomic}
     uint ConcGCThreads                            = 2                                         {product} {ergonomic}
     uint G1ConcRefinementThreads                  = 8                                         {product} {ergonomic}
   size_t G1HeapRegionSize                         = 1048576                                   {product} {ergonomic}
    uintx GCDrainStackTargetSize                   = 64                                        {product} {ergonomic}
   size_t InitialHeapSize                          = 266338304                                 {product} {ergonomic}
   size_t MarkStackSize                            = 4194304                                   {product} {ergonomic}
   size_t MaxHeapSize                              = 2147483648                                {product} {command line}
   size_t MaxNewSize                               = 1287651328                                {product} {ergonomic}
   size_t MinHeapDeltaBytes                        = 1048576                                   {product} {ergonomic}
   size_t MinHeapSize                              = 8388608                                   {product} {ergonomic}
    uintx NonNMethodCodeHeapSize                   = 5839372                                {pd product} {ergonomic}
    uintx NonProfiledCodeHeapSize                  = 122909434                              {pd product} {ergonomic}
    uintx ProfiledCodeHeapSize                     = 122909434                              {pd product} {ergonomic}
    uintx ReservedCodeCacheSize                    = 251658240                              {pd product} {ergonomic}
     bool SegmentedCodeCache                       = true                                      {product} {ergonomic}
   size_t SoftMaxHeapSize                          = 2147483648                             {manageable} {ergonomic}
     bool UseCompressedClassPointers               = true                           {product lp64_product} {ergonomic}
     bool UseCompressedOops                        = true                           {product lp64_product} {ergonomic}
     bool UseG1GC                                  = true                                      {product} {ergonomic}
     bool UseLargePagesIndividualAllocation        = false                                  {pd product} {ergonomic}

Logging:
Log output configuration:
 #0: stdout all=warning uptime,level,tags
 #1: stderr all=off uptime,level,tags

Environment Variables:
PATH=D:\bridging\dbhomeXE\bin;C:\Program Files\Common Files\Oracle\Java\javapath;C:\Windows\system32;C:\Windows;C:\Windows\System32\Wbem;C:\Windows\System32\WindowsPowerShell\v1.0\;C:\Windows\System32\OpenSSH\;C:\Program Files\Microsoft SQL Server\Client SDK\ODBC\170\Tools\Binn\;C:\Program Files (x86)\Microsoft SQL Server\160\DTS\Binn\;C:\Program Files (x86)\Microsoft SQL Server\150\Tools\Binn\;C:\Program Files\Microsoft SQL Server\150\Tools\Binn\;C:\Program Files (x86)\Microsoft SQL Server\150\DTS\Binn\;C:\Program Files\Microsoft SQL Server\150\DTS\Binn\;C:\Program Files\Azure Data Studio\bin;C:\Program Files (x86)\Windows Kits\10\Windows Performance Toolkit\;C:\Program Files\Git\cmd;C:\Program Files\dotnet\;C:\fultter\bin;E:\java\bin;C:\Program Files\nodejs\;C:\Users\lenovo\AppData\Local\Microsoft\WindowsApps;C:\Program Files\Azure Data Studio\bin;D:\Play Games\Microsoft VS Code\bin;C:\Users\lenovo\.dotnet\tools;C:\fultter\bin;C:\Program Files (x86)\Nmap;C:\Users\lenovo\AppData\Roaming\npm;D:\flutter\bin;
USERNAME=lenovo
OS=Windows_NT
PROCESSOR_IDENTIFIER=Intel64 Family 6 Model 142 Stepping 12, GenuineIntel
TMP=C:\Users\lenovo\AppData\Local\Temp
TEMP=C:\Users\lenovo\AppData\Local\Temp



Periodic native trim disabled

JNI global refs:
JNI global refs: 27, weak refs: 3

JNI global refs memory usage: 843, weak refs: 841

OOME stack traces (most recent first):
Classloader memory used:
Loader org.gradle.internal.classloader.VisitableURLClassLoader                         : 3491K
Loader bootstrap                                                                       : 2454K
Loader org.gradle.initialization.MixInLegacyTypesClassLoader                           : 1060K
Loader org.gradle.internal.classloader.VisitableURLClassLoader$InstrumentingVisitableURLClassLoader: 388K
Loader jdk.internal.loader.ClassLoaders$PlatformClassLoader                            : 65485B
Loader jdk.internal.loader.ClassLoaders$AppClassLoader                                 : 28453B
Loader jdk.internal.reflect.DelegatingClassLoader                                      : 25115B
Loader org.gradle.internal.classloader.VisitableURLClassLoader                         : 13642B

Classes loaded by more than one classloader:
Class Program                                                                         : loaded 4 times (x 72B)
Class com.google.common.collect.Iterators$MergingIterator                             : loaded 2 times (x 79B)
Class [Lcom.google.common.collect.AbstractMapEntry;                                   : loaded 2 times (x 67B)
Class com.google.common.collect.SingletonImmutableList                                : loaded 2 times (x 167B)
Class org.gradle.internal.classpath.ClassPath                                         : loaded 2 times (x 68B)
Class org.gradle.api.internal.classpath.DefaultModuleRegistry                         : loaded 2 times (x 84B)
Class Settings_gradle$1$1                                                             : loaded 2 times (x 72B)
Class com.google.common.collect.ListMultimap                                          : loaded 2 times (x 68B)
Class com.google.common.base.CharMatcher$JavaDigit                                    : loaded 2 times (x 109B)
Class com.google.common.base.CharMatcher$Digit                                        : loaded 2 times (x 110B)
Class com.google.common.collect.AbstractMultimap                                      : loaded 2 times (x 121B)
Class org.gradle.api.Action                                                           : loaded 2 times (x 68B)
Class com.google.common.collect.ImmutableEntry                                        : loaded 2 times (x 80B)
Class com.google.common.collect.Lists$StringAsImmutableList                           : loaded 2 times (x 167B)
Class com.google.common.base.CharMatcher                                              : loaded 2 times (x 109B)
Class com.google.common.base.CharMatcher$IsNot                                        : loaded 2 times (x 109B)
Class com.google.common.base.Splitter                                                 : loaded 2 times (x 70B)
Class com.google.common.collect.Iterators$ArrayItr                                    : loaded 2 times (x 95B)
Class org.gradle.api.internal.DefaultClassPathProvider                                : loaded 2 times (x 74B)
Class org.gradle.internal.installation.GradleInstallation$1                           : loaded 2 times (x 73B)
Class com.google.common.base.CharMatcher$BitSetMatcher                                : loaded 2 times (x 110B)
Class com.google.common.collect.ImmutableMap$IteratorBasedImmutableMap                : loaded 2 times (x 123B)
Class com.google.common.collect.ImmutableMap                                          : loaded 2 times (x 118B)
Class com.google.common.base.Converter                                                : loaded 2 times (x 88B)
Class com.google.common.collect.ImmutableSet$EmptySetBuilderImpl                      : loaded 2 times (x 74B)
Class com.google.common.base.Predicate                                                : loaded 2 times (x 68B)
Class org.gradle.internal.classloader.FilteringClassLoader                            : loaded 2 times (x 103B)
Class com.google.common.collect.RegularImmutableSet                                   : loaded 2 times (x 146B)
Class org.gradle.internal.classpath.DefaultClassPath$ImmutableUniqueList$Builder      : loaded 2 times (x 73B)
Class com.google.common.collect.Maps$8                                                : loaded 2 times (x 80B)
Class com.google.common.base.PatternCompiler                                          : loaded 2 times (x 68B)
Class com.google.common.base.CharMatcher$InRange                                      : loaded 2 times (x 109B)
Class com.google.common.collect.BiMap                                                 : loaded 2 times (x 68B)
Class com.google.common.collect.Lists                                                 : loaded 2 times (x 69B)
Class com.google.common.math.IntMath$1                                                : loaded 2 times (x 69B)
Class org.gradle.internal.classloader.ClassLoaderVisitor                              : loaded 2 times (x 74B)
Class com.google.common.math.MathPreconditions                                        : loaded 2 times (x 69B)
Class org.gradle.internal.service.DefaultServiceLocator                               : loaded 2 times (x 81B)
Class org.gradle.internal.service.UnknownServiceException                             : loaded 2 times (x 81B)
Class com.google.common.collect.ArrayListMultimap                                     : loaded 2 times (x 170B)
Class com.google.common.base.Strings                                                  : loaded 2 times (x 69B)
Class org.gradle.internal.classloader.DefaultClassLoaderFactory                       : loaded 2 times (x 80B)
Class com.google.common.collect.UnmodifiableIterator                                  : loaded 2 times (x 78B)
Class com.google.common.base.Platform$JdkPatternCompiler                              : loaded 2 times (x 73B)
Class com.google.common.base.CharMatcher$SingleWidth                                  : loaded 2 times (x 110B)
Class com.google.common.collect.Hashing                                               : loaded 2 times (x 69B)
Class com.google.common.base.JdkPattern                                               : loaded 2 times (x 73B)
Class com.google.common.collect.Multimap                                              : loaded 2 times (x 68B)
Class org.gradle.internal.classloader.VisitableURLClassLoader$Spec                    : loaded 2 times (x 72B)
Class org.gradle.api.GradleException                                                  : loaded 2 times (x 80B)
Class com.google.common.base.CharMatcher$JavaLetterOrDigit                            : loaded 2 times (x 109B)
Class org.gradle.api.internal.classpath.ModuleRegistry                                : loaded 2 times (x 68B)
Class com.google.common.collect.ImmutableCollection                                   : loaded 2 times (x 123B)
Class org.gradle.api.internal.ClassPathProvider                                       : loaded 2 times (x 68B)
Class com.google.common.collect.RegularImmutableMap$Values                            : loaded 2 times (x 167B)
Class org.gradle.internal.classloader.ClasspathUtil$1                                 : loaded 2 times (x 74B)
Class com.google.common.collect.ImmutableEnumMap                                      : loaded 2 times (x 123B)
Class com.google.common.collect.ImmutableList$ReverseImmutableList                    : loaded 2 times (x 168B)
Class org.gradle.internal.classloader.ClassLoaderFactory                              : loaded 2 times (x 68B)
Class com.google.common.collect.ObjectArrays                                          : loaded 2 times (x 69B)
Class com.google.common.collect.Iterators$10                                          : loaded 2 times (x 79B)
Class com.google.common.collect.ImmutableList                                         : loaded 2 times (x 166B)
Class org.gradle.api.internal.classpath.ManifestUtil                                  : loaded 2 times (x 69B)
Class org.gradle.api.specs.Spec                                                       : loaded 2 times (x 68B)
Class com.google.common.base.CharMatcher$Whitespace                                   : loaded 2 times (x 110B)
Class com.google.common.collect.Iterators$1                                           : loaded 2 times (x 79B)
Class com.google.common.collect.Iterators$4                                           : loaded 2 times (x 80B)
Class com.google.common.collect.RegularImmutableMap$BucketOverflowException           : loaded 2 times (x 80B)
Class com.google.common.collect.Iterators$5                                           : loaded 2 times (x 80B)
Class com.google.common.base.Preconditions                                            : loaded 2 times (x 69B)
Class com.google.common.base.Function                                                 : loaded 2 times (x 68B)
Class com.google.common.collect.Iterators$9                                           : loaded 2 times (x 79B)
Class org.gradle.internal.IoActions                                                   : loaded 2 times (x 69B)
Class com.google.common.collect.RegularImmutableMap$KeySet                            : loaded 2 times (x 148B)
Class com.google.common.collect.CollectPreconditions                                  : loaded 2 times (x 69B)
Class com.google.common.collect.Maps                                                  : loaded 2 times (x 69B)
Class com.google.common.collect.RegularImmutableMap                                   : loaded 2 times (x 119B)
Class com.google.common.collect.AbstractIndexedListIterator                           : loaded 2 times (x 94B)
Class com.google.common.base.CharMatcher$None                                         : loaded 2 times (x 110B)
Class org.gradle.api.internal.classpath.EffectiveClassPath                            : loaded 2 times (x 88B)
Class com.google.common.collect.UnmodifiableListIterator                              : loaded 2 times (x 93B)
Class com.google.common.collect.ImmutableList$1                                       : loaded 2 times (x 95B)
Class com.google.common.base.Splitter$Strategy                                        : loaded 2 times (x 68B)
Class com.google.common.collect.ImmutableMapEntrySet$RegularEntrySet                  : loaded 2 times (x 149B)
Class [Lcom.google.common.collect.ImmutableMapEntry;                                  : loaded 2 times (x 67B)
Class org.gradle.internal.installation.CurrentGradleInstallation                      : loaded 2 times (x 71B)
Class org.gradle.internal.agents.InstrumentingClassLoader                             : loaded 2 times (x 68B)
Class org.gradle.internal.installation.CurrentGradleInstallationLocator               : loaded 2 times (x 69B)
Class org.gradle.api.internal.classpath.Module                                        : loaded 2 times (x 68B)
Class com.google.common.base.Splitter$1$1                                             : loaded 2 times (x 84B)
Class com.google.common.collect.ImmutableSet$JdkBackedSetBuilderImpl                  : loaded 2 times (x 74B)
Class com.google.common.collect.ImmutableSet$RegularSetBuilderImpl                    : loaded 2 times (x 75B)
Class org.gradle.internal.service.CachingServiceLocator                               : loaded 2 times (x 80B)
Class [Lcom.google.common.collect.ImmutableEntry;                                     : loaded 2 times (x 67B)
Class org.gradle.internal.classpath.DefaultClassPath                                  : loaded 2 times (x 88B)
Class com.google.common.base.Splitter$SplittingIterator                               : loaded 2 times (x 82B)
Class Build_gradle$1                                                                  : loaded 2 times (x 76B)
Class com.google.common.base.CharMatcher$Is                                           : loaded 2 times (x 109B)
Class com.google.common.base.Platform                                                 : loaded 2 times (x 69B)
Class com.google.common.collect.RegularImmutableAsList                                : loaded 2 times (x 176B)
Class com.google.common.collect.PeekingIterator                                       : loaded 2 times (x 68B)
Class com.google.common.collect.ImmutableMapEntrySet                                  : loaded 2 times (x 149B)
Class com.google.common.collect.ImmutableBiMapFauxverideShim                          : loaded 2 times (x 118B)
Class org.gradle.internal.classloader.SystemClassLoaderSpec                           : loaded 2 times (x 69B)
Class com.google.common.collect.SingletonImmutableSet                                 : loaded 2 times (x 144B)
Class [Lcom.google.common.base.AbstractIterator$State;                                : loaded 2 times (x 67B)
Class com.google.common.collect.ImmutableMap$Builder                                  : loaded 2 times (x 80B)
Class com.google.common.base.AbstractIterator                                         : loaded 2 times (x 78B)
Class com.google.common.base.AbstractIterator$1                                       : loaded 2 times (x 69B)
Class com.google.common.collect.Iterators                                             : loaded 2 times (x 69B)
Class com.google.common.base.CharMatcher$1                                            : loaded 2 times (x 111B)
Class com.google.common.base.CharMatcher$Ascii                                        : loaded 2 times (x 110B)
Class org.gradle.api.UncheckedIOException                                             : loaded 2 times (x 80B)
Class com.google.common.base.CharMatcher$And                                          : loaded 2 times (x 110B)
Class com.google.common.collect.IndexedImmutableSet                                   : loaded 2 times (x 148B)
Class com.google.common.collect.AbstractListMultimap                                  : loaded 2 times (x 170B)
Class com.google.common.base.CharMatcher$Any                                          : loaded 2 times (x 110B)
Class org.gradle.internal.installation.GradleInstallation                             : loaded 2 times (x 73B)
Class com.google.common.collect.ArrayListMultimapGwtSerializationDependencies         : loaded 2 times (x 170B)
Class com.google.common.base.CharMatcher$RangesMatcher                                : loaded 2 times (x 110B)
Class com.google.common.collect.ImmutableList$SubList                                 : loaded 2 times (x 168B)
Class org.gradle.internal.classloader.ClasspathUtil                                   : loaded 2 times (x 69B)
Class com.google.common.base.Splitter$1                                               : loaded 2 times (x 75B)
Class com.google.common.collect.Maps$BiMapConverter                                   : loaded 2 times (x 88B)
Class org.gradle.api.internal.DefaultClassPathRegistry                                : loaded 2 times (x 74B)
Class com.google.common.collect.ImmutableSet$SetBuilderImpl                           : loaded 2 times (x 74B)
Class org.gradle.api.internal.classpath.DefaultModuleRegistry$DefaultModule           : loaded 2 times (x 84B)
Class com.google.common.base.CharMatcher$JavaIsoControl                               : loaded 2 times (x 110B)
Class com.google.common.collect.ImmutableMap$1                                        : loaded 2 times (x 79B)
Class com.google.common.base.CharMatcher$Or                                           : loaded 2 times (x 110B)
Class org.gradle.kotlin.dsl.VersionCatalogAccessorsKt                                 : loaded 2 times (x 69B)
Class com.google.common.collect.Iterables                                             : loaded 2 times (x 69B)
Class com.google.common.base.CharMatcher$JavaLowerCase                                : loaded 2 times (x 109B)
Class org.gradle.api.internal.classpath.UnknownModuleException                        : loaded 2 times (x 80B)
Class com.google.common.collect.Maps$EntryTransformer                                 : loaded 2 times (x 68B)
Class com.google.common.collect.ImmutableCollection$Builder                           : loaded 2 times (x 74B)
Class com.google.common.base.CommonPattern                                            : loaded 2 times (x 72B)
Class org.gradle.internal.service.ServiceLookupException                              : loaded 2 times (x 80B)
Class org.gradle.cache.GlobalCache                                                    : loaded 2 times (x 68B)
Class com.google.common.base.CharMatcher$NegatedFastMatcher                           : loaded 2 times (x 111B)
Class [Lorg.gradle.api.internal.ClassPathProvider;                                    : loaded 2 times (x 67B)
Class org.gradle.util.internal.GUtil                                                  : loaded 2 times (x 69B)
Class com.google.common.math.IntMath                                                  : loaded 2 times (x 69B)
Class com.google.common.collect.AbstractIterator                                      : loaded 2 times (x 80B)
Class org.gradle.internal.classloader.ClassLoaderSpec                                 : loaded 2 times (x 69B)
Class com.google.common.base.NullnessCasts                                            : loaded 2 times (x 69B)
Class com.google.common.collect.AbstractMapEntry                                      : loaded 2 times (x 79B)
Class com.google.common.base.CharMatcher$Negated                                      : loaded 2 times (x 111B)
Class com.google.common.collect.ImmutableSet$Builder                                  : loaded 2 times (x 83B)
Class com.google.common.base.CharMatcher$ForPredicate                                 : loaded 2 times (x 110B)
Class com.google.common.collect.ImmutableMap$MapViewOfValuesAsSingletonSets           : loaded 2 times (x 123B)
Class com.google.common.collect.SortedMapDifference                                   : loaded 2 times (x 68B)
Class org.gradle.internal.classloader.VisitableURLClassLoader                         : loaded 2 times (x 115B)
Class com.google.common.collect.ImmutableBiMap                                        : loaded 2 times (x 141B)
Class org.gradle.internal.Cast                                                        : loaded 2 times (x 69B)
Class Build_gradle                                                                    : loaded 2 times (x 70B)
Class org.gradle.api.internal.ClassPathRegistry                                       : loaded 2 times (x 68B)
Class com.google.common.collect.ImmutableSet                                          : loaded 2 times (x 143B)
Class org.gradle.internal.classloader.VisitableURLClassLoader$InstrumentingVisitableURLClassLoader: loaded 2 times (x 121B)
Class org.gradle.internal.classloader.ClassLoaderHierarchy                            : loaded 2 times (x 68B)
Class com.google.common.base.AbstractIterator$State                                   : loaded 2 times (x 77B)
Class com.google.common.base.CharMatcher$NamedFastMatcher                             : loaded 2 times (x 110B)
Class org.gradle.internal.InternalTransformer                                         : loaded 2 times (x 68B)
Class org.gradle.internal.service.ServiceLocator                                      : loaded 2 times (x 68B)
Class Settings_gradle$1                                                               : loaded 2 times (x 72B)
Class com.google.common.collect.ImmutableMapEntry                                     : loaded 2 times (x 83B)
Class com.google.common.base.CharMatcher$Invisible                                    : loaded 2 times (x 110B)
Class com.google.common.base.CharMatcher$FastMatcher                                  : loaded 2 times (x 109B)
Class org.gradle.internal.classpath.DefaultClassPath$ImmutableUniqueList              : loaded 2 times (x 159B)
Class com.google.common.base.CharMatcher$JavaLetter                                   : loaded 2 times (x 109B)
Class org.gradle.internal.classpath.TransformedClassPath                              : loaded 2 times (x 94B)
Class com.google.common.collect.MapDifference                                         : loaded 2 times (x 68B)
Class Settings_gradle                                                                 : loaded 2 times (x 126B)
Class com.google.common.collect.Platform                                              : loaded 2 times (x 69B)
Class com.google.common.collect.ImmutableAsList                                       : loaded 2 times (x 169B)
Class com.google.common.base.CharMatcher$AnyOf                                        : loaded 2 times (x 110B)
Class com.google.common.base.CharMatcher$IsEither                                     : loaded 2 times (x 109B)
Class com.google.common.collect.RegularImmutableList                                  : loaded 2 times (x 172B)
Class com.google.common.base.CharMatcher$JavaUpperCase                                : loaded 2 times (x 109B)
Class com.google.common.collect.Multiset                                              : loaded 2 times (x 68B)
Class com.google.common.collect.ImmutableSet$CachingAsList                            : loaded 2 times (x 145B)
Class com.google.common.collect.ImmutableMapEntry$NonTerminalImmutableMapEntry        : loaded 2 times (x 83B)
Class com.google.common.collect.AbstractMapBasedMultimap                              : loaded 2 times (x 137B)


---------------  S Y S T E M  ---------------

OS:
 Windows 11 , 64 bit Build 22621 (10.0.22621.3958)
OS uptime: 4 days 16:06 hours
Hyper-V role detected

CPU: total 8 (initial active 8) (4 cores per cpu, 2 threads per core) family 6 model 142 stepping 12 microcode 0xde, cx8, cmov, fxsr, ht, mmx, 3dnowpref, sse, sse2, sse3, ssse3, sse4.1, sse4.2, popcnt, lzcnt, tsc, tscinvbit, avx, avx2, aes, erms, clmul, bmi1, bmi2, adx, fma, vzeroupper, clflush, clflushopt, hv
Processor Information for all 8 processors :
  Max Mhz: 1992, Current Mhz: 796, Mhz Limit: 796

Memory: 4k page, system-wide physical 16163M (4441M free)
TotalPageFile size 41071M (AvailPageFile size 23M)
current process WorkingSet (physical memory assigned to process): 284M, peak: 293M
current process commit charge ("private bytes"): 327M, peak: 397M

vm_info: OpenJDK 64-Bit Server VM (17.0.9+0--11185874) for windows-amd64 JRE (17.0.9+0--11185874), built on Dec  6 2023 18:57:44 by "androidbuild" with MS VC++ 16.10 / 16.11 (VS2019)

END.
