#
# There is insufficient memory for the Java Runtime Environment to continue.
# Native memory allocation (mmap) failed to map 266338304 bytes for G1 virtual space
# Possible reasons:
#   The system is out of physical RAM or swap space
#   The process is running with CompressedOops enabled, and the Java Heap may be blocking the growth of the native heap
# Possible solutions:
#   Reduce memory load on the system
#   Increase physical memory or swap space
#   Check if swap backing store is full
#   Decrease Java heap size (-Xmx/-Xms)
#   Decrease number of Java threads
#   Decrease Java thread stack sizes (-Xss)
#   Set larger code cache with -XX:ReservedCodeCacheSize=
#   JVM is running with Zero Based Compressed Oops mode in which the Java heap is
#     placed in the first 32GB address space. The Java Heap base address is the
#     maximum limit for the native heap growth. Please use -XX:HeapBaseMinAddress
#     to set the Java Heap base and to place the Java Heap above 32GB virtual address.
# This output file may be truncated or incomplete.
#
#  Out of Memory Error (os_windows.cpp:3825), pid=10644, tid=24540
#
# JRE version:  (17.0.9) (build )
# Java VM: OpenJDK 64-Bit Server VM (17.0.9+0--11185874, mixed mode, sharing, tiered, compressed oops, compressed class ptrs, g1 gc, windows-amd64)
# No core dump will be written. Minidumps are not enabled by default on client versions of Windows
#

---------------  S U M M A R Y ------------

Command Line: org.jetbrains.kotlin.cli.jvm.K2JVMCompiler @C:\Users\lenovo\StudioProjects\FireBase\app\build\20250115_11250438945687357708.compiler.options

Host: Intel(R) Core(TM) i7-8565U CPU @ 1.80GHz, 8 cores, 15G,  Windows 11 , 64 bit Build 22621 (10.0.22621.3958)
Time: Wed Jan 15 10:03:30 2025 SE Asia Standard Time elapsed time: 0.020498 seconds (0d 0h 0m 0s)

---------------  T H R E A D  ---------------

Current thread (0x000001fe69f69e50):  JavaThread "Unknown thread" [_thread_in_vm, id=24540, stack(0x000000541b600000,0x000000541b700000)]

Stack: [0x000000541b600000,0x000000541b700000]
Native frames: (J=compiled Java code, j=interpreted, Vv=VM code, C=native code)
V  [jvm.dll+0x6886e9]
V  [jvm.dll+0x841e4a]
V  [jvm.dll+0x843a8e]
V  [jvm.dll+0x8440f3]
V  [jvm.dll+0x24c14f]
V  [jvm.dll+0x685499]
V  [jvm.dll+0x679c2a]
V  [jvm.dll+0x30cf9b]
V  [jvm.dll+0x314446]
V  [jvm.dll+0x36425e]
V  [jvm.dll+0x36448f]
V  [jvm.dll+0x2e2d68]
V  [jvm.dll+0x2e3cd4]
V  [jvm.dll+0x8129f1]
V  [jvm.dll+0x3720c1]
V  [jvm.dll+0x7f152c]
V  [jvm.dll+0x3f5d4f]
V  [jvm.dll+0x3f7981]
C  [jli.dll+0x528f]
C  [ucrtbase.dll+0x29333]
C  [KERNEL32.DLL+0x1257d]
C  [ntdll.dll+0x5af08]


---------------  P R O C E S S  ---------------

Threads class SMR info:
_java_thread_list=0x00007fffabb4ef18, length=0, elements={
}

Java Threads: ( => current thread )

Other Threads:
  0x000001fe69fd86f0 GCTaskThread "GC Thread#0" [stack: 0x000000541b700000,0x000000541b800000] [id=10648]
  0x000001fe69fe92d0 ConcurrentGCThread "G1 Main Marker" [stack: 0x000000541b800000,0x000000541b900000] [id=5100]
  0x000001fe69fe9cf0 ConcurrentGCThread "G1 Conc#0" [stack: 0x000000541b900000,0x000000541ba00000] [id=24140]

[error occurred during error reporting (printing all threads), id 0xc0000005, EXCEPTION_ACCESS_VIOLATION (0xc0000005) at pc=0x00007fffab303937]

VM state: not at safepoint (not fully initialized)

VM Mutex/Monitor currently owned by a thread:  ([mutex/lock_event])
[0x000001fe69f658b0] Heap_lock - owner thread: 0x000001fe69f69e50

Heap address: 0x0000000703600000, size: 4042 MB, Compressed Oops mode: Zero based, Oop shift amount: 3

CDS archive(s) mapped at: [0x0000000000000000-0x0000000000000000-0x0000000000000000), size 0, SharedBaseAddress: 0x0000000800000000, ArchiveRelocationMode: 1.
Narrow klass base: 0x0000000000000000, Narrow klass shift: 0, Narrow klass range: 0x0

GC Precious Log:
<Empty>

Heap:
 garbage-first heap   total 0K, used 0K [0x0000000703600000, 0x0000000800000000)
  region size 2048K, 0 young (0K), 0 survivors (0K)
 Metaspace       used 0K, committed 0K, reserved 0K
  class space    used 0K, committed 0K, reserved 0K

Heap Regions: E=young(eden), S=young(survivor), O=old, HS=humongous(starts), HC=humongous(continues), CS=collection set, F=free, OA=open archive, CA=closed archive, TAMS=top-at-mark-start (previous, next)

Card table byte_map: [0x000001fe7ee70000,0x000001fe7f660000] _byte_map_base: 0x000001fe7b655000

Marking Bits (Prev, Next): (CMBitMap*) 0x000001fe69fd8d10, (CMBitMap*) 0x000001fe69fd8d50
 Prev Bits: [0x000001fe00000000, 0x000001fe03f28000)
 Next Bits: [0x000001fe03f30000, 0x000001fe07e58000)

GC Heap History (0 events):
No events

Dll operation events (1 events):
Event: 0.012 Loaded shared library C:\Program Files\Android\Android Studio\jbr\bin\java.dll

Deoptimization events (0 events):
No events

Classes unloaded (0 events):
No events

Classes redefined (0 events):
No events

Internal exceptions (0 events):
No events

VM Operations (0 events):
No events

Events (0 events):
No events


Dynamic libraries:
0x00007ff63bd50000 - 0x00007ff63bd5a000 	C:\Program Files\Android\Android Studio\jbr\bin\java.exe
0x00007ff857170000 - 0x00007ff857387000 	C:\Windows\SYSTEM32\ntdll.dll
0x00007ff855570000 - 0x00007ff855634000 	C:\Windows\System32\KERNEL32.DLL
0x00007ff8545e0000 - 0x00007ff854997000 	C:\Windows\System32\KERNELBASE.dll
0x00007ff854ac0000 - 0x00007ff854bd1000 	C:\Windows\System32\ucrtbase.dll
0x00007ff8513f0000 - 0x00007ff85140b000 	C:\Program Files\Android\Android Studio\jbr\bin\VCRUNTIME140.dll
0x00007ff83f160000 - 0x00007ff83f177000 	C:\Program Files\Android\Android Studio\jbr\bin\jli.dll
0x00007ff855350000 - 0x00007ff8554ff000 	C:\Windows\System32\USER32.dll
0x00007ff854be0000 - 0x00007ff854c06000 	C:\Windows\System32\win32u.dll
0x00007ff83f210000 - 0x00007ff83f4a3000 	C:\Windows\WinSxS\amd64_microsoft.windows.common-controls_6595b64144ccf1df_6.0.22621.3672_none_2713b9d173822955\COMCTL32.dll
0x00007ff855ca0000 - 0x00007ff855cc9000 	C:\Windows\System32\GDI32.dll
0x00007ff8549a0000 - 0x00007ff854ab8000 	C:\Windows\System32\gdi32full.dll
0x00007ff856870000 - 0x00007ff856917000 	C:\Windows\System32\msvcrt.dll
0x00007ff854480000 - 0x00007ff85451a000 	C:\Windows\System32\msvcp_win.dll
0x00007ff856920000 - 0x00007ff856951000 	C:\Windows\System32\IMM32.DLL
0x00007ff8513e0000 - 0x00007ff8513ec000 	C:\Program Files\Android\Android Studio\jbr\bin\vcruntime140_1.dll
0x00007ff81b3a0000 - 0x00007ff81b42d000 	C:\Program Files\Android\Android Studio\jbr\bin\msvcp140.dll
0x00007fffab010000 - 0x00007fffabc93000 	C:\Program Files\Android\Android Studio\jbr\bin\server\jvm.dll
0x00007ff8551a0000 - 0x00007ff855252000 	C:\Windows\System32\ADVAPI32.dll
0x00007ff855640000 - 0x00007ff8556e8000 	C:\Windows\System32\sechost.dll
0x00007ff854e70000 - 0x00007ff854e98000 	C:\Windows\System32\bcrypt.dll
0x00007ff8556f0000 - 0x00007ff855804000 	C:\Windows\System32\RPCRT4.dll
0x00007ff854350000 - 0x00007ff85439d000 	C:\Windows\SYSTEM32\POWRPROF.dll
0x00007ff84ada0000 - 0x00007ff84ada9000 	C:\Windows\SYSTEM32\WSOCK32.dll
0x00007ff855260000 - 0x00007ff8552d1000 	C:\Windows\System32\WS2_32.dll
0x00007ff84dee0000 - 0x00007ff84df14000 	C:\Windows\SYSTEM32\WINMM.dll
0x00007ff84eb20000 - 0x00007ff84eb2a000 	C:\Windows\SYSTEM32\VERSION.dll
0x00007ff854330000 - 0x00007ff854343000 	C:\Windows\SYSTEM32\UMPDC.dll
0x00007ff853490000 - 0x00007ff8534a8000 	C:\Windows\SYSTEM32\kernel.appcore.dll
0x00007ff84ad90000 - 0x00007ff84ad9a000 	C:\Program Files\Android\Android Studio\jbr\bin\jimage.dll
0x00007ff843e20000 - 0x00007ff844052000 	C:\Windows\SYSTEM32\DBGHELP.DLL
0x00007ff856ca0000 - 0x00007ff85702e000 	C:\Windows\System32\combase.dll
0x00007ff8550c0000 - 0x00007ff855197000 	C:\Windows\System32\OLEAUT32.dll
0x00007ff83fc80000 - 0x00007ff83fcb2000 	C:\Windows\SYSTEM32\dbgcore.DLL
0x00007ff854df0000 - 0x00007ff854e6b000 	C:\Windows\System32\bcryptPrimitives.dll
0x00007ff84aa10000 - 0x00007ff84aa35000 	C:\Program Files\Android\Android Studio\jbr\bin\java.dll

dbghelp: loaded successfully - version: 4.0.5 - missing functions: none
symbol engine: initialized successfully - sym options: 0x614 - pdb path: .;C:\Program Files\Android\Android Studio\jbr\bin;C:\Windows\SYSTEM32;C:\Windows\WinSxS\amd64_microsoft.windows.common-controls_6595b64144ccf1df_6.0.22621.3672_none_2713b9d173822955;C:\Program Files\Android\Android Studio\jbr\bin\server

VM Arguments:
java_command: org.jetbrains.kotlin.cli.jvm.K2JVMCompiler @C:\Users\lenovo\StudioProjects\FireBase\app\build\20250115_11250438945687357708.compiler.options
java_class_path (initial): C:\Users\lenovo\.gradle\caches\modules-2\files-2.1\org.jetbrains.kotlin\kotlin-compiler-embeddable\1.9.0\2c8c3a7402becca891f12739b3e9fd2dc2adbd7a\kotlin-compiler-embeddable-1.9.0.jar;C:\Users\lenovo\.gradle\caches\modules-2\files-2.1\org.jetbrains.kotlin\kotlin-stdlib\1.9.0\8ee15ef0c67dc83d874f412d84378d7f0eb50b63\kotlin-stdlib-1.9.0.jar;C:\Users\lenovo\.gradle\caches\modules-2\files-2.1\org.jetbrains.kotlin\kotlin-script-runtime\1.9.0\4b3102cbbb7e1b58d9d1adf89563f00069ffa7d1\kotlin-script-runtime-1.9.0.jar;C:\Users\lenovo\.gradle\caches\modules-2\files-2.1\org.jetbrains.kotlin\kotlin-reflect\1.6.10\1cbe9c92c12a94eea200d23c2bbaedaf3daf5132\kotlin-reflect-1.6.10.jar;C:\Users\lenovo\.gradle\caches\modules-2\files-2.1\org.jetbrains.kotlin\kotlin-daemon-embeddable\1.9.0\186543f5e28cf8d9a0290fecc2cf34301c40a65c\kotlin-daemon-embeddable-1.9.0.jar;C:\Users\lenovo\.gradle\caches\modules-2\files-2.1\org.jetbrains.intellij.deps\trove4j\1.0.20200330\3afb14d5f9ceb459d724e907a21145e8ff394f02\trove4j-1.0.20200330.jar;C:\Users\lenovo\.gradle\caches\modules-2\files-2.1\org.jetbrains.kotlin\kotlin-stdlib-common\1.9.0\cd65c21cfd1eec4d44ef09f9f52b6d9f8a720636\kotlin-stdlib-common-1.9.0.jar;C:\Users\lenovo\.gradle\caches\modules-2\files-2.1\org.jetbrains\annotations\13.0\919f0dfe192fb4e063e7dacadee7f8bb9a2672a9\annotations-13.0.jar
Launcher Type: SUN_STANDARD

[Global flags]
     intx CICompilerCount                          = 4                                         {product} {ergonomic}
     uint ConcGCThreads                            = 2                                         {product} {ergonomic}
     uint G1ConcRefinementThreads                  = 8                                         {product} {ergonomic}
   size_t G1HeapRegionSize                         = 2097152                                   {product} {ergonomic}
    uintx GCDrainStackTargetSize                   = 64                                        {product} {ergonomic}
   size_t InitialHeapSize                          = 266338304                                 {product} {ergonomic}
   size_t MarkStackSize                            = 4194304                                   {product} {ergonomic}
   size_t MaxHeapSize                              = 4238344192                                {product} {ergonomic}
   size_t MinHeapDeltaBytes                        = 2097152                                   {product} {ergonomic}
   size_t MinHeapSize                              = 8388608                                   {product} {ergonomic}
    uintx NonNMethodCodeHeapSize                   = 5839372                                {pd product} {ergonomic}
    uintx NonProfiledCodeHeapSize                  = 122909434                              {pd product} {ergonomic}
    uintx ProfiledCodeHeapSize                     = 122909434                              {pd product} {ergonomic}
    uintx ReservedCodeCacheSize                    = 251658240                              {pd product} {ergonomic}
     bool SegmentedCodeCache                       = true                                      {product} {ergonomic}
   size_t SoftMaxHeapSize                          = 4238344192                             {manageable} {ergonomic}
     bool UseCompressedClassPointers               = true                           {product lp64_product} {ergonomic}
     bool UseCompressedOops                        = true                           {product lp64_product} {ergonomic}
     bool UseG1GC                                  = true                                      {product} {ergonomic}
     bool UseLargePagesIndividualAllocation        = false                                  {pd product} {ergonomic}

Logging:
Log output configuration:
 #0: stdout all=warning uptime,level,tags
 #1: stderr all=off uptime,level,tags

Environment Variables:
PATH=D:\bridging\dbhomeXE\bin;C:\Program Files\Common Files\Oracle\Java\javapath;C:\Windows\system32;C:\Windows;C:\Windows\System32\Wbem;C:\Windows\System32\WindowsPowerShell\v1.0\;C:\Windows\System32\OpenSSH\;C:\Program Files\Microsoft SQL Server\Client SDK\ODBC\170\Tools\Binn\;C:\Program Files (x86)\Microsoft SQL Server\160\DTS\Binn\;C:\Program Files (x86)\Microsoft SQL Server\150\Tools\Binn\;C:\Program Files\Microsoft SQL Server\150\Tools\Binn\;C:\Program Files (x86)\Microsoft SQL Server\150\DTS\Binn\;C:\Program Files\Microsoft SQL Server\150\DTS\Binn\;C:\Program Files\Azure Data Studio\bin;C:\Program Files (x86)\Windows Kits\10\Windows Performance Toolkit\;C:\Program Files\Git\cmd;C:\Program Files\dotnet\;C:\fultter\bin;E:\java\bin;C:\Program Files\nodejs\;C:\Users\lenovo\AppData\Local\Microsoft\WindowsApps;C:\Program Files\Azure Data Studio\bin;D:\Play Games\Microsoft VS Code\bin;C:\Users\lenovo\.dotnet\tools;C:\fultter\bin;C:\Program Files (x86)\Nmap;C:\Users\lenovo\AppData\Roaming\npm;D:\flutter\bin;
USERNAME=lenovo
OS=Windows_NT
PROCESSOR_IDENTIFIER=Intel64 Family 6 Model 142 Stepping 12, GenuineIntel
TMP=C:\Users\lenovo\AppData\Local\Temp
TEMP=C:\Users\lenovo\AppData\Local\Temp



Periodic native trim disabled

JNI global refs:
JNI global refs: 0, weak refs: 0

JNI global refs memory usage: 0, weak refs: 0

OOME stack traces (most recent first):
Classloader memory used:


---------------  S Y S T E M  ---------------

OS:
 Windows 11 , 64 bit Build 22621 (10.0.22621.3958)
OS uptime: 2 days 11:17 hours
Hyper-V role detected

CPU: total 8 (initial active 8) (4 cores per cpu, 2 threads per core) family 6 model 142 stepping 12 microcode 0xde, cx8, cmov, fxsr, ht, mmx, 3dnowpref, sse, sse2, sse3, ssse3, sse4.1, sse4.2, popcnt, lzcnt, tsc, tscinvbit, avx, avx2, aes, erms, clmul, bmi1, bmi2, adx, fma, vzeroupper, clflush, clflushopt, hv
Processor Information for all 8 processors :
  Max Mhz: 1992, Current Mhz: 796, Mhz Limit: 796

Memory: 4k page, system-wide physical 16163M (2176M free)
TotalPageFile size 41071M (AvailPageFile size 235M)
current process WorkingSet (physical memory assigned to process): 11M, peak: 11M
current process commit charge ("private bytes"): 60M, peak: 314M

vm_info: OpenJDK 64-Bit Server VM (17.0.9+0--11185874) for windows-amd64 JRE (17.0.9+0--11185874), built on Dec  6 2023 18:57:44 by "androidbuild" with MS VC++ 16.10 / 16.11 (VS2019)

END.
